{"@t":"2023-06-08T18:05:25.8716917Z","@mt":"Seq {SeqVersion} running on OS {OSCaption}","SeqVersion":"2023.1.9229","OSCaption":"Linux 5.10.16.3-microsoft-standard-WSL2 #1 SMP Fri Apr 2 22:23:49 UTC 2021","SourceContext":"Seq.Server.Features.Diagnostics.EnvironmentInformationWriter"}
{"@t":"2023-06-08T18:05:25.9467698Z","@mt":"Seq detected {TotalRAM} MB of RAM","TotalRAM":12884.56192,"SourceContext":"Seq.Server.Features.Diagnostics.EnvironmentInformationWriter"}
{"@t":"2023-06-08T18:05:26.4906742Z","@mt":"Opening event store at {StreamPath}","StreamPath":"/data/Stream/stream.flare","SourceContext":"Seq.Engine.Cluster.StorageNodeCoordinator"}
{"@t":"2023-06-08T18:05:26.6019242Z","@mt":"Ingestion enabled","SourceContext":"Seq.Engine.Cluster.StorageNodeCoordinator"}
{"@t":"2023-06-08T18:05:26.6251606Z","@mt":"Opening metastore {MetastorePath}","MetastorePath":"/data/Documents/metastore.flare","SourceContext":"Quince.Storage.Native.NativeDocumentStore"}
{"@t":"2023-06-08T18:05:26.7430302Z","@mt":"Storage subsystem available"}
{"@t":"2023-06-08T18:05:26.8465346Z","@mt":"Seq listening on {ListenUris}","ListenUris":["http://localhost/","https://localhost/","http://localhost:5341/","https://localhost:45341/"]}
{"@t":"2023-06-08T18:06:26.9087480Z","@mt":"{CollectionCount} more generation 2 garbage collection(s) occurred","CollectionCount":0,"SourceContext":"Seq.Server.Features.Diagnostics.GCLogger"}
{"@t":"2023-06-08T18:10:26.9049154Z","@mt":"Metrics sampled","SystemMemoryUtilization":0.0860958563347104,"ProcessWorkingSetBytes":150831104,"ProcessCpuPercentage":0,"GCTotalHeapSizeBytes":0,"GCTotalFragmentedBytes":0,"GCPauseTimePercentage":0,"ProcessThreads":34,"ArrivedEventsPerMinute":0,"IngestedEventsPerMinute":0,"IngestedBytesPerMinute":0,"InvalidPayloadsPerMinute":0,"UnauthorizedPayloadsPerMinute":0,"TotalWriteTimeLastMinute":0,"BroadcastQueueCount":0,"BroadcastSubscriptionQueuesAggregateCount":0}
{"@t":"2023-06-08T18:15:26.8991017Z","@mt":"Applying {Count} retention policies","Count":0,"SourceContext":"Seq.Server.Features.Retention.RetentionPolicyApplier"}
{"@t":"2023-06-08T18:15:26.9013077Z","@mt":"Retention processing and compaction took {Elapsed} ms; allocating {Allocation} ms for indexing","Elapsed":3.0464,"Allocation":599996.9536}
{"@t":"2023-06-08T18:15:26.9018482Z","@mt":"Beginning indexing","SourceContext":"Seq.Server.Features.Indexing.EventStoreIndexer"}
{"@t":"2023-06-08T18:15:26.9060104Z","@mt":"Metrics sampled","SystemMemoryUtilization":0.09945305334835941,"ProcessWorkingSetBytes":155693056,"ProcessCpuPercentage":0.07333352644495297,"GCTotalHeapSizeBytes":0,"GCTotalFragmentedBytes":0,"GCPauseTimePercentage":0,"ProcessThreads":34,"ArrivedEventsPerMinute":0,"IngestedEventsPerMinute":0,"IngestedBytesPerMinute":0,"InvalidPayloadsPerMinute":0,"UnauthorizedPayloadsPerMinute":0,"TotalWriteTimeLastMinute":0,"BroadcastQueueCount":0,"BroadcastSubscriptionQueuesAggregateCount":0}
{"@t":"2023-06-08T18:15:26.9789466Z","@mt":"Wrote {IndexSetCount} index sets in {Elapsed:0.000} ms","@r":["76.000"],"IndexSetCount":0,"Elapsed":76,"SourceContext":"Seq.Server.Features.Indexing.EventStoreIndexer"}
{"@t":"2023-06-08T18:15:26.9797256Z","@mt":"Indexing took {Elapsed} ms; total iteration time was {Iteration} ms","Elapsed":78,"Iteration":81.1363}
{"@t":"2023-06-08T18:20:26.9091679Z","@mt":"Metrics sampled","SystemMemoryUtilization":0.10596300599718023,"ProcessWorkingSetBytes":183054336,"ProcessCpuPercentage":0.46332880583868563,"GCTotalHeapSizeBytes":0,"GCTotalFragmentedBytes":0,"GCPauseTimePercentage":0,"ProcessThreads":34,"ArrivedEventsPerMinute":0,"IngestedEventsPerMinute":0,"IngestedBytesPerMinute":0,"InvalidPayloadsPerMinute":0,"UnauthorizedPayloadsPerMinute":0,"TotalWriteTimeLastMinute":0,"BroadcastQueueCount":0,"BroadcastSubscriptionQueuesAggregateCount":0}
{"@t":"2023-06-08T18:25:26.8948954Z","@mt":"Applying {Count} retention policies","Count":0,"SourceContext":"Seq.Server.Features.Retention.RetentionPolicyApplier"}
{"@t":"2023-06-08T18:25:26.8954872Z","@mt":"Retention processing and compaction took {Elapsed} ms; allocating {Allocation} ms for indexing","Elapsed":0.6124,"Allocation":599999.3876}
{"@t":"2023-06-08T18:25:26.8958359Z","@mt":"Beginning indexing","SourceContext":"Seq.Server.Features.Indexing.EventStoreIndexer"}
{"@t":"2023-06-08T18:25:26.9060107Z","@mt":"Wrote {IndexSetCount} index sets in {Elapsed:0.000} ms","@r":["9.000"],"IndexSetCount":0,"Elapsed":9,"SourceContext":"Seq.Server.Features.Indexing.EventStoreIndexer"}
{"@t":"2023-06-08T18:25:26.9062207Z","@mt":"Indexing took {Elapsed} ms; total iteration time was {Iteration} ms","Elapsed":10,"Iteration":10.9939}
{"@t":"2023-06-08T18:25:26.9067634Z","@mt":"Metrics sampled","SystemMemoryUtilization":0.10847886522477901,"ProcessWorkingSetBytes":187346944,"ProcessCpuPercentage":0.12333424588341863,"GCTotalHeapSizeBytes":0,"GCTotalFragmentedBytes":0,"GCPauseTimePercentage":0,"ProcessThreads":34,"ArrivedEventsPerMinute":0,"IngestedEventsPerMinute":0,"IngestedBytesPerMinute":0,"InvalidPayloadsPerMinute":0,"UnauthorizedPayloadsPerMinute":0,"TotalWriteTimeLastMinute":0,"BroadcastQueueCount":0,"BroadcastSubscriptionQueuesAggregateCount":0}
{"@t":"2023-06-08T18:30:26.9089177Z","@mt":"Metrics sampled","SystemMemoryUtilization":0.11137842954306665,"ProcessWorkingSetBytes":190500864,"ProcessCpuPercentage":0.06999951835664736,"GCTotalHeapSizeBytes":0,"GCTotalFragmentedBytes":0,"GCPauseTimePercentage":0,"ProcessThreads":33,"ArrivedEventsPerMinute":0,"IngestedEventsPerMinute":0,"IngestedBytesPerMinute":0,"InvalidPayloadsPerMinute":0,"UnauthorizedPayloadsPerMinute":0,"TotalWriteTimeLastMinute":0,"BroadcastQueueCount":0,"BroadcastSubscriptionQueuesAggregateCount":0}
{"@t":"2023-06-08T18:35:26.8991224Z","@mt":"Applying {Count} retention policies","Count":0,"SourceContext":"Seq.Server.Features.Retention.RetentionPolicyApplier"}
{"@t":"2023-06-08T18:35:26.8995278Z","@mt":"Retention processing and compaction took {Elapsed} ms; allocating {Allocation} ms for indexing","Elapsed":0.4322,"Allocation":599999.5678}
{"@t":"2023-06-08T18:35:26.8997818Z","@mt":"Beginning indexing","SourceContext":"Seq.Server.Features.Indexing.EventStoreIndexer"}
{"@t":"2023-06-08T18:35:26.9230266Z","@mt":"Wrote {IndexSetCount} index sets in {Elapsed:0.000} ms","@r":["23.000"],"IndexSetCount":0,"Elapsed":23,"SourceContext":"Seq.Server.Features.Indexing.EventStoreIndexer"}
{"@t":"2023-06-08T18:35:26.9235901Z","@mt":"Indexing took {Elapsed} ms; total iteration time was {Iteration} ms","Elapsed":23,"Iteration":24.2359}
{"@t":"2023-06-08T18:35:26.9060187Z","@mt":"Metrics sampled","SystemMemoryUtilization":0.11625183388462457,"ProcessWorkingSetBytes":224706560,"ProcessCpuPercentage":0.09999534498181695,"GCTotalHeapSizeBytes":0,"GCTotalFragmentedBytes":0,"GCPauseTimePercentage":0,"ProcessThreads":34,"ArrivedEventsPerMinute":0,"IngestedEventsPerMinute":0,"IngestedBytesPerMinute":0,"InvalidPayloadsPerMinute":0,"UnauthorizedPayloadsPerMinute":0,"TotalWriteTimeLastMinute":0,"BroadcastQueueCount":0,"BroadcastSubscriptionQueuesAggregateCount":0}
{"@t":"2023-06-08T18:40:26.9042441Z","@mt":"Metrics sampled","SystemMemoryUtilization":0.11874003582731041,"ProcessWorkingSetBytes":225636352,"ProcessCpuPercentage":0.056670096257758755,"GCTotalHeapSizeBytes":0,"GCTotalFragmentedBytes":0,"GCPauseTimePercentage":0,"ProcessThreads":33,"ArrivedEventsPerMinute":0,"IngestedEventsPerMinute":0,"IngestedBytesPerMinute":0,"InvalidPayloadsPerMinute":0,"UnauthorizedPayloadsPerMinute":0,"TotalWriteTimeLastMinute":0,"BroadcastQueueCount":0,"BroadcastSubscriptionQueuesAggregateCount":0}
{"@t":"2023-06-08T18:45:26.8973823Z","@mt":"Applying {Count} retention policies","Count":0,"SourceContext":"Seq.Server.Features.Retention.RetentionPolicyApplier"}
{"@t":"2023-06-08T18:45:26.8977936Z","@mt":"Retention processing and compaction took {Elapsed} ms; allocating {Allocation} ms for indexing","Elapsed":0.4401,"Allocation":599999.5599}
{"@t":"2023-06-08T18:45:26.8980240Z","@mt":"Beginning indexing","SourceContext":"Seq.Server.Features.Indexing.EventStoreIndexer"}
{"@t":"2023-06-08T18:45:26.9042633Z","@mt":"Metrics sampled","SystemMemoryUtilization":0.11915712039979087,"ProcessWorkingSetBytes":226009088,"ProcessCpuPercentage":0.06333338934116065,"GCTotalHeapSizeBytes":0,"GCTotalFragmentedBytes":0,"GCPauseTimePercentage":0,"ProcessThreads":35,"ArrivedEventsPerMinute":0,"IngestedEventsPerMinute":0,"IngestedBytesPerMinute":0,"InvalidPayloadsPerMinute":0,"UnauthorizedPayloadsPerMinute":0,"TotalWriteTimeLastMinute":0,"BroadcastQueueCount":0,"BroadcastSubscriptionQueuesAggregateCount":0}
{"@t":"2023-06-08T18:45:26.9087746Z","@mt":"Wrote {IndexSetCount} index sets in {Elapsed:0.000} ms","@r":["10.000"],"IndexSetCount":0,"Elapsed":10,"SourceContext":"Seq.Server.Features.Indexing.EventStoreIndexer"}
{"@t":"2023-06-08T18:45:26.9090695Z","@mt":"Indexing took {Elapsed} ms; total iteration time was {Iteration} ms","Elapsed":11,"Iteration":11.4828}
{"@t":"2023-06-08T18:50:26.9195113Z","@mt":"Metrics sampled","SystemMemoryUtilization":0.11931161971551141,"ProcessWorkingSetBytes":226041856,"ProcessCpuPercentage":0.05666370608246337,"GCTotalHeapSizeBytes":0,"GCTotalFragmentedBytes":0,"GCPauseTimePercentage":0,"ProcessThreads":33,"ArrivedEventsPerMinute":0,"IngestedEventsPerMinute":0,"IngestedBytesPerMinute":0,"InvalidPayloadsPerMinute":0,"UnauthorizedPayloadsPerMinute":0,"TotalWriteTimeLastMinute":0,"BroadcastQueueCount":0,"BroadcastSubscriptionQueuesAggregateCount":0}
{"@t":"2023-06-08T18:55:26.9055353Z","@mt":"Applying {Count} retention policies","Count":0,"SourceContext":"Seq.Server.Features.Retention.RetentionPolicyApplier"}
{"@t":"2023-06-08T18:55:26.9060189Z","@mt":"Retention processing and compaction took {Elapsed} ms; allocating {Allocation} ms for indexing","Elapsed":0.5102,"Allocation":599999.4898}
{"@t":"2023-06-08T18:55:26.9062446Z","@mt":"Beginning indexing","SourceContext":"Seq.Server.Features.Indexing.EventStoreIndexer"}
{"@t":"2023-06-08T18:55:26.9154582Z","@mt":"Wrote {IndexSetCount} index sets in {Elapsed:0.000} ms","@r":["9.000"],"IndexSetCount":0,"Elapsed":9,"SourceContext":"Seq.Server.Features.Indexing.EventStoreIndexer"}
{"@t":"2023-06-08T18:55:26.9156868Z","@mt":"Indexing took {Elapsed} ms; total iteration time was {Iteration} ms","Elapsed":9,"Iteration":9.9505}
{"@t":"2023-06-08T18:55:26.9175433Z","@mt":"Metrics sampled","SystemMemoryUtilization":0.11944036914527867,"ProcessWorkingSetBytes":226361344,"ProcessCpuPercentage":0.053333778652607154,"GCTotalHeapSizeBytes":0,"GCTotalFragmentedBytes":0,"GCPauseTimePercentage":0,"ProcessThreads":33,"ArrivedEventsPerMinute":0,"IngestedEventsPerMinute":0,"IngestedBytesPerMinute":0,"InvalidPayloadsPerMinute":0,"UnauthorizedPayloadsPerMinute":0,"TotalWriteTimeLastMinute":0,"BroadcastQueueCount":0,"BroadcastSubscriptionQueuesAggregateCount":0}
{"@t":"2023-06-08T19:00:26.9169957Z","@mt":"Metrics sampled","SystemMemoryUtilization":0.11970104700307882,"ProcessWorkingSetBytes":227700736,"ProcessCpuPercentage":0.053333399342303925,"GCTotalHeapSizeBytes":0,"GCTotalFragmentedBytes":0,"GCPauseTimePercentage":0,"ProcessThreads":33,"ArrivedEventsPerMinute":0,"IngestedEventsPerMinute":0,"IngestedBytesPerMinute":0,"InvalidPayloadsPerMinute":0,"UnauthorizedPayloadsPerMinute":0,"TotalWriteTimeLastMinute":0,"BroadcastQueueCount":0,"BroadcastSubscriptionQueuesAggregateCount":0}
{"@t":"2023-06-08T19:05:26.9052812Z","@mt":"Applying {Count} retention policies","Count":0,"SourceContext":"Seq.Server.Features.Retention.RetentionPolicyApplier"}
{"@t":"2023-06-08T19:05:26.9057334Z","@mt":"Retention processing and compaction took {Elapsed} ms; allocating {Allocation} ms for indexing","Elapsed":0.4761,"Allocation":599999.5239}
{"@t":"2023-06-08T19:05:26.9059282Z","@mt":"Beginning indexing","SourceContext":"Seq.Server.Features.Indexing.EventStoreIndexer"}
{"@t":"2023-06-08T19:05:26.9007217Z","@mt":"Native storage metrics sampled","ABI_INTERNAL_ERROR":0,"ABI_IO_ERROR":0,"ABI_PANIC":0,"CHANNEL_RECEIVE":0,"CHANNEL_SEND":0,"CHANNEL_SEND_BACKPRESSURE":0,"DELETE_ABANDON":0,"DELETE_BEGIN":0,"DELETE_COMPLETE":0,"DELETE_CORRUPTED_EVENT":0,"DELETE_CORRUPTED_REGION":0,"DELETE_EXCLUDE_EVENT":0,"DELETE_SKIP_SPAN":0,"DOC_COLL_CHECKPOINT":0,"DOC_COLL_CREATE":0,"DOC_COLL_KVS_REMOVE":0,"DOC_COLL_READ_BEGIN":1,"DOC_COLL_READ_COMPLETE":1,"DOC_COLL_REMOVE":0,"DOC_COLL_WRITE_ABORT":0,"DOC_COLL_WRITE_BEGIN":0,"DOC_COLL_WRITE_COMMIT":0,"DOC_COLL_WRITE_RECORD_DELETE":0,"DOC_COLL_WRITE_RECORD_SET":0,"INDEX_SET_CREATE":0,"INDEX_SET_LOAD":0,"INDEX_SET_MISSING_INDEX_LOOKUP":0,"INDEX_SET_REMOVE":0,"INDEXER_ABORT":0,"INDEXER_BEGIN_NEW":0,"INDEXER_BEGIN_OUTDATED":0,"INDEXER_COALESCED_GEN0":0,"INDEXER_COALESCED_GEN1":0,"INDEXER_COMMIT":0,"INDEXER_CORRUPTED_REGION":0,"INDEXER_INVALID_DEFINITIONS_LAST_UPDATE":0,"INGEST_BUF_CACHE_EVENT_FROM_DISK":0,"INGEST_BUF_CACHE_EVENT_INCOMING":0,"INGEST_BUF_CREATE":0,"INGEST_BUF_READ":4,"INGEST_BUF_READ_TRUNCATED":0,"INGEST_BUF_REMOVE":0,"INGEST_BUF_WRITE_EVENT":0,"KERNEL_MVCC_NEXT_DATA_GENERATION":0,"KERNEL_MVCC_NEXT_WRITE_GENERATION":0,"KERNEL_MVCC_WORK_LAST_ADVANCE":0,"KERNEL_MVCC_WORK_LAST_DEFER":0,"KEYVALUES_READ_TRUNCATED":0,"LEAD_TRANSACTION_DIRTY_COMPLETE":0,"MAINTENANCE_TRANSACTION_BEGIN":5,"MAINTENANCE_TRANSACTION_COMPLETE":5,"MAINTENANCE_TRANSACTION_DIRTY_COMPLETE":0,"MEMORY_CONTROLLER_ENTER_SAFE_MODE":0,"MEMORY_CONTROLLER_EXTEND_SAFE_MODE":0,"MEMORY_CONTROLLER_LEAVE_SAFE_MODE":0,"MEMORY_CONTROLLER_RELEASE_TRACKED_MEMORY":0,"MEMORY_MONITOR_LAST_DANGER_TRACKED_BYTES":0,"MEMORY_MONITOR_STATUS_CRITICAL":0,"MEMORY_MONITOR_STATUS_DANGER":0,"MEMORY_MONITOR_STATUS_NORMAL":0,"MEMORY_MONITOR_TERMINATE_PANIC":0,"MEMORY_PLATFORM_LAST_UTILIZATION":0,"MEMORY_PLATFORM_LIMIT_BYTES":0,"MEMORY_PLATFORM_SAMPLE_FAILED":4,"MEMORY_PLATFORM_TOTAL_BYTES":0,"NAMESPACE_CLOSE":0,"NAMESPACE_CREATE":4,"NAMESPACE_OBJECT_FIND_BY_NAME":368,"NAMESPACE_OBJECT_GET_BY_ID":372,"NAMESPACE_OBJECT_GET_CAPABILITY":15,"NAMESPACE_OBJECT_QUERY_CAPABILITY":171,"NAMESPACE_OBJECT_REGISTER":48,"NAMESPACE_OBJECT_UNREGISTER":0,"NET_INCOMING_COMPLETED":0,"NET_INCOMING_ESTABLISHED":0,"NET_INCOMING_FAILED":0,"NET_INCOMING_INVALID_KEY":0,"NET_INCOMING_NOT_ESTABLISHED":0,"NET_INCOMING_SOCKET_ACCEPTED":0,"NODE_MESSAGE_BYTES_RECEIVED":0,"NODE_MESSAGE_BYTES_SENT":0,"NODE_MESSAGE_RECEIVED":0,"NODE_MESSAGE_SENT":0,"QUERY_EXECUTE_BEGIN":61,"QUERY_EXECUTE_END_CANCEL":0,"QUERY_EXECUTE_END_DONE":60,"QUERY_EXECUTE_END_PARTIAL":1,"QUERY_EXECUTE_RESUME_ERROR":0,"QUERY_SCHEDULE_DELETE_RECORDS":0,"QUERY_SCHEDULE_EXECUTE_PROCEDURE":5,"QUERY_SCHEDULE_READ_PARTITION_COMPUTE":0,"QUERY_SCHEDULE_READ_PARTITION_FROM_CACHE":0,"QUERY_SCHEDULE_READ_PARTITION_POPULATE_CACHE":0,"QUERY_SCHEDULE_READ_RECORDS":57,"QUERY_SCHEDULE_READ_RECORDS_FALLBACK":0,"QUERY_SCHEDULE_READ_RECORDS_PARALLEL":0,"QUERY_SCHEDULE_READ_RECORDS_SERIAL":57,"QUERY_SCHEDULE_SCALAR":0,"READ_TRANSACTION_BEGIN":11,"READ_TRANSACTION_BEGIN_FORK":0,"READ_TRANSACTION_COMPLETE":11,"READ_TRANSACTION_DIRTY_COMPLETE":0,"REGION_INCLUDED_INGEST_BUF":32,"REGION_INCLUDED_STABLE_SPAN":0,"REGION_READ":32,"REPLICATION_FULL_SYNC":0,"STABLE_SPAN_CREATE":0,"STABLE_SPAN_LAST_SEEK_PROBES":0,"STABLE_SPAN_READ":0,"STABLE_SPAN_READ_NO_INDEX_SET":0,"STABLE_SPAN_READ_SKIP":0,"STABLE_SPAN_REMOVE":0,"STABLE_SPAN_SEEK":0,"STABLE_SPAN_SPARSE_READ":0,"STORE_CLOSE":0,"STORE_CREATE":0,"STORE_OPEN":2,"SYNC_LOCK_ACQUISITION":0,"SYNC_LOCK_TOTAL_WAIT_TIME_NS":0,"SYNC_LOCK_WORST_CASE_WAIT_TIME_NS":0,"TIME_SLICE_CACHE_ADD_BUCKET":0,"TIME_SLICE_CACHE_ADD_QUERY":0,"TIME_SLICE_CACHE_EVICT_BUCKET":0,"TIME_SLICE_CACHE_EVICT_QUERY":0,"TIME_SLICE_CACHE_FILL_BUCKET":0,"TIME_SLICE_CACHE_GC":0,"TIME_SLICE_CACHE_INVALIDATE_BUCKET":0,"TRUNCATE_COMPLETE":0,"WORKER_ENQUEUE_PARTITION":0,"WORKER_EXECUTE_PARTITION":0,"WORKER_SAMPLE_ABANDONED":0,"WORKER_SAMPLE_CANCELED":0,"WORKER_THREAD_AFFINITIZE":0,"WORKER_THREAD_CANCEL":0,"WORKER_THREAD_DEPRIORITIZE":0,"WORKER_THREAD_DONE":0,"WORKER_THREAD_ERROR":0,"WORKER_THREAD_PANIC":0,"WORKER_THREAD_SPAWN":0,"WRITE_LOCK_ACQUISITION":0,"WRITE_LOCK_TOTAL_WAIT_TIME_NS":0,"WRITE_LOCK_WORST_CASE_WAIT_TIME_NS":0,"WRITE_TRANSACTION_BEGIN":1,"WRITE_TRANSACTION_COMPLETE":1,"WRITE_TRANSACTION_DIRTY_COMPLETE":0,"WRITER_ABORT":0,"WRITER_BEGIN":0,"WRITER_COMMIT":0,"WRITER_COMMIT_MULTIPLE_BUFS":0}
{"@t":"2023-06-08T19:05:26.9143682Z","@mt":"Wrote {IndexSetCount} index sets in {Elapsed:0.000} ms","@r":["8.000"],"IndexSetCount":0,"Elapsed":8,"SourceContext":"Seq.Server.Features.Indexing.EventStoreIndexer"}
{"@t":"2023-06-08T19:05:26.9146023Z","@mt":"Indexing took {Elapsed} ms; total iteration time was {Iteration} ms","Elapsed":8,"Iteration":9.1482}
{"@t":"2023-06-08T19:05:26.9173099Z","@mt":"Metrics sampled","SystemMemoryUtilization":0.11987493820822126,"ProcessWorkingSetBytes":229183488,"ProcessCpuPercentage":0.04999992315006689,"GCTotalHeapSizeBytes":0,"GCTotalFragmentedBytes":0,"GCPauseTimePercentage":0,"ProcessThreads":34,"ArrivedEventsPerMinute":0,"IngestedEventsPerMinute":0,"IngestedBytesPerMinute":0,"InvalidPayloadsPerMinute":0,"UnauthorizedPayloadsPerMinute":0,"TotalWriteTimeLastMinute":0,"BroadcastQueueCount":0,"BroadcastSubscriptionQueuesAggregateCount":0}
{"@t":"2023-06-08T19:10:26.9183759Z","@mt":"Metrics sampled","SystemMemoryUtilization":0.12019283803480685,"ProcessWorkingSetBytes":233201664,"ProcessCpuPercentage":0.05333319031158403,"GCTotalHeapSizeBytes":0,"GCTotalFragmentedBytes":0,"GCPauseTimePercentage":0,"ProcessThreads":33,"ArrivedEventsPerMinute":0,"IngestedEventsPerMinute":0,"IngestedBytesPerMinute":0,"InvalidPayloadsPerMinute":0,"UnauthorizedPayloadsPerMinute":0,"TotalWriteTimeLastMinute":0,"BroadcastQueueCount":0,"BroadcastSubscriptionQueuesAggregateCount":0}
{"@t":"2023-06-08T19:15:26.9087819Z","@mt":"Applying {Count} retention policies","Count":0,"SourceContext":"Seq.Server.Features.Retention.RetentionPolicyApplier"}
{"@t":"2023-06-08T19:15:26.9091076Z","@mt":"Retention processing and compaction took {Elapsed} ms; allocating {Allocation} ms for indexing","Elapsed":0.3524,"Allocation":599999.6476}
{"@t":"2023-06-08T19:15:26.9092902Z","@mt":"Beginning indexing","SourceContext":"Seq.Server.Features.Indexing.EventStoreIndexer"}
{"@t":"2023-06-08T19:15:26.9167163Z","@mt":"Metrics sampled","SystemMemoryUtilization":0.12023893350966175,"ProcessWorkingSetBytes":231817216,"ProcessCpuPercentage":0.05000023743446083,"GCTotalHeapSizeBytes":0,"GCTotalFragmentedBytes":0,"GCPauseTimePercentage":0,"ProcessThreads":34,"ArrivedEventsPerMinute":0,"IngestedEventsPerMinute":0,"IngestedBytesPerMinute":0,"InvalidPayloadsPerMinute":0,"UnauthorizedPayloadsPerMinute":0,"TotalWriteTimeLastMinute":0,"BroadcastQueueCount":0,"BroadcastSubscriptionQueuesAggregateCount":0}
{"@t":"2023-06-08T19:15:26.9194059Z","@mt":"Wrote {IndexSetCount} index sets in {Elapsed:0.000} ms","@r":["9.000"],"IndexSetCount":0,"Elapsed":9,"SourceContext":"Seq.Server.Features.Indexing.EventStoreIndexer"}
{"@t":"2023-06-08T19:15:26.9195711Z","@mt":"Indexing took {Elapsed} ms; total iteration time was {Iteration} ms","Elapsed":10,"Iteration":10.632}
{"@t":"2023-06-08T19:20:26.9177166Z","@mt":"Metrics sampled","SystemMemoryUtilization":0.12052472545376225,"ProcessWorkingSetBytes":232706048,"ProcessCpuPercentage":0.04999977988415561,"GCTotalHeapSizeBytes":0,"GCTotalFragmentedBytes":0,"GCPauseTimePercentage":0,"ProcessThreads":34,"ArrivedEventsPerMinute":0,"IngestedEventsPerMinute":0,"IngestedBytesPerMinute":0,"InvalidPayloadsPerMinute":0,"UnauthorizedPayloadsPerMinute":0,"TotalWriteTimeLastMinute":0,"BroadcastQueueCount":0,"BroadcastSubscriptionQueuesAggregateCount":0}
{"@t":"2023-06-08T19:25:26.9077970Z","@mt":"Applying {Count} retention policies","Count":0,"SourceContext":"Seq.Server.Features.Retention.RetentionPolicyApplier"}
{"@t":"2023-06-08T19:25:26.9082822Z","@mt":"Retention processing and compaction took {Elapsed} ms; allocating {Allocation} ms for indexing","Elapsed":0.5081,"Allocation":599999.4919}
{"@t":"2023-06-08T19:25:26.9084519Z","@mt":"Beginning indexing","SourceContext":"Seq.Server.Features.Indexing.EventStoreIndexer"}
{"@t":"2023-06-08T19:25:26.9147360Z","@mt":"Metrics sampled","SystemMemoryUtilization":0.12077872741520423,"ProcessWorkingSetBytes":234631168,"ProcessCpuPercentage":0.05333390916141269,"GCTotalHeapSizeBytes":0,"GCTotalFragmentedBytes":0,"GCPauseTimePercentage":0,"ProcessThreads":35,"ArrivedEventsPerMinute":0,"IngestedEventsPerMinute":0,"IngestedBytesPerMinute":0,"InvalidPayloadsPerMinute":0,"UnauthorizedPayloadsPerMinute":0,"TotalWriteTimeLastMinute":0,"BroadcastQueueCount":0,"BroadcastSubscriptionQueuesAggregateCount":0}
{"@t":"2023-06-08T19:25:26.9182453Z","@mt":"Wrote {IndexSetCount} index sets in {Elapsed:0.000} ms","@r":["9.000"],"IndexSetCount":0,"Elapsed":9,"SourceContext":"Seq.Server.Features.Indexing.EventStoreIndexer"}
{"@t":"2023-06-08T19:25:26.9184724Z","@mt":"Indexing took {Elapsed} ms; total iteration time was {Iteration} ms","Elapsed":10,"Iteration":10.5248}
{"@t":"2023-06-08T19:30:26.9239177Z","@mt":"Metrics sampled","SystemMemoryUtilization":0.12103272937664611,"ProcessWorkingSetBytes":236163072,"ProcessCpuPercentage":0.04666514779388122,"GCTotalHeapSizeBytes":0,"GCTotalFragmentedBytes":0,"GCPauseTimePercentage":0,"ProcessThreads":34,"ArrivedEventsPerMinute":0,"IngestedEventsPerMinute":0,"IngestedBytesPerMinute":0,"InvalidPayloadsPerMinute":0,"UnauthorizedPayloadsPerMinute":0,"TotalWriteTimeLastMinute":0,"BroadcastQueueCount":0,"BroadcastSubscriptionQueuesAggregateCount":0}
{"@t":"2023-06-08T19:35:26.9185010Z","@mt":"Applying {Count} retention policies","Count":0,"SourceContext":"Seq.Server.Features.Retention.RetentionPolicyApplier"}
{"@t":"2023-06-08T19:35:26.9188134Z","@mt":"Retention processing and compaction took {Elapsed} ms; allocating {Allocation} ms for indexing","Elapsed":0.3418,"Allocation":599999.6582}
{"@t":"2023-06-08T19:35:26.9190971Z","@mt":"Beginning indexing","SourceContext":"Seq.Server.Features.Indexing.EventStoreIndexer"}
{"@t":"2023-06-08T19:35:26.9264340Z","@mt":"Metrics sampled","SystemMemoryUtilization":0.12202139783732746,"ProcessWorkingSetBytes":249610240,"ProcessCpuPercentage":0.07333279181955427,"GCTotalHeapSizeBytes":0,"GCTotalFragmentedBytes":0,"GCPauseTimePercentage":0,"ProcessThreads":34,"ArrivedEventsPerMinute":0,"IngestedEventsPerMinute":0,"IngestedBytesPerMinute":0,"InvalidPayloadsPerMinute":0,"UnauthorizedPayloadsPerMinute":0,"TotalWriteTimeLastMinute":0,"BroadcastQueueCount":0,"BroadcastSubscriptionQueuesAggregateCount":0}
{"@t":"2023-06-08T19:35:26.9304161Z","@mt":"Wrote {IndexSetCount} index sets in {Elapsed:0.000} ms","@r":["11.000"],"IndexSetCount":0,"Elapsed":11,"SourceContext":"Seq.Server.Features.Indexing.EventStoreIndexer"}
{"@t":"2023-06-08T19:35:26.9306798Z","@mt":"Indexing took {Elapsed} ms; total iteration time was {Iteration} ms","Elapsed":11,"Iteration":11.9204}
{"@t":"2023-06-08T19:39:27.7347816Z","@mt":"Termination signal received"}
{"@t":"2023-06-08T19:39:27.7460003Z","@mt":"Signalling for {Workers} worker task(s) to complete","Workers":1,"SourceContext":"Seq.Engine.Workers.WorkerPool"}
{"@t":"2023-06-08T19:39:28.5712625Z","@mt":"Work {WorkDescription} ({WorkId}) observed cancellation and completed","WorkDescription":"Monitor alerts and trigger notifications","WorkId":"bff6e7d1-f2c6-4d5c-a670-58aad63a72a3","SourceContext":"Seq.Engine.Workers.WorkerPool"}
{"@t":"2023-06-08T19:39:28.6476331Z","@mt":"Stopping {Tasks} scheduled tasks","Tasks":13,"SourceContext":"Seq.Server.Tasks.TaskRunner"}
{"@t":"2023-06-08T19:39:28.6494330Z","@mt":"Stopping input channel","SourceContext":"Seq.Server.Features.Apps.Inputs.InputChannel"}
{"@t":"2023-06-08T19:39:29.4980246Z","@mt":"Shutting down input channel; {AcceptedCount} queued events will be written","AcceptedCount":0,"SourceContext":"Seq.Server.Features.Apps.Inputs.InputChannel"}
{"@t":"2023-06-08T19:39:29.4986675Z","@mt":"Stopping broadcast channel","SourceContext":"Seq.Engine.Broadcast.BroadcastChannel"}
{"@t":"2023-06-08T19:39:30.4978126Z","@mt":"Shutting down broadcast channel with {AllowableFlush} flushable event batches (+{Tolerance} tolerance)","AllowableFlush":0,"Tolerance":15,"SourceContext":"Seq.Engine.Broadcast.BroadcastChannel"}
{"@t":"2023-06-08T19:39:30.4995382Z","@mt":"Closing event store","SourceContext":"Seq.Engine.Cluster.StorageNodeCoordinator"}
{"@t":"2023-06-08T19:39:30.5013512Z","@mt":"Closing metastore","SourceContext":"Quince.Storage.Native.NativeDocumentStore"}
{"@t":"2023-06-08T19:39:30.5040258Z","@mt":"Server stopped cleanly"}
