{"@t":"2023-07-02T14:03:37.7403692Z","@mt":"Seq {SeqVersion} running on OS {OSCaption}","SeqVersion":"2023.1.9229","OSCaption":"Linux 5.10.16.3-microsoft-standard-WSL2 #1 SMP Fri Apr 2 22:23:49 UTC 2021","SourceContext":"Seq.Server.Features.Diagnostics.EnvironmentInformationWriter"}
{"@t":"2023-07-02T14:03:37.7840080Z","@mt":"Seq detected {TotalRAM} MB of RAM","TotalRAM":12884.56192,"SourceContext":"Seq.Server.Features.Diagnostics.EnvironmentInformationWriter"}
{"@t":"2023-07-02T14:03:38.1760823Z","@mt":"Opening event store at {StreamPath}","StreamPath":"/data/Stream/stream.flare","SourceContext":"Seq.Engine.Cluster.StorageNodeCoordinator"}
{"@t":"2023-07-02T14:03:38.2734949Z","@mt":"Ingestion enabled","SourceContext":"Seq.Engine.Cluster.StorageNodeCoordinator"}
{"@t":"2023-07-02T14:03:38.2863420Z","@mt":"Opening metastore {MetastorePath}","MetastorePath":"/data/Documents/metastore.flare","SourceContext":"Quince.Storage.Native.NativeDocumentStore"}
{"@t":"2023-07-02T14:03:38.3567609Z","@mt":"Storage subsystem available"}
{"@t":"2023-07-02T14:03:38.4254683Z","@mt":"Seq listening on {ListenUris}","ListenUris":["http://localhost/","https://localhost/","http://localhost:5341/","https://localhost:45341/"]}
{"@t":"2023-07-02T14:04:38.4625668Z","@mt":"{CollectionCount} more generation 2 garbage collection(s) occurred","CollectionCount":0,"SourceContext":"Seq.Server.Features.Diagnostics.GCLogger"}
{"@t":"2023-07-02T14:08:38.4534275Z","@mt":"Metrics sampled","SystemMemoryUtilization":0.08703175342417846,"ProcessWorkingSetBytes":159997952,"ProcessCpuPercentage":0,"GCTotalHeapSizeBytes":0,"GCTotalFragmentedBytes":0,"GCPauseTimePercentage":0,"ProcessThreads":34,"ArrivedEventsPerMinute":1,"IngestedEventsPerMinute":1,"IngestedBytesPerMinute":285,"InvalidPayloadsPerMinute":0,"UnauthorizedPayloadsPerMinute":0,"TotalWriteTimeLastMinute":1,"BroadcastQueueCount":0,"BroadcastSubscriptionQueuesAggregateCount":0}
{"@t":"2023-07-02T14:13:38.4488715Z","@mt":"Applying {Count} retention policies","Count":0,"SourceContext":"Seq.Server.Features.Retention.RetentionPolicyApplier"}
{"@t":"2023-07-02T14:13:38.4510000Z","@mt":"Retention processing and compaction took {Elapsed} ms; allocating {Allocation} ms for indexing","Elapsed":2.8177,"Allocation":599997.1823}
{"@t":"2023-07-02T14:13:38.4516002Z","@mt":"Beginning indexing","SourceContext":"Seq.Server.Features.Indexing.EventStoreIndexer"}
{"@t":"2023-07-02T14:13:38.4565429Z","@mt":"Metrics sampled","SystemMemoryUtilization":0.1010371481842357,"ProcessWorkingSetBytes":164241408,"ProcessCpuPercentage":0.09666607590805477,"GCTotalHeapSizeBytes":0,"GCTotalFragmentedBytes":0,"GCPauseTimePercentage":0,"ProcessThreads":34,"ArrivedEventsPerMinute":0,"IngestedEventsPerMinute":0,"IngestedBytesPerMinute":0,"InvalidPayloadsPerMinute":0,"UnauthorizedPayloadsPerMinute":0,"TotalWriteTimeLastMinute":0,"BroadcastQueueCount":0,"BroadcastSubscriptionQueuesAggregateCount":0}
{"@t":"2023-07-02T14:13:38.6208085Z","@mt":"Wrote {IndexSetCount} index sets in {Elapsed:0.000} ms","@r":["168.000"],"IndexSetCount":1,"Elapsed":168,"SourceContext":"Seq.Server.Features.Indexing.EventStoreIndexer"}
{"@t":"2023-07-02T14:13:38.6213770Z","@mt":"Indexing took {Elapsed} ms; total iteration time was {Iteration} ms","Elapsed":170,"Iteration":172.836}
{"@t":"2023-07-02T14:18:38.4607905Z","@mt":"Metrics sampled","SystemMemoryUtilization":0.1048535356023963,"ProcessWorkingSetBytes":170426368,"ProcessCpuPercentage":0.08666564808530472,"GCTotalHeapSizeBytes":0,"GCTotalFragmentedBytes":0,"GCPauseTimePercentage":0,"ProcessThreads":33,"ArrivedEventsPerMinute":0,"IngestedEventsPerMinute":0,"IngestedBytesPerMinute":0,"InvalidPayloadsPerMinute":0,"UnauthorizedPayloadsPerMinute":0,"TotalWriteTimeLastMinute":0,"BroadcastQueueCount":0,"BroadcastSubscriptionQueuesAggregateCount":0}
{"@t":"2023-07-02T14:23:38.4503369Z","@mt":"Applying {Count} retention policies","Count":0,"SourceContext":"Seq.Server.Features.Retention.RetentionPolicyApplier"}
{"@t":"2023-07-02T14:23:38.4508786Z","@mt":"Retention processing and compaction took {Elapsed} ms; allocating {Allocation} ms for indexing","Elapsed":0.5763,"Allocation":599999.4237}
{"@t":"2023-07-02T14:23:38.4510867Z","@mt":"Beginning indexing","SourceContext":"Seq.Server.Features.Indexing.EventStoreIndexer"}
{"@t":"2023-07-02T14:23:38.4566591Z","@mt":"Wrote {IndexSetCount} index sets in {Elapsed:0.000} ms","@r":["5.000"],"IndexSetCount":0,"Elapsed":5,"SourceContext":"Seq.Server.Features.Indexing.EventStoreIndexer"}
{"@t":"2023-07-02T14:23:38.4569275Z","@mt":"Indexing took {Elapsed} ms; total iteration time was {Iteration} ms","Elapsed":5,"Iteration":6.4119}
{"@t":"2023-07-02T14:23:38.4571294Z","@mt":"Metrics sampled","SystemMemoryUtilization":0.10944623439707912,"ProcessWorkingSetBytes":175841280,"ProcessCpuPercentage":0.07666759646572074,"GCTotalHeapSizeBytes":0,"GCTotalFragmentedBytes":0,"GCPauseTimePercentage":0,"ProcessThreads":33,"ArrivedEventsPerMinute":7,"IngestedEventsPerMinute":7,"IngestedBytesPerMinute":5008,"InvalidPayloadsPerMinute":0,"UnauthorizedPayloadsPerMinute":0,"TotalWriteTimeLastMinute":2,"BroadcastQueueCount":0,"BroadcastSubscriptionQueuesAggregateCount":0}
{"@t":"2023-07-02T14:28:38.4622760Z","@mt":"Metrics sampled","SystemMemoryUtilization":0.11458858199192856,"ProcessWorkingSetBytes":194461696,"ProcessCpuPercentage":0.33999379363995963,"GCTotalHeapSizeBytes":0,"GCTotalFragmentedBytes":0,"GCPauseTimePercentage":0,"ProcessThreads":32,"ArrivedEventsPerMinute":0,"IngestedEventsPerMinute":0,"IngestedBytesPerMinute":0,"InvalidPayloadsPerMinute":0,"UnauthorizedPayloadsPerMinute":0,"TotalWriteTimeLastMinute":0,"BroadcastQueueCount":0,"BroadcastSubscriptionQueuesAggregateCount":0}
{"@t":"2023-07-02T14:33:38.4665847Z","@mt":"Applying {Count} retention policies","Count":0,"SourceContext":"Seq.Server.Features.Retention.RetentionPolicyApplier"}
{"@t":"2023-07-02T14:33:38.4669113Z","@mt":"Retention processing and compaction took {Elapsed} ms; allocating {Allocation} ms for indexing","Elapsed":0.3676,"Allocation":599999.6324}
{"@t":"2023-07-02T14:33:38.4663727Z","@mt":"Metrics sampled","SystemMemoryUtilization":0.12131057382508192,"ProcessWorkingSetBytes":231550976,"ProcessCpuPercentage":0.1066652600718821,"GCTotalHeapSizeBytes":0,"GCTotalFragmentedBytes":0,"GCPauseTimePercentage":0,"ProcessThreads":34,"ArrivedEventsPerMinute":0,"IngestedEventsPerMinute":0,"IngestedBytesPerMinute":0,"InvalidPayloadsPerMinute":0,"UnauthorizedPayloadsPerMinute":0,"TotalWriteTimeLastMinute":0,"BroadcastQueueCount":0,"BroadcastSubscriptionQueuesAggregateCount":0}
{"@t":"2023-07-02T14:33:38.4671035Z","@mt":"Beginning indexing","SourceContext":"Seq.Server.Features.Indexing.EventStoreIndexer"}
{"@t":"2023-07-02T14:33:38.4707567Z","@mt":"Wrote {IndexSetCount} index sets in {Elapsed:0.000} ms","@r":["3.000"],"IndexSetCount":0,"Elapsed":3,"SourceContext":"Seq.Server.Features.Indexing.EventStoreIndexer"}
{"@t":"2023-07-02T14:33:38.4709225Z","@mt":"Indexing took {Elapsed} ms; total iteration time was {Iteration} ms","Elapsed":3,"Iteration":4.1847}
{"@t":"2023-07-02T14:38:38.4669539Z","@mt":"Metrics sampled","SystemMemoryUtilization":0.12190886129871614,"ProcessWorkingSetBytes":232935424,"ProcessCpuPercentage":0.06999983977036676,"GCTotalHeapSizeBytes":0,"GCTotalFragmentedBytes":0,"GCPauseTimePercentage":0,"ProcessThreads":31,"ArrivedEventsPerMinute":0,"IngestedEventsPerMinute":0,"IngestedBytesPerMinute":0,"InvalidPayloadsPerMinute":0,"UnauthorizedPayloadsPerMinute":0,"TotalWriteTimeLastMinute":0,"BroadcastQueueCount":0,"BroadcastSubscriptionQueuesAggregateCount":0}
{"@t":"2023-07-02T14:43:41.8260730Z","@mt":"Applying {Count} retention policies","Count":0,"SourceContext":"Seq.Server.Features.Retention.RetentionPolicyApplier"}
{"@t":"2023-07-02T14:43:41.8264575Z","@mt":"Retention processing and compaction took {Elapsed} ms; allocating {Allocation} ms for indexing","Elapsed":0.4097,"Allocation":599999.5903}
{"@t":"2023-07-02T14:43:41.8266867Z","@mt":"Beginning indexing","SourceContext":"Seq.Server.Features.Indexing.EventStoreIndexer"}
{"@t":"2023-07-02T14:43:41.8258978Z","@mt":"Metrics sampled","SystemMemoryUtilization":0.12237363084518438,"ProcessWorkingSetBytes":232980480,"ProcessCpuPercentage":0.046666474805233255,"GCTotalHeapSizeBytes":0,"GCTotalFragmentedBytes":0,"GCPauseTimePercentage":0,"ProcessThreads":33,"ArrivedEventsPerMinute":0,"IngestedEventsPerMinute":0,"IngestedBytesPerMinute":0,"InvalidPayloadsPerMinute":0,"UnauthorizedPayloadsPerMinute":0,"TotalWriteTimeLastMinute":0,"BroadcastQueueCount":0,"BroadcastSubscriptionQueuesAggregateCount":0}
{"@t":"2023-07-02T14:43:41.8302025Z","@mt":"Wrote {IndexSetCount} index sets in {Elapsed:0.000} ms","@r":["3.000"],"IndexSetCount":0,"Elapsed":3,"SourceContext":"Seq.Server.Features.Indexing.EventStoreIndexer"}
{"@t":"2023-07-02T14:43:41.8304720Z","@mt":"Indexing took {Elapsed} ms; total iteration time was {Iteration} ms","Elapsed":3,"Iteration":4.1939}
{"@t":"2023-07-02T14:48:41.8280007Z","@mt":"Metrics sampled","SystemMemoryUtilization":0.12268930537298395,"ProcessWorkingSetBytes":236822528,"ProcessCpuPercentage":0.09666599696463969,"GCTotalHeapSizeBytes":0,"GCTotalFragmentedBytes":0,"GCPauseTimePercentage":0,"ProcessThreads":33,"ArrivedEventsPerMinute":0,"IngestedEventsPerMinute":0,"IngestedBytesPerMinute":0,"InvalidPayloadsPerMinute":0,"UnauthorizedPayloadsPerMinute":0,"TotalWriteTimeLastMinute":0,"BroadcastQueueCount":0,"BroadcastSubscriptionQueuesAggregateCount":0}
{"@t":"2023-07-02T14:53:41.8359845Z","@mt":"Applying {Count} retention policies","Count":0,"SourceContext":"Seq.Server.Features.Retention.RetentionPolicyApplier"}
{"@t":"2023-07-02T14:53:41.8364284Z","@mt":"Retention processing and compaction took {Elapsed} ms; allocating {Allocation} ms for indexing","Elapsed":0.4702,"Allocation":599999.5298}
{"@t":"2023-07-02T14:53:41.8365947Z","@mt":"Beginning indexing","SourceContext":"Seq.Server.Features.Indexing.EventStoreIndexer"}
{"@t":"2023-07-02T14:53:41.8359730Z","@mt":"Metrics sampled","SystemMemoryUtilization":0.12273444714835913,"ProcessWorkingSetBytes":237498368,"ProcessCpuPercentage":0.05333193200126538,"GCTotalHeapSizeBytes":0,"GCTotalFragmentedBytes":0,"GCPauseTimePercentage":0,"ProcessThreads":34,"ArrivedEventsPerMinute":0,"IngestedEventsPerMinute":0,"IngestedBytesPerMinute":0,"InvalidPayloadsPerMinute":0,"UnauthorizedPayloadsPerMinute":0,"TotalWriteTimeLastMinute":0,"BroadcastQueueCount":0,"BroadcastSubscriptionQueuesAggregateCount":0}
{"@t":"2023-07-02T14:53:41.8406627Z","@mt":"Wrote {IndexSetCount} index sets in {Elapsed:0.000} ms","@r":["3.000"],"IndexSetCount":0,"Elapsed":3,"SourceContext":"Seq.Server.Features.Indexing.EventStoreIndexer"}
{"@t":"2023-07-02T14:53:41.8408690Z","@mt":"Indexing took {Elapsed} ms; total iteration time was {Iteration} ms","Elapsed":4,"Iteration":4.7425}
{"@t":"2023-07-02T14:58:41.8314472Z","@mt":"Metrics sampled","SystemMemoryUtilization":0.127431417086162,"ProcessWorkingSetBytes":237723648,"ProcessCpuPercentage":0.06000087299270176,"GCTotalHeapSizeBytes":0,"GCTotalFragmentedBytes":0,"GCPauseTimePercentage":0,"ProcessThreads":33,"ArrivedEventsPerMinute":0,"IngestedEventsPerMinute":0,"IngestedBytesPerMinute":0,"InvalidPayloadsPerMinute":0,"UnauthorizedPayloadsPerMinute":0,"TotalWriteTimeLastMinute":0,"BroadcastQueueCount":0,"BroadcastSubscriptionQueuesAggregateCount":0}
{"@t":"2023-07-02T15:03:41.8094069Z","@mt":"Native storage metrics sampled","ABI_INTERNAL_ERROR":0,"ABI_IO_ERROR":0,"ABI_PANIC":0,"CHANNEL_RECEIVE":25,"CHANNEL_SEND":10,"CHANNEL_SEND_BACKPRESSURE":0,"DELETE_ABANDON":0,"DELETE_BEGIN":0,"DELETE_COMPLETE":0,"DELETE_CORRUPTED_EVENT":0,"DELETE_CORRUPTED_REGION":0,"DELETE_EXCLUDE_EVENT":0,"DELETE_SKIP_SPAN":0,"DOC_COLL_CHECKPOINT":0,"DOC_COLL_CREATE":0,"DOC_COLL_KVS_REMOVE":0,"DOC_COLL_READ_BEGIN":2,"DOC_COLL_READ_COMPLETE":2,"DOC_COLL_REMOVE":0,"DOC_COLL_WRITE_ABORT":0,"DOC_COLL_WRITE_BEGIN":2,"DOC_COLL_WRITE_COMMIT":2,"DOC_COLL_WRITE_RECORD_DELETE":0,"DOC_COLL_WRITE_RECORD_SET":2,"INDEX_SET_CREATE":1,"INDEX_SET_LOAD":2,"INDEX_SET_MISSING_INDEX_LOOKUP":0,"INDEX_SET_REMOVE":0,"INDEXER_ABORT":0,"INDEXER_BEGIN_NEW":1,"INDEXER_BEGIN_OUTDATED":0,"INDEXER_COALESCED_GEN0":1,"INDEXER_COALESCED_GEN1":0,"INDEXER_COMMIT":1,"INDEXER_CORRUPTED_REGION":0,"INDEXER_INVALID_DEFINITIONS_LAST_UPDATE":0,"INGEST_BUF_CACHE_EVENT_FROM_DISK":0,"INGEST_BUF_CACHE_EVENT_INCOMING":0,"INGEST_BUF_CREATE":7,"INGEST_BUF_READ":52,"INGEST_BUF_READ_TRUNCATED":0,"INGEST_BUF_REMOVE":13,"INGEST_BUF_WRITE_EVENT":219,"KERNEL_MVCC_NEXT_DATA_GENERATION":9,"KERNEL_MVCC_NEXT_WRITE_GENERATION":34,"KERNEL_MVCC_WORK_LAST_ADVANCE":9,"KERNEL_MVCC_WORK_LAST_DEFER":3,"KEYVALUES_READ_TRUNCATED":0,"LEAD_TRANSACTION_DIRTY_COMPLETE":0,"MAINTENANCE_TRANSACTION_BEGIN":6,"MAINTENANCE_TRANSACTION_COMPLETE":6,"MAINTENANCE_TRANSACTION_DIRTY_COMPLETE":0,"MEMORY_CONTROLLER_ENTER_SAFE_MODE":0,"MEMORY_CONTROLLER_EXTEND_SAFE_MODE":0,"MEMORY_CONTROLLER_LEAVE_SAFE_MODE":0,"MEMORY_CONTROLLER_RELEASE_TRACKED_MEMORY":0,"MEMORY_MONITOR_LAST_DANGER_TRACKED_BYTES":0,"MEMORY_MONITOR_STATUS_CRITICAL":0,"MEMORY_MONITOR_STATUS_DANGER":0,"MEMORY_MONITOR_STATUS_NORMAL":0,"MEMORY_MONITOR_TERMINATE_PANIC":0,"MEMORY_PLATFORM_LAST_UTILIZATION":0,"MEMORY_PLATFORM_LIMIT_BYTES":0,"MEMORY_PLATFORM_SAMPLE_FAILED":4,"MEMORY_PLATFORM_TOTAL_BYTES":0,"NAMESPACE_CLOSE":0,"NAMESPACE_CREATE":4,"NAMESPACE_OBJECT_FIND_BY_NAME":424,"NAMESPACE_OBJECT_GET_BY_ID":428,"NAMESPACE_OBJECT_GET_CAPABILITY":50,"NAMESPACE_OBJECT_QUERY_CAPABILITY":177,"NAMESPACE_OBJECT_REGISTER":48,"NAMESPACE_OBJECT_UNREGISTER":0,"NET_INCOMING_COMPLETED":0,"NET_INCOMING_ESTABLISHED":0,"NET_INCOMING_FAILED":0,"NET_INCOMING_INVALID_KEY":0,"NET_INCOMING_NOT_ESTABLISHED":0,"NET_INCOMING_SOCKET_ACCEPTED":0,"NODE_MESSAGE_BYTES_RECEIVED":0,"NODE_MESSAGE_BYTES_SENT":0,"NODE_MESSAGE_RECEIVED":0,"NODE_MESSAGE_SENT":0,"QUERY_EXECUTE_BEGIN":68,"QUERY_EXECUTE_END_CANCEL":0,"QUERY_EXECUTE_END_DONE":59,"QUERY_EXECUTE_END_PARTIAL":9,"QUERY_EXECUTE_RESUME_ERROR":0,"QUERY_SCHEDULE_DELETE_RECORDS":0,"QUERY_SCHEDULE_EXECUTE_PROCEDURE":6,"QUERY_SCHEDULE_READ_PARTITION_COMPUTE":15,"QUERY_SCHEDULE_READ_PARTITION_FROM_CACHE":0,"QUERY_SCHEDULE_READ_PARTITION_POPULATE_CACHE":0,"QUERY_SCHEDULE_READ_RECORDS":63,"QUERY_SCHEDULE_READ_RECORDS_FALLBACK":0,"QUERY_SCHEDULE_READ_RECORDS_PARALLEL":2,"QUERY_SCHEDULE_READ_RECORDS_SERIAL":61,"QUERY_SCHEDULE_SCALAR":0,"READ_TRANSACTION_BEGIN":26,"READ_TRANSACTION_BEGIN_FORK":15,"READ_TRANSACTION_COMPLETE":41,"READ_TRANSACTION_DIRTY_COMPLETE":0,"REGION_INCLUDED_INGEST_BUF":85,"REGION_INCLUDED_STABLE_SPAN":13,"REGION_READ":98,"REPLICATION_FULL_SYNC":0,"STABLE_SPAN_CREATE":1,"STABLE_SPAN_LAST_SEEK_PROBES":0,"STABLE_SPAN_READ":7,"STABLE_SPAN_READ_NO_INDEX_SET":0,"STABLE_SPAN_READ_SKIP":0,"STABLE_SPAN_REMOVE":0,"STABLE_SPAN_SEEK":0,"STABLE_SPAN_SPARSE_READ":0,"STORE_CLOSE":0,"STORE_CREATE":0,"STORE_OPEN":2,"SYNC_LOCK_ACQUISITION":0,"SYNC_LOCK_TOTAL_WAIT_TIME_NS":0,"SYNC_LOCK_WORST_CASE_WAIT_TIME_NS":0,"TIME_SLICE_CACHE_ADD_BUCKET":0,"TIME_SLICE_CACHE_ADD_QUERY":0,"TIME_SLICE_CACHE_EVICT_BUCKET":0,"TIME_SLICE_CACHE_EVICT_QUERY":0,"TIME_SLICE_CACHE_FILL_BUCKET":0,"TIME_SLICE_CACHE_GC":0,"TIME_SLICE_CACHE_INVALIDATE_BUCKET":0,"TRUNCATE_COMPLETE":0,"WORKER_ENQUEUE_PARTITION":15,"WORKER_EXECUTE_PARTITION":15,"WORKER_SAMPLE_ABANDONED":0,"WORKER_SAMPLE_CANCELED":0,"WORKER_THREAD_AFFINITIZE":0,"WORKER_THREAD_CANCEL":0,"WORKER_THREAD_DEPRIORITIZE":15,"WORKER_THREAD_DONE":15,"WORKER_THREAD_ERROR":0,"WORKER_THREAD_PANIC":0,"WORKER_THREAD_SPAWN":15,"WRITE_LOCK_ACQUISITION":0,"WRITE_LOCK_TOTAL_WAIT_TIME_NS":0,"WRITE_LOCK_WORST_CASE_WAIT_TIME_NS":0,"WRITE_TRANSACTION_BEGIN":35,"WRITE_TRANSACTION_COMPLETE":35,"WRITE_TRANSACTION_DIRTY_COMPLETE":0,"WRITER_ABORT":0,"WRITER_BEGIN":31,"WRITER_COMMIT":31,"WRITER_COMMIT_MULTIPLE_BUFS":0}
{"@t":"2023-07-02T15:03:41.8259271Z","@mt":"Applying {Count} retention policies","Count":0,"SourceContext":"Seq.Server.Features.Retention.RetentionPolicyApplier"}
{"@t":"2023-07-02T15:03:41.8261255Z","@mt":"Retention processing and compaction took {Elapsed} ms; allocating {Allocation} ms for indexing","Elapsed":0.2244,"Allocation":599999.7756}
{"@t":"2023-07-02T15:03:41.8262922Z","@mt":"Beginning indexing","SourceContext":"Seq.Server.Features.Indexing.EventStoreIndexer"}
{"@t":"2023-07-02T15:03:41.8257674Z","@mt":"Metrics sampled","SystemMemoryUtilization":0.12775662860875914,"ProcessWorkingSetBytes":240427008,"ProcessCpuPercentage":0.07000133133198683,"GCTotalHeapSizeBytes":0,"GCTotalFragmentedBytes":0,"GCPauseTimePercentage":0,"ProcessThreads":33,"ArrivedEventsPerMinute":0,"IngestedEventsPerMinute":0,"IngestedBytesPerMinute":0,"InvalidPayloadsPerMinute":0,"UnauthorizedPayloadsPerMinute":0,"TotalWriteTimeLastMinute":0,"BroadcastQueueCount":0,"BroadcastSubscriptionQueuesAggregateCount":0}
{"@t":"2023-07-02T15:03:41.8302110Z","@mt":"Wrote {IndexSetCount} index sets in {Elapsed:0.000} ms","@r":["3.000"],"IndexSetCount":0,"Elapsed":3,"SourceContext":"Seq.Server.Features.Indexing.EventStoreIndexer"}
{"@t":"2023-07-02T15:03:41.8303631Z","@mt":"Indexing took {Elapsed} ms; total iteration time was {Iteration} ms","Elapsed":4,"Iteration":4.2942}
{"@t":"2023-07-02T15:08:41.8309067Z","@mt":"Metrics sampled","SystemMemoryUtilization":0.1291846346297818,"ProcessWorkingSetBytes":243683328,"ProcessCpuPercentage":0.04333257076675298,"GCTotalHeapSizeBytes":0,"GCTotalFragmentedBytes":0,"GCPauseTimePercentage":0,"ProcessThreads":32,"ArrivedEventsPerMinute":0,"IngestedEventsPerMinute":0,"IngestedBytesPerMinute":0,"InvalidPayloadsPerMinute":0,"UnauthorizedPayloadsPerMinute":0,"TotalWriteTimeLastMinute":0,"BroadcastQueueCount":0,"BroadcastSubscriptionQueuesAggregateCount":0}
{"@t":"2023-07-02T15:13:41.8364892Z","@mt":"Applying {Count} retention policies","Count":0,"SourceContext":"Seq.Server.Features.Retention.RetentionPolicyApplier"}
{"@t":"2023-07-02T15:13:41.8368342Z","@mt":"Retention processing and compaction took {Elapsed} ms; allocating {Allocation} ms for indexing","Elapsed":0.3776,"Allocation":599999.6224}
{"@t":"2023-07-02T15:13:41.8370270Z","@mt":"Beginning indexing","SourceContext":"Seq.Server.Features.Indexing.EventStoreIndexer"}
{"@t":"2023-07-02T15:13:41.8365854Z","@mt":"Metrics sampled","SystemMemoryUtilization":0.12940207811116644,"ProcessWorkingSetBytes":253304832,"ProcessCpuPercentage":0.06333211927771748,"GCTotalHeapSizeBytes":0,"GCTotalFragmentedBytes":0,"GCPauseTimePercentage":0,"ProcessThreads":34,"ArrivedEventsPerMinute":0,"IngestedEventsPerMinute":0,"IngestedBytesPerMinute":0,"InvalidPayloadsPerMinute":0,"UnauthorizedPayloadsPerMinute":0,"TotalWriteTimeLastMinute":0,"BroadcastQueueCount":0,"BroadcastSubscriptionQueuesAggregateCount":0}
{"@t":"2023-07-02T15:13:41.8415417Z","@mt":"Wrote {IndexSetCount} index sets in {Elapsed:0.000} ms","@r":["4.000"],"IndexSetCount":0,"Elapsed":4,"SourceContext":"Seq.Server.Features.Indexing.EventStoreIndexer"}
{"@t":"2023-07-02T15:13:41.8416972Z","@mt":"Indexing took {Elapsed} ms; total iteration time was {Iteration} ms","Elapsed":4,"Iteration":5.0466}
{"@t":"2023-07-02T15:18:41.8385789Z","@mt":"Metrics sampled","SystemMemoryUtilization":0.12946343277769745,"ProcessWorkingSetBytes":251392000,"ProcessCpuPercentage":0.043333007079123034,"GCTotalHeapSizeBytes":0,"GCTotalFragmentedBytes":0,"GCPauseTimePercentage":0,"ProcessThreads":32,"ArrivedEventsPerMinute":0,"IngestedEventsPerMinute":0,"IngestedBytesPerMinute":0,"InvalidPayloadsPerMinute":0,"UnauthorizedPayloadsPerMinute":0,"TotalWriteTimeLastMinute":0,"BroadcastQueueCount":0,"BroadcastSubscriptionQueuesAggregateCount":0}
{"@t":"2023-07-02T15:23:41.8365993Z","@mt":"Applying {Count} retention policies","Count":0,"SourceContext":"Seq.Server.Features.Retention.RetentionPolicyApplier"}
{"@t":"2023-07-02T15:23:41.8369403Z","@mt":"Retention processing and compaction took {Elapsed} ms; allocating {Allocation} ms for indexing","Elapsed":0.3665,"Allocation":599999.6335}
{"@t":"2023-07-02T15:23:41.8371442Z","@mt":"Beginning indexing","SourceContext":"Seq.Server.Features.Indexing.EventStoreIndexer"}
{"@t":"2023-07-02T15:23:41.8365721Z","@mt":"Metrics sampled","SystemMemoryUtilization":0.12949395116104967,"ProcessWorkingSetBytes":252416000,"ProcessCpuPercentage":0.04333363370763765,"GCTotalHeapSizeBytes":0,"GCTotalFragmentedBytes":0,"GCPauseTimePercentage":0,"ProcessThreads":34,"ArrivedEventsPerMinute":0,"IngestedEventsPerMinute":0,"IngestedBytesPerMinute":0,"InvalidPayloadsPerMinute":0,"UnauthorizedPayloadsPerMinute":0,"TotalWriteTimeLastMinute":0,"BroadcastQueueCount":0,"BroadcastSubscriptionQueuesAggregateCount":0}
{"@t":"2023-07-02T15:23:41.8411924Z","@mt":"Wrote {IndexSetCount} index sets in {Elapsed:0.000} ms","@r":["3.000"],"IndexSetCount":0,"Elapsed":3,"SourceContext":"Seq.Server.Features.Indexing.EventStoreIndexer"}
{"@t":"2023-07-02T15:23:41.8413820Z","@mt":"Indexing took {Elapsed} ms; total iteration time was {Iteration} ms","Elapsed":4,"Iteration":4.6018}
{"@t":"2023-07-02T15:28:41.8418481Z","@mt":"Metrics sampled","SystemMemoryUtilization":0.12996317130509005,"ProcessWorkingSetBytes":253509632,"ProcessCpuPercentage":0.05666565361699985,"GCTotalHeapSizeBytes":0,"GCTotalFragmentedBytes":0,"GCPauseTimePercentage":0,"ProcessThreads":33,"ArrivedEventsPerMinute":6,"IngestedEventsPerMinute":6,"IngestedBytesPerMinute":1391,"InvalidPayloadsPerMinute":0,"UnauthorizedPayloadsPerMinute":0,"TotalWriteTimeLastMinute":5,"BroadcastQueueCount":0,"BroadcastSubscriptionQueuesAggregateCount":0}
{"@t":"2023-07-02T15:33:41.8358601Z","@mt":"Applying {Count} retention policies","Count":0,"SourceContext":"Seq.Server.Features.Retention.RetentionPolicyApplier"}
{"@t":"2023-07-02T15:33:41.8361381Z","@mt":"Retention processing and compaction took {Elapsed} ms; allocating {Allocation} ms for indexing","Elapsed":0.3037,"Allocation":599999.6963}
{"@t":"2023-07-02T15:33:41.8363421Z","@mt":"Beginning indexing","SourceContext":"Seq.Server.Features.Indexing.EventStoreIndexer"}
{"@t":"2023-07-02T15:33:41.8358230Z","@mt":"Metrics sampled","SystemMemoryUtilization":0.13099189514392118,"ProcessWorkingSetBytes":254996480,"ProcessCpuPercentage":0.07666818196217103,"GCTotalHeapSizeBytes":0,"GCTotalFragmentedBytes":0,"GCPauseTimePercentage":0,"ProcessThreads":35,"ArrivedEventsPerMinute":188,"IngestedEventsPerMinute":188,"IngestedBytesPerMinute":105458,"InvalidPayloadsPerMinute":0,"UnauthorizedPayloadsPerMinute":0,"TotalWriteTimeLastMinute":5,"BroadcastQueueCount":0,"BroadcastSubscriptionQueuesAggregateCount":0}
{"@t":"2023-07-02T15:33:41.8406523Z","@mt":"Wrote {IndexSetCount} index sets in {Elapsed:0.000} ms","@r":["4.000"],"IndexSetCount":0,"Elapsed":4,"SourceContext":"Seq.Server.Features.Indexing.EventStoreIndexer"}
{"@t":"2023-07-02T15:33:41.8408485Z","@mt":"Indexing took {Elapsed} ms; total iteration time was {Iteration} ms","Elapsed":4,"Iteration":4.8076}
{"@t":"2023-07-02T15:38:41.8301397Z","@mt":"Metrics sampled","SystemMemoryUtilization":0.13089875049473165,"ProcessWorkingSetBytes":258768896,"ProcessCpuPercentage":0.053334311502384386,"GCTotalHeapSizeBytes":0,"GCTotalFragmentedBytes":0,"GCPauseTimePercentage":0,"ProcessThreads":32,"ArrivedEventsPerMinute":0,"IngestedEventsPerMinute":0,"IngestedBytesPerMinute":0,"InvalidPayloadsPerMinute":0,"UnauthorizedPayloadsPerMinute":0,"TotalWriteTimeLastMinute":0,"BroadcastQueueCount":0,"BroadcastSubscriptionQueuesAggregateCount":0}
{"@t":"2023-07-02T15:43:41.8363277Z","@mt":"Applying {Count} retention policies","Count":0,"SourceContext":"Seq.Server.Features.Retention.RetentionPolicyApplier"}
{"@t":"2023-07-02T15:43:41.8365962Z","@mt":"Retention processing and compaction took {Elapsed} ms; allocating {Allocation} ms for indexing","Elapsed":0.295,"Allocation":599999.705}
{"@t":"2023-07-02T15:43:41.8359091Z","@mt":"Metrics sampled","SystemMemoryUtilization":0.13099570994184018,"ProcessWorkingSetBytes":258809856,"ProcessCpuPercentage":0.04666574928025682,"GCTotalHeapSizeBytes":0,"GCTotalFragmentedBytes":0,"GCPauseTimePercentage":0,"ProcessThreads":33,"ArrivedEventsPerMinute":0,"IngestedEventsPerMinute":0,"IngestedBytesPerMinute":0,"InvalidPayloadsPerMinute":0,"UnauthorizedPayloadsPerMinute":0,"TotalWriteTimeLastMinute":0,"BroadcastQueueCount":0,"BroadcastSubscriptionQueuesAggregateCount":0}
{"@t":"2023-07-02T15:43:41.8367610Z","@mt":"Beginning indexing","SourceContext":"Seq.Server.Features.Indexing.EventStoreIndexer"}
{"@t":"2023-07-02T15:43:41.8414960Z","@mt":"Wrote {IndexSetCount} index sets in {Elapsed:0.000} ms","@r":["4.000"],"IndexSetCount":0,"Elapsed":4,"SourceContext":"Seq.Server.Features.Indexing.EventStoreIndexer"}
{"@t":"2023-07-02T15:43:41.8416986Z","@mt":"Indexing took {Elapsed} ms; total iteration time was {Iteration} ms","Elapsed":4,"Iteration":5.2304}
{"@t":"2023-07-02T15:48:41.8369796Z","@mt":"Metrics sampled","SystemMemoryUtilization":0.13184354877934412,"ProcessWorkingSetBytes":260526080,"ProcessCpuPercentage":0.0633330874953987,"GCTotalHeapSizeBytes":0,"GCTotalFragmentedBytes":0,"GCPauseTimePercentage":0,"ProcessThreads":32,"ArrivedEventsPerMinute":0,"IngestedEventsPerMinute":0,"IngestedBytesPerMinute":0,"InvalidPayloadsPerMinute":0,"UnauthorizedPayloadsPerMinute":0,"TotalWriteTimeLastMinute":0,"BroadcastQueueCount":0,"BroadcastSubscriptionQueuesAggregateCount":0}
{"@t":"2023-07-02T15:53:41.8326135Z","@mt":"Applying {Count} retention policies","Count":0,"SourceContext":"Seq.Server.Features.Retention.RetentionPolicyApplier"}
{"@t":"2023-07-02T15:53:41.8329300Z","@mt":"Retention processing and compaction took {Elapsed} ms; allocating {Allocation} ms for indexing","Elapsed":0.3418,"Allocation":599999.6582}
{"@t":"2023-07-02T15:53:41.8331197Z","@mt":"Beginning indexing","SourceContext":"Seq.Server.Features.Indexing.EventStoreIndexer"}
{"@t":"2023-07-02T15:53:41.8374434Z","@mt":"Wrote {IndexSetCount} index sets in {Elapsed:0.000} ms","@r":["4.000"],"IndexSetCount":0,"Elapsed":4,"SourceContext":"Seq.Server.Features.Indexing.EventStoreIndexer"}
{"@t":"2023-07-02T15:53:41.8376346Z","@mt":"Indexing took {Elapsed} ms; total iteration time was {Iteration} ms","Elapsed":4,"Iteration":4.869}
{"@t":"2023-07-02T15:53:41.8489326Z","@mt":"Metrics sampled","SystemMemoryUtilization":0.13237762048800805,"ProcessWorkingSetBytes":261451776,"ProcessCpuPercentage":0.04666481550454548,"GCTotalHeapSizeBytes":0,"GCTotalFragmentedBytes":0,"GCPauseTimePercentage":0,"ProcessThreads":33,"ArrivedEventsPerMinute":0,"IngestedEventsPerMinute":0,"IngestedBytesPerMinute":0,"InvalidPayloadsPerMinute":0,"UnauthorizedPayloadsPerMinute":0,"TotalWriteTimeLastMinute":0,"BroadcastQueueCount":0,"BroadcastSubscriptionQueuesAggregateCount":0}
{"@t":"2023-07-02T15:58:32.7966255Z","@mt":"Termination signal received"}
{"@t":"2023-07-02T15:58:32.8096413Z","@mt":"Signalling for {Workers} worker task(s) to complete","Workers":1,"SourceContext":"Seq.Engine.Workers.WorkerPool"}
{"@t":"2023-07-02T15:58:33.5846229Z","@mt":"Work {WorkDescription} ({WorkId}) observed cancellation and completed","WorkDescription":"Monitor alerts and trigger notifications","WorkId":"869e3fde-5f90-4ad8-aae0-6f52d3fee076","SourceContext":"Seq.Engine.Workers.WorkerPool"}
{"@t":"2023-07-02T15:58:33.6116272Z","@mt":"Stopping {Tasks} scheduled tasks","Tasks":13,"SourceContext":"Seq.Server.Tasks.TaskRunner"}
{"@t":"2023-07-02T15:58:33.6135352Z","@mt":"Stopping input channel","SourceContext":"Seq.Server.Features.Apps.Inputs.InputChannel"}
{"@t":"2023-07-02T15:58:34.5560149Z","@mt":"Shutting down input channel; {AcceptedCount} queued events will be written","AcceptedCount":0,"SourceContext":"Seq.Server.Features.Apps.Inputs.InputChannel"}
{"@t":"2023-07-02T15:58:34.5566707Z","@mt":"Stopping broadcast channel","SourceContext":"Seq.Engine.Broadcast.BroadcastChannel"}
{"@t":"2023-07-02T15:58:35.5557990Z","@mt":"Shutting down broadcast channel with {AllowableFlush} flushable event batches (+{Tolerance} tolerance)","AllowableFlush":0,"Tolerance":15,"SourceContext":"Seq.Engine.Broadcast.BroadcastChannel"}
{"@t":"2023-07-02T15:58:35.5573743Z","@mt":"Closing event store","SourceContext":"Seq.Engine.Cluster.StorageNodeCoordinator"}
{"@t":"2023-07-02T15:58:35.5642407Z","@mt":"Closing metastore","SourceContext":"Quince.Storage.Native.NativeDocumentStore"}
{"@t":"2023-07-02T15:58:35.5688002Z","@mt":"Server stopped cleanly"}
