{"@t":"2023-06-05T17:57:20.4575878Z","@mt":"Seq {SeqVersion} running on OS {OSCaption}","SeqVersion":"2023.1.9229","OSCaption":"Linux 5.10.16.3-microsoft-standard-WSL2 #1 SMP Fri Apr 2 22:23:49 UTC 2021","SourceContext":"Seq.Server.Features.Diagnostics.EnvironmentInformationWriter"}
{"@t":"2023-06-05T17:57:20.5009170Z","@mt":"Seq detected {TotalRAM} MB of RAM","TotalRAM":12884.56192,"SourceContext":"Seq.Server.Features.Diagnostics.EnvironmentInformationWriter"}
{"@t":"2023-06-05T17:57:20.8349424Z","@mt":"Opening event store at {StreamPath}","StreamPath":"/data/Stream/stream.flare","SourceContext":"Seq.Engine.Cluster.StorageNodeCoordinator"}
{"@t":"2023-06-05T17:57:20.8547264Z","@mt":"Ingestion enabled","SourceContext":"Seq.Engine.Cluster.StorageNodeCoordinator"}
{"@t":"2023-06-05T17:57:20.8671743Z","@mt":"Opening metastore {MetastorePath}","MetastorePath":"/data/Documents/metastore.flare","SourceContext":"Quince.Storage.Native.NativeDocumentStore"}
{"@t":"2023-06-05T17:57:20.8917258Z","@mt":"Initializing a new metastore","SourceContext":"Quince.Storage.Native.NativeDocumentStore"}
{"@t":"2023-06-05T17:57:21.0257835Z","@mt":"Creating default workspace for {UserId}","UserId":"user-admin"}
{"@t":"2023-06-05T17:57:21.0977400Z","@mt":"Storage subsystem available"}
{"@t":"2023-06-05T17:57:21.1541998Z","@mt":"Seq listening on {ListenUris}","ListenUris":["http://localhost/","https://localhost/","http://localhost:5341/","https://localhost:45341/"]}
{"@t":"2023-06-05T17:58:21.1864500Z","@mt":"{CollectionCount} more generation 2 garbage collection(s) occurred","CollectionCount":0,"SourceContext":"Seq.Server.Features.Diagnostics.GCLogger"}
{"@t":"2023-06-05T18:02:21.1860509Z","@mt":"Metrics sampled","SystemMemoryUtilization":0.09724714645168164,"ProcessWorkingSetBytes":203923456,"ProcessCpuPercentage":0,"GCTotalHeapSizeBytes":0,"GCTotalFragmentedBytes":0,"GCPauseTimePercentage":0,"ProcessThreads":34,"ArrivedEventsPerMinute":0,"IngestedEventsPerMinute":0,"IngestedBytesPerMinute":0,"InvalidPayloadsPerMinute":0,"UnauthorizedPayloadsPerMinute":0,"TotalWriteTimeLastMinute":0,"BroadcastQueueCount":0,"BroadcastSubscriptionQueuesAggregateCount":0}
{"@t":"2023-06-05T18:07:21.1821225Z","@mt":"Applying {Count} retention policies","Count":0,"SourceContext":"Seq.Server.Features.Retention.RetentionPolicyApplier"}
{"@t":"2023-06-05T18:07:21.1842722Z","@mt":"Retention processing and compaction took {Elapsed} ms; allocating {Allocation} ms for indexing","Elapsed":2.7976,"Allocation":599997.2024}
{"@t":"2023-06-05T18:07:21.1848972Z","@mt":"Beginning indexing","SourceContext":"Seq.Server.Features.Indexing.EventStoreIndexer"}
{"@t":"2023-06-05T18:07:21.1903004Z","@mt":"Wrote {IndexSetCount} index sets in {Elapsed:0.000} ms","@r":["5.000"],"IndexSetCount":0,"Elapsed":5,"SourceContext":"Seq.Server.Features.Indexing.EventStoreIndexer"}
{"@t":"2023-06-05T18:07:21.1907760Z","@mt":"Metrics sampled","SystemMemoryUtilization":0.10123424607671871,"ProcessWorkingSetBytes":204861440,"ProcessCpuPercentage":0.07666578363017082,"GCTotalHeapSizeBytes":0,"GCTotalFragmentedBytes":0,"GCPauseTimePercentage":0,"ProcessThreads":34,"ArrivedEventsPerMinute":0,"IngestedEventsPerMinute":0,"IngestedBytesPerMinute":0,"InvalidPayloadsPerMinute":0,"UnauthorizedPayloadsPerMinute":0,"TotalWriteTimeLastMinute":0,"BroadcastQueueCount":0,"BroadcastSubscriptionQueuesAggregateCount":0}
{"@t":"2023-06-05T18:07:21.1920734Z","@mt":"Indexing took {Elapsed} ms; total iteration time was {Iteration} ms","Elapsed":7,"Iteration":10.2201}
{"@t":"2023-06-05T18:12:21.1949179Z","@mt":"Metrics sampled","SystemMemoryUtilization":0.10492697046233757,"ProcessWorkingSetBytes":208216064,"ProcessCpuPercentage":0.05666588320416548,"GCTotalHeapSizeBytes":0,"GCTotalFragmentedBytes":0,"GCPauseTimePercentage":0,"ProcessThreads":33,"ArrivedEventsPerMinute":0,"IngestedEventsPerMinute":0,"IngestedBytesPerMinute":0,"InvalidPayloadsPerMinute":0,"UnauthorizedPayloadsPerMinute":0,"TotalWriteTimeLastMinute":0,"BroadcastQueueCount":0,"BroadcastSubscriptionQueuesAggregateCount":0}
{"@t":"2023-06-05T18:17:21.1801679Z","@mt":"Applying {Count} retention policies","Count":0,"SourceContext":"Seq.Server.Features.Retention.RetentionPolicyApplier"}
{"@t":"2023-06-05T18:17:21.1808078Z","@mt":"Retention processing and compaction took {Elapsed} ms; allocating {Allocation} ms for indexing","Elapsed":0.673,"Allocation":599999.327}
{"@t":"2023-06-05T18:17:21.1810124Z","@mt":"Beginning indexing","SourceContext":"Seq.Server.Features.Indexing.EventStoreIndexer"}
{"@t":"2023-06-05T18:17:21.1842824Z","@mt":"Wrote {IndexSetCount} index sets in {Elapsed:0.000} ms","@r":["3.000"],"IndexSetCount":0,"Elapsed":3,"SourceContext":"Seq.Server.Features.Indexing.EventStoreIndexer"}
{"@t":"2023-06-05T18:17:21.1846007Z","@mt":"Indexing took {Elapsed} ms; total iteration time was {Iteration} ms","Elapsed":3,"Iteration":4.2597}
{"@t":"2023-06-05T18:17:21.1964562Z","@mt":"Metrics sampled","SystemMemoryUtilization":0.10671197798861598,"ProcessWorkingSetBytes":216723456,"ProcessCpuPercentage":0.06333292914257954,"GCTotalHeapSizeBytes":0,"GCTotalFragmentedBytes":0,"GCPauseTimePercentage":0,"ProcessThreads":33,"ArrivedEventsPerMinute":0,"IngestedEventsPerMinute":0,"IngestedBytesPerMinute":0,"InvalidPayloadsPerMinute":0,"UnauthorizedPayloadsPerMinute":0,"TotalWriteTimeLastMinute":0,"BroadcastQueueCount":0,"BroadcastSubscriptionQueuesAggregateCount":0}
{"@t":"2023-06-05T18:22:21.1866107Z","@mt":"Metrics sampled","SystemMemoryUtilization":0.1109651597685053,"ProcessWorkingSetBytes":219312128,"ProcessCpuPercentage":0.05333510128527073,"GCTotalHeapSizeBytes":0,"GCTotalFragmentedBytes":0,"GCPauseTimePercentage":0,"ProcessThreads":33,"ArrivedEventsPerMinute":0,"IngestedEventsPerMinute":0,"IngestedBytesPerMinute":0,"InvalidPayloadsPerMinute":0,"UnauthorizedPayloadsPerMinute":0,"TotalWriteTimeLastMinute":0,"BroadcastQueueCount":0,"BroadcastSubscriptionQueuesAggregateCount":0}
{"@t":"2023-06-05T18:27:21.1809255Z","@mt":"Applying {Count} retention policies","Count":0,"SourceContext":"Seq.Server.Features.Retention.RetentionPolicyApplier"}
{"@t":"2023-06-05T18:27:21.1812743Z","@mt":"Retention processing and compaction took {Elapsed} ms; allocating {Allocation} ms for indexing","Elapsed":0.3812,"Allocation":599999.6188}
{"@t":"2023-06-05T18:27:21.1815604Z","@mt":"Beginning indexing","SourceContext":"Seq.Server.Features.Indexing.EventStoreIndexer"}
{"@t":"2023-06-05T18:27:21.1851171Z","@mt":"Wrote {IndexSetCount} index sets in {Elapsed:0.000} ms","@r":["3.000"],"IndexSetCount":0,"Elapsed":3,"SourceContext":"Seq.Server.Features.Indexing.EventStoreIndexer"}
{"@t":"2023-06-05T18:27:21.1853543Z","@mt":"Indexing took {Elapsed} ms; total iteration time was {Iteration} ms","Elapsed":3,"Iteration":4.1737}
{"@t":"2023-06-05T18:27:21.2007332Z","@mt":"Metrics sampled","SystemMemoryUtilization":0.11145408970179405,"ProcessWorkingSetBytes":235094016,"ProcessCpuPercentage":0.08666265089274959,"GCTotalHeapSizeBytes":0,"GCTotalFragmentedBytes":0,"GCPauseTimePercentage":0,"ProcessThreads":33,"ArrivedEventsPerMinute":0,"IngestedEventsPerMinute":0,"IngestedBytesPerMinute":0,"InvalidPayloadsPerMinute":0,"UnauthorizedPayloadsPerMinute":0,"TotalWriteTimeLastMinute":0,"BroadcastQueueCount":0,"BroadcastSubscriptionQueuesAggregateCount":0}
{"@t":"2023-06-05T18:32:21.2055775Z","@mt":"Metrics sampled","SystemMemoryUtilization":0.1120800344603412,"ProcessWorkingSetBytes":235544576,"ProcessCpuPercentage":0.05333241251367634,"GCTotalHeapSizeBytes":0,"GCTotalFragmentedBytes":0,"GCPauseTimePercentage":0,"ProcessThreads":33,"ArrivedEventsPerMinute":0,"IngestedEventsPerMinute":0,"IngestedBytesPerMinute":0,"InvalidPayloadsPerMinute":0,"UnauthorizedPayloadsPerMinute":0,"TotalWriteTimeLastMinute":0,"BroadcastQueueCount":0,"BroadcastSubscriptionQueuesAggregateCount":0}
{"@t":"2023-06-05T18:37:21.1812465Z","@mt":"Applying {Count} retention policies","Count":0,"SourceContext":"Seq.Server.Features.Retention.RetentionPolicyApplier"}
{"@t":"2023-06-05T18:37:21.1817655Z","@mt":"Retention processing and compaction took {Elapsed} ms; allocating {Allocation} ms for indexing","Elapsed":0.5583,"Allocation":599999.4417}
{"@t":"2023-06-05T18:37:21.1822547Z","@mt":"Beginning indexing","SourceContext":"Seq.Server.Features.Indexing.EventStoreIndexer"}
{"@t":"2023-06-05T18:37:21.1853312Z","@mt":"Wrote {IndexSetCount} index sets in {Elapsed:0.000} ms","@r":["2.000"],"IndexSetCount":0,"Elapsed":2,"SourceContext":"Seq.Server.Features.Indexing.EventStoreIndexer"}
{"@t":"2023-06-05T18:37:21.1855923Z","@mt":"Indexing took {Elapsed} ms; total iteration time was {Iteration} ms","Elapsed":3,"Iteration":3.8955}
{"@t":"2023-06-05T18:37:21.2054632Z","@mt":"Metrics sampled","SystemMemoryUtilization":0.11415210553002642,"ProcessWorkingSetBytes":235569152,"ProcessCpuPercentage":0.04999987623355718,"GCTotalHeapSizeBytes":0,"GCTotalFragmentedBytes":0,"GCPauseTimePercentage":0,"ProcessThreads":33,"ArrivedEventsPerMinute":0,"IngestedEventsPerMinute":0,"IngestedBytesPerMinute":0,"InvalidPayloadsPerMinute":0,"UnauthorizedPayloadsPerMinute":0,"TotalWriteTimeLastMinute":0,"BroadcastQueueCount":0,"BroadcastSubscriptionQueuesAggregateCount":0}
{"@t":"2023-06-05T18:42:21.2047318Z","@mt":"Metrics sampled","SystemMemoryUtilization":0.11380591261887463,"ProcessWorkingSetBytes":235593728,"ProcessCpuPercentage":0.053333584107689076,"GCTotalHeapSizeBytes":0,"GCTotalFragmentedBytes":0,"GCPauseTimePercentage":0,"ProcessThreads":33,"ArrivedEventsPerMinute":0,"IngestedEventsPerMinute":0,"IngestedBytesPerMinute":0,"InvalidPayloadsPerMinute":0,"UnauthorizedPayloadsPerMinute":0,"TotalWriteTimeLastMinute":0,"BroadcastQueueCount":0,"BroadcastSubscriptionQueuesAggregateCount":0}
{"@t":"2023-06-05T18:47:21.1811445Z","@mt":"Applying {Count} retention policies","Count":0,"SourceContext":"Seq.Server.Features.Retention.RetentionPolicyApplier"}
{"@t":"2023-06-05T18:47:21.1818014Z","@mt":"Retention processing and compaction took {Elapsed} ms; allocating {Allocation} ms for indexing","Elapsed":0.6865,"Allocation":599999.3135}
{"@t":"2023-06-05T18:47:21.1820609Z","@mt":"Beginning indexing","SourceContext":"Seq.Server.Features.Indexing.EventStoreIndexer"}
{"@t":"2023-06-05T18:47:21.1849269Z","@mt":"Wrote {IndexSetCount} index sets in {Elapsed:0.000} ms","@r":["2.000"],"IndexSetCount":0,"Elapsed":2,"SourceContext":"Seq.Server.Features.Indexing.EventStoreIndexer"}
{"@t":"2023-06-05T18:47:21.1851563Z","@mt":"Indexing took {Elapsed} ms; total iteration time was {Iteration} ms","Elapsed":3,"Iteration":3.781}
{"@t":"2023-06-05T18:47:21.2074582Z","@mt":"Metrics sampled","SystemMemoryUtilization":0.1139896587186412,"ProcessWorkingSetBytes":238596096,"ProcessCpuPercentage":0.05333290738117972,"GCTotalHeapSizeBytes":0,"GCTotalFragmentedBytes":0,"GCPauseTimePercentage":0,"ProcessThreads":33,"ArrivedEventsPerMinute":0,"IngestedEventsPerMinute":0,"IngestedBytesPerMinute":0,"InvalidPayloadsPerMinute":0,"UnauthorizedPayloadsPerMinute":0,"TotalWriteTimeLastMinute":0,"BroadcastQueueCount":0,"BroadcastSubscriptionQueuesAggregateCount":0}
{"@t":"2023-06-05T18:51:08.3665793Z","@mt":"Termination signal received"}
{"@t":"2023-06-05T18:51:08.3743759Z","@mt":"Signalling for {Workers} worker task(s) to complete","Workers":1,"SourceContext":"Seq.Engine.Workers.WorkerPool"}
{"@t":"2023-06-05T18:51:08.5722077Z","@mt":"Work {WorkDescription} ({WorkId}) observed cancellation and completed","WorkDescription":"Monitor alerts and trigger notifications","WorkId":"e0d36b50-eac3-430d-a5a9-b0a55775102f","SourceContext":"Seq.Engine.Workers.WorkerPool"}
{"@t":"2023-06-05T18:51:08.5758655Z","@mt":"Stopping {Tasks} scheduled tasks","Tasks":13,"SourceContext":"Seq.Server.Tasks.TaskRunner"}
{"@t":"2023-06-05T18:51:08.5779448Z","@mt":"Stopping input channel","SourceContext":"Seq.Server.Features.Apps.Inputs.InputChannel"}
{"@t":"2023-06-05T18:51:09.5312422Z","@mt":"Shutting down input channel; {AcceptedCount} queued events will be written","AcceptedCount":0,"SourceContext":"Seq.Server.Features.Apps.Inputs.InputChannel"}
{"@t":"2023-06-05T18:51:09.5319233Z","@mt":"Stopping broadcast channel","SourceContext":"Seq.Engine.Broadcast.BroadcastChannel"}
{"@t":"2023-06-05T18:51:10.5309550Z","@mt":"Shutting down broadcast channel with {AllowableFlush} flushable event batches (+{Tolerance} tolerance)","AllowableFlush":0,"Tolerance":15,"SourceContext":"Seq.Engine.Broadcast.BroadcastChannel"}
{"@t":"2023-06-05T18:51:10.5327959Z","@mt":"Closing event store","SourceContext":"Seq.Engine.Cluster.StorageNodeCoordinator"}
{"@t":"2023-06-05T18:51:10.5338761Z","@mt":"Closing metastore","SourceContext":"Quince.Storage.Native.NativeDocumentStore"}
{"@t":"2023-06-05T18:51:10.5365519Z","@mt":"Server stopped cleanly"}
{"@t":"2023-06-05T18:51:16.3771525Z","@mt":"Seq {SeqVersion} running on OS {OSCaption}","SeqVersion":"2023.1.9229","OSCaption":"Linux 5.10.16.3-microsoft-standard-WSL2 #1 SMP Fri Apr 2 22:23:49 UTC 2021","SourceContext":"Seq.Server.Features.Diagnostics.EnvironmentInformationWriter"}
{"@t":"2023-06-05T18:51:16.4158117Z","@mt":"Seq detected {TotalRAM} MB of RAM","TotalRAM":12884.56192,"SourceContext":"Seq.Server.Features.Diagnostics.EnvironmentInformationWriter"}
{"@t":"2023-06-05T18:51:16.7430919Z","@mt":"Opening event store at {StreamPath}","StreamPath":"/data/Stream/stream.flare","SourceContext":"Seq.Engine.Cluster.StorageNodeCoordinator"}
{"@t":"2023-06-05T18:51:16.7734528Z","@mt":"Ingestion enabled","SourceContext":"Seq.Engine.Cluster.StorageNodeCoordinator"}
{"@t":"2023-06-05T18:51:16.7856952Z","@mt":"Opening metastore {MetastorePath}","MetastorePath":"/data/Documents/metastore.flare","SourceContext":"Quince.Storage.Native.NativeDocumentStore"}
{"@t":"2023-06-05T18:51:16.8415947Z","@mt":"Storage subsystem available"}
{"@t":"2023-06-05T18:51:16.8934794Z","@mt":"Seq listening on {ListenUris}","ListenUris":["http://localhost/","https://localhost/","http://localhost:5341/","https://localhost:45341/"]}
{"@t":"2023-06-05T18:52:16.9234086Z","@mt":"{CollectionCount} more generation 2 garbage collection(s) occurred","CollectionCount":0,"SourceContext":"Seq.Server.Features.Diagnostics.GCLogger"}
{"@t":"2023-06-05T18:52:52.5481011Z","@mt":"Updated {DocumentId}","DocumentId":"apikey-default","SourceContext":"Seq.Server.Web.Api.ApiKeysController","Principal":{"Id":"user-admin","OnBehalfOfUserId":"user-admin"},"ActionId":"5b630f92-9b1b-4b29-8435-ad1b95b2c42c","ActionName":"Seq.Server.Web.Api.ApiKeysController.Update (Seq)","RequestId":"0HMR5UNGD4Q1V:00000006","RequestPath":"/api/apikeys/apikey-default","ConnectionId":"0HMR5UNGD4Q1V"}
{"@t":"2023-06-05T18:53:53.2220062Z","@mt":"Termination signal received"}
{"@t":"2023-06-05T18:53:53.2346384Z","@mt":"Signalling for {Workers} worker task(s) to complete","Workers":1,"SourceContext":"Seq.Engine.Workers.WorkerPool"}
{"@t":"2023-06-05T18:53:53.9748600Z","@mt":"Work {WorkDescription} ({WorkId}) observed cancellation and completed","WorkDescription":"Monitor alerts and trigger notifications","WorkId":"3de9999f-636d-4e7b-a6ef-977cc3ee33a7","SourceContext":"Seq.Engine.Workers.WorkerPool"}
{"@t":"2023-06-05T18:53:54.0367055Z","@mt":"Stopping {Tasks} scheduled tasks","Tasks":13,"SourceContext":"Seq.Server.Tasks.TaskRunner"}
{"@t":"2023-06-05T18:53:54.0385959Z","@mt":"Stopping input channel","SourceContext":"Seq.Server.Features.Apps.Inputs.InputChannel"}
{"@t":"2023-06-05T18:53:54.9249188Z","@mt":"Shutting down input channel; {AcceptedCount} queued events will be written","AcceptedCount":0,"SourceContext":"Seq.Server.Features.Apps.Inputs.InputChannel"}
{"@t":"2023-06-05T18:53:54.9257799Z","@mt":"Stopping broadcast channel","SourceContext":"Seq.Engine.Broadcast.BroadcastChannel"}
{"@t":"2023-06-05T18:53:55.9251612Z","@mt":"Shutting down broadcast channel with {AllowableFlush} flushable event batches (+{Tolerance} tolerance)","AllowableFlush":0,"Tolerance":15,"SourceContext":"Seq.Engine.Broadcast.BroadcastChannel"}
{"@t":"2023-06-05T18:53:55.9271178Z","@mt":"Closing event store","SourceContext":"Seq.Engine.Cluster.StorageNodeCoordinator"}
{"@t":"2023-06-05T18:53:55.9281452Z","@mt":"Closing metastore","SourceContext":"Quince.Storage.Native.NativeDocumentStore"}
{"@t":"2023-06-05T18:53:55.9309745Z","@mt":"Server stopped cleanly"}
{"@t":"2023-06-05T18:54:03.6497709Z","@mt":"Seq {SeqVersion} running on OS {OSCaption}","SeqVersion":"2023.1.9229","OSCaption":"Linux 5.10.16.3-microsoft-standard-WSL2 #1 SMP Fri Apr 2 22:23:49 UTC 2021","SourceContext":"Seq.Server.Features.Diagnostics.EnvironmentInformationWriter"}
{"@t":"2023-06-05T18:54:03.6896993Z","@mt":"Seq detected {TotalRAM} MB of RAM","TotalRAM":12884.56192,"SourceContext":"Seq.Server.Features.Diagnostics.EnvironmentInformationWriter"}
{"@t":"2023-06-05T18:54:04.0104431Z","@mt":"Opening event store at {StreamPath}","StreamPath":"/data/Stream/stream.flare","SourceContext":"Seq.Engine.Cluster.StorageNodeCoordinator"}
{"@t":"2023-06-05T18:54:04.0397478Z","@mt":"Ingestion enabled","SourceContext":"Seq.Engine.Cluster.StorageNodeCoordinator"}
{"@t":"2023-06-05T18:54:04.0520630Z","@mt":"Opening metastore {MetastorePath}","MetastorePath":"/data/Documents/metastore.flare","SourceContext":"Quince.Storage.Native.NativeDocumentStore"}
{"@t":"2023-06-05T18:54:04.1073596Z","@mt":"Storage subsystem available"}
{"@t":"2023-06-05T18:54:04.1573985Z","@mt":"Seq listening on {ListenUris}","ListenUris":["http://localhost/","https://localhost/","http://localhost:5341/","https://localhost:45341/"]}
{"@t":"2023-06-05T18:54:49.6768029Z","@mt":"Termination signal received"}
{"@t":"2023-06-05T18:54:49.6898005Z","@mt":"Signalling for {Workers} worker task(s) to complete","Workers":1,"SourceContext":"Seq.Engine.Workers.WorkerPool"}
{"@t":"2023-06-05T18:54:50.2261274Z","@mt":"Work {WorkDescription} ({WorkId}) observed cancellation and completed","WorkDescription":"Monitor alerts and trigger notifications","WorkId":"35a64e2c-e54d-44a1-b6e8-678e2d689c8a","SourceContext":"Seq.Engine.Workers.WorkerPool"}
{"@t":"2023-06-05T18:54:50.2916533Z","@mt":"Stopping {Tasks} scheduled tasks","Tasks":13,"SourceContext":"Seq.Server.Tasks.TaskRunner"}
{"@t":"2023-06-05T18:54:50.2938258Z","@mt":"Stopping input channel","SourceContext":"Seq.Server.Features.Apps.Inputs.InputChannel"}
{"@t":"2023-06-05T18:54:51.1781149Z","@mt":"Shutting down input channel; {AcceptedCount} queued events will be written","AcceptedCount":0,"SourceContext":"Seq.Server.Features.Apps.Inputs.InputChannel"}
{"@t":"2023-06-05T18:54:51.1790797Z","@mt":"Stopping broadcast channel","SourceContext":"Seq.Engine.Broadcast.BroadcastChannel"}
{"@t":"2023-06-05T18:54:52.1757331Z","@mt":"Shutting down broadcast channel with {AllowableFlush} flushable event batches (+{Tolerance} tolerance)","AllowableFlush":0,"Tolerance":15,"SourceContext":"Seq.Engine.Broadcast.BroadcastChannel"}
{"@t":"2023-06-05T18:54:52.1775813Z","@mt":"Closing event store","SourceContext":"Seq.Engine.Cluster.StorageNodeCoordinator"}
{"@t":"2023-06-05T18:54:52.1791934Z","@mt":"Closing metastore","SourceContext":"Quince.Storage.Native.NativeDocumentStore"}
{"@t":"2023-06-05T18:54:52.1821032Z","@mt":"Server stopped cleanly"}
{"@t":"2023-06-05T18:54:57.7754426Z","@mt":"Seq {SeqVersion} running on OS {OSCaption}","SeqVersion":"2023.1.9229","OSCaption":"Linux 5.10.16.3-microsoft-standard-WSL2 #1 SMP Fri Apr 2 22:23:49 UTC 2021","SourceContext":"Seq.Server.Features.Diagnostics.EnvironmentInformationWriter"}
{"@t":"2023-06-05T18:54:57.8140282Z","@mt":"Seq detected {TotalRAM} MB of RAM","TotalRAM":12884.56192,"SourceContext":"Seq.Server.Features.Diagnostics.EnvironmentInformationWriter"}
{"@t":"2023-06-05T18:54:58.1575374Z","@mt":"Opening event store at {StreamPath}","StreamPath":"/data/Stream/stream.flare","SourceContext":"Seq.Engine.Cluster.StorageNodeCoordinator"}
{"@t":"2023-06-05T18:54:58.1874648Z","@mt":"Ingestion enabled","SourceContext":"Seq.Engine.Cluster.StorageNodeCoordinator"}
{"@t":"2023-06-05T18:54:58.2004669Z","@mt":"Opening metastore {MetastorePath}","MetastorePath":"/data/Documents/metastore.flare","SourceContext":"Quince.Storage.Native.NativeDocumentStore"}
{"@t":"2023-06-05T18:54:58.2522993Z","@mt":"Storage subsystem available"}
{"@t":"2023-06-05T18:54:58.3028616Z","@mt":"Seq listening on {ListenUris}","ListenUris":["http://localhost/","https://localhost/","http://localhost:5341/","https://localhost:45341/"]}
{"@t":"2023-06-05T18:55:58.3345678Z","@mt":"{CollectionCount} more generation 2 garbage collection(s) occurred","CollectionCount":0,"SourceContext":"Seq.Server.Features.Diagnostics.GCLogger"}
{"@t":"2023-06-05T18:59:05.1342455Z","@mt":"Updated {DocumentId}","DocumentId":"apikey-default","SourceContext":"Seq.Server.Web.Api.ApiKeysController","Principal":{"Id":"user-admin","OnBehalfOfUserId":"user-admin"},"ActionId":"1d3c9112-48c1-4ea7-a586-93a1dde0f5b6","ActionName":"Seq.Server.Web.Api.ApiKeysController.Update (Seq)","RequestId":"0HMR5UPE2R0A1:00000066","RequestPath":"/api/apikeys/apikey-default","ConnectionId":"0HMR5UPE2R0A1"}
{"@t":"2023-06-05T18:59:08.8012221Z","@mt":"Updated {DocumentId}","DocumentId":"apikey-default","SourceContext":"Seq.Server.Web.Api.ApiKeysController","Principal":{"Id":"user-admin","OnBehalfOfUserId":"user-admin"},"ActionId":"1d3c9112-48c1-4ea7-a586-93a1dde0f5b6","ActionName":"Seq.Server.Web.Api.ApiKeysController.Update (Seq)","RequestId":"0HMR5UPE2R0A5:00000059","RequestPath":"/api/apikeys/apikey-default","ConnectionId":"0HMR5UPE2R0A5"}
{"@t":"2023-06-05T18:59:12.2277046Z","@mt":"Updated {DocumentId}","DocumentId":"apikey-default","SourceContext":"Seq.Server.Web.Api.ApiKeysController","Principal":{"Id":"user-admin","OnBehalfOfUserId":"user-admin"},"ActionId":"1d3c9112-48c1-4ea7-a586-93a1dde0f5b6","ActionName":"Seq.Server.Web.Api.ApiKeysController.Update (Seq)","RequestId":"0HMR5UPE2R0A1:0000006D","RequestPath":"/api/apikeys/apikey-default","ConnectionId":"0HMR5UPE2R0A1"}
{"@t":"2023-06-05T18:59:58.3266408Z","@mt":"Metrics sampled","SystemMemoryUtilization":0.1162976114596529,"ProcessWorkingSetBytes":245391360,"ProcessCpuPercentage":0,"GCTotalHeapSizeBytes":0,"GCTotalFragmentedBytes":0,"GCPauseTimePercentage":0,"ProcessThreads":33,"ArrivedEventsPerMinute":0,"IngestedEventsPerMinute":0,"IngestedBytesPerMinute":0,"InvalidPayloadsPerMinute":0,"UnauthorizedPayloadsPerMinute":0,"TotalWriteTimeLastMinute":0,"BroadcastQueueCount":0,"BroadcastSubscriptionQueuesAggregateCount":0}
{"@t":"2023-06-05T19:04:58.3313245Z","@mt":"Metrics sampled","SystemMemoryUtilization":0.11608652597480007,"ProcessWorkingSetBytes":255737856,"ProcessCpuPercentage":0.23666357797031057,"GCTotalHeapSizeBytes":0,"GCTotalFragmentedBytes":0,"GCPauseTimePercentage":0,"ProcessThreads":36,"ArrivedEventsPerMinute":60,"IngestedEventsPerMinute":60,"IngestedBytesPerMinute":4937,"InvalidPayloadsPerMinute":0,"UnauthorizedPayloadsPerMinute":0,"TotalWriteTimeLastMinute":2,"BroadcastQueueCount":1,"BroadcastSubscriptionQueuesAggregateCount":0}
{"@t":"2023-06-05T19:04:58.3331712Z","@mt":"Applying {Count} retention policies","Count":0,"SourceContext":"Seq.Server.Features.Retention.RetentionPolicyApplier"}
{"@t":"2023-06-05T19:04:58.3352104Z","@mt":"Retention processing and compaction took {Elapsed} ms; allocating {Allocation} ms for indexing","Elapsed":2.6932,"Allocation":599997.3068}
{"@t":"2023-06-05T19:04:58.3359479Z","@mt":"Beginning indexing","SourceContext":"Seq.Server.Features.Indexing.EventStoreIndexer"}
{"@t":"2023-06-05T19:04:58.3408709Z","@mt":"Wrote {IndexSetCount} index sets in {Elapsed:0.000} ms","@r":["4.000"],"IndexSetCount":0,"Elapsed":4,"SourceContext":"Seq.Server.Features.Indexing.EventStoreIndexer"}
{"@t":"2023-06-05T19:04:58.3418090Z","@mt":"Indexing took {Elapsed} ms; total iteration time was {Iteration} ms","Elapsed":6,"Iteration":8.8281}
{"@t":"2023-06-05T19:09:58.3364345Z","@mt":"Metrics sampled","SystemMemoryUtilization":0.11637740431612598,"ProcessWorkingSetBytes":256262144,"ProcessCpuPercentage":0.07333216784074578,"GCTotalHeapSizeBytes":0,"GCTotalFragmentedBytes":0,"GCPauseTimePercentage":0,"ProcessThreads":33,"ArrivedEventsPerMinute":0,"IngestedEventsPerMinute":0,"IngestedBytesPerMinute":0,"InvalidPayloadsPerMinute":0,"UnauthorizedPayloadsPerMinute":0,"TotalWriteTimeLastMinute":0,"BroadcastQueueCount":0,"BroadcastSubscriptionQueuesAggregateCount":0}
{"@t":"2023-06-05T19:14:58.3301358Z","@mt":"Applying {Count} retention policies","Count":0,"SourceContext":"Seq.Server.Features.Retention.RetentionPolicyApplier"}
{"@t":"2023-06-05T19:14:58.3306237Z","@mt":"Retention processing and compaction took {Elapsed} ms; allocating {Allocation} ms for indexing","Elapsed":0.5192,"Allocation":599999.4808}
{"@t":"2023-06-05T19:14:58.3308702Z","@mt":"Beginning indexing","SourceContext":"Seq.Server.Features.Indexing.EventStoreIndexer"}
{"@t":"2023-06-05T19:14:58.3357680Z","@mt":"Wrote {IndexSetCount} index sets in {Elapsed:0.000} ms","@r":["4.000"],"IndexSetCount":0,"Elapsed":4,"SourceContext":"Seq.Server.Features.Indexing.EventStoreIndexer"}
{"@t":"2023-06-05T19:14:58.3367390Z","@mt":"Indexing took {Elapsed} ms; total iteration time was {Iteration} ms","Elapsed":5,"Iteration":6.3855}
{"@t":"2023-06-05T19:14:58.3461245Z","@mt":"Metrics sampled","SystemMemoryUtilization":0.11641332699653018,"ProcessWorkingSetBytes":256438272,"ProcessCpuPercentage":0.0633312480253296,"GCTotalHeapSizeBytes":0,"GCTotalFragmentedBytes":0,"GCPauseTimePercentage":0,"ProcessThreads":33,"ArrivedEventsPerMinute":0,"IngestedEventsPerMinute":0,"IngestedBytesPerMinute":0,"InvalidPayloadsPerMinute":0,"UnauthorizedPayloadsPerMinute":0,"TotalWriteTimeLastMinute":0,"BroadcastQueueCount":0,"BroadcastSubscriptionQueuesAggregateCount":0}
{"@t":"2023-06-05T19:19:11.1605635Z","@mt":"Updated {DocumentId}","DocumentId":"apikey-default","SourceContext":"Seq.Server.Web.Api.ApiKeysController","Principal":{"Id":"user-admin","OnBehalfOfUserId":"user-admin"},"ActionId":"1d3c9112-48c1-4ea7-a586-93a1dde0f5b6","ActionName":"Seq.Server.Web.Api.ApiKeysController.Update (Seq)","RequestId":"0HMR5UPE2R0AD:00000009","RequestPath":"/api/apikeys/apikey-default","ConnectionId":"0HMR5UPE2R0AD"}
{"@t":"2023-06-05T19:19:58.3410947Z","@mt":"Metrics sampled","SystemMemoryUtilization":0.11850129305754464,"ProcessWorkingSetBytes":264822784,"ProcessCpuPercentage":0.09333488431021754,"GCTotalHeapSizeBytes":0,"GCTotalFragmentedBytes":0,"GCPauseTimePercentage":0,"ProcessThreads":33,"ArrivedEventsPerMinute":19,"IngestedEventsPerMinute":19,"IngestedBytesPerMinute":10184,"InvalidPayloadsPerMinute":0,"UnauthorizedPayloadsPerMinute":0,"TotalWriteTimeLastMinute":2,"BroadcastQueueCount":0,"BroadcastSubscriptionQueuesAggregateCount":0}
{"@t":"2023-06-05T19:24:58.3305521Z","@mt":"Applying {Count} retention policies","Count":0,"SourceContext":"Seq.Server.Features.Retention.RetentionPolicyApplier"}
{"@t":"2023-06-05T19:24:58.3309263Z","@mt":"Retention processing and compaction took {Elapsed} ms; allocating {Allocation} ms for indexing","Elapsed":0.4021,"Allocation":599999.5979}
{"@t":"2023-06-05T19:24:58.3314375Z","@mt":"Beginning indexing","SourceContext":"Seq.Server.Features.Indexing.EventStoreIndexer"}
{"@t":"2023-06-05T19:24:58.3358616Z","@mt":"Wrote {IndexSetCount} index sets in {Elapsed:0.000} ms","@r":["4.000"],"IndexSetCount":0,"Elapsed":4,"SourceContext":"Seq.Server.Features.Indexing.EventStoreIndexer"}
{"@t":"2023-06-05T19:24:58.3361477Z","@mt":"Indexing took {Elapsed} ms; total iteration time was {Iteration} ms","Elapsed":4,"Iteration":5.1102}
{"@t":"2023-06-05T19:24:58.3448115Z","@mt":"Metrics sampled","SystemMemoryUtilization":0.11854897803153253,"ProcessWorkingSetBytes":267956224,"ProcessCpuPercentage":0.08333231912345472,"GCTotalHeapSizeBytes":0,"GCTotalFragmentedBytes":0,"GCPauseTimePercentage":0,"ProcessThreads":33,"ArrivedEventsPerMinute":0,"IngestedEventsPerMinute":0,"IngestedBytesPerMinute":0,"InvalidPayloadsPerMinute":0,"UnauthorizedPayloadsPerMinute":0,"TotalWriteTimeLastMinute":0,"BroadcastQueueCount":0,"BroadcastSubscriptionQueuesAggregateCount":0}
{"@t":"2023-06-05T19:29:58.3409659Z","@mt":"Metrics sampled","SystemMemoryUtilization":0.11880393369245412,"ProcessWorkingSetBytes":268976128,"ProcessCpuPercentage":0.05000063132463798,"GCTotalHeapSizeBytes":0,"GCTotalFragmentedBytes":0,"GCPauseTimePercentage":0,"ProcessThreads":32,"ArrivedEventsPerMinute":0,"IngestedEventsPerMinute":0,"IngestedBytesPerMinute":0,"InvalidPayloadsPerMinute":0,"UnauthorizedPayloadsPerMinute":0,"TotalWriteTimeLastMinute":0,"BroadcastQueueCount":0,"BroadcastSubscriptionQueuesAggregateCount":0}
{"@t":"2023-06-05T19:34:58.3304688Z","@mt":"Applying {Count} retention policies","Count":0,"SourceContext":"Seq.Server.Features.Retention.RetentionPolicyApplier"}
{"@t":"2023-06-05T19:34:58.3308588Z","@mt":"Retention processing and compaction took {Elapsed} ms; allocating {Allocation} ms for indexing","Elapsed":0.4195,"Allocation":599999.5805}
{"@t":"2023-06-05T19:34:58.3312391Z","@mt":"Beginning indexing","SourceContext":"Seq.Server.Features.Indexing.EventStoreIndexer"}
{"@t":"2023-06-05T19:34:58.3353853Z","@mt":"Wrote {IndexSetCount} index sets in {Elapsed:0.000} ms","@r":["3.000"],"IndexSetCount":0,"Elapsed":3,"SourceContext":"Seq.Server.Features.Indexing.EventStoreIndexer"}
{"@t":"2023-06-05T19:34:58.3356579Z","@mt":"Indexing took {Elapsed} ms; total iteration time was {Iteration} ms","Elapsed":4,"Iteration":4.8352}
{"@t":"2023-06-05T19:34:58.3447238Z","@mt":"Metrics sampled","SystemMemoryUtilization":0.1190029389838968,"ProcessWorkingSetBytes":269615104,"ProcessCpuPercentage":0.05333265428420144,"GCTotalHeapSizeBytes":0,"GCTotalFragmentedBytes":0,"GCPauseTimePercentage":0,"ProcessThreads":33,"ArrivedEventsPerMinute":0,"IngestedEventsPerMinute":0,"IngestedBytesPerMinute":0,"InvalidPayloadsPerMinute":0,"UnauthorizedPayloadsPerMinute":0,"TotalWriteTimeLastMinute":0,"BroadcastQueueCount":0,"BroadcastSubscriptionQueuesAggregateCount":0}
{"@t":"2023-06-05T19:39:58.3562977Z","@mt":"Metrics sampled","SystemMemoryUtilization":0.11944323024371795,"ProcessWorkingSetBytes":270618624,"ProcessCpuPercentage":0.05333120159632019,"GCTotalHeapSizeBytes":0,"GCTotalFragmentedBytes":0,"GCPauseTimePercentage":0,"ProcessThreads":33,"ArrivedEventsPerMinute":0,"IngestedEventsPerMinute":0,"IngestedBytesPerMinute":0,"InvalidPayloadsPerMinute":0,"UnauthorizedPayloadsPerMinute":0,"TotalWriteTimeLastMinute":0,"BroadcastQueueCount":0,"BroadcastSubscriptionQueuesAggregateCount":0}
{"@t":"2023-06-05T19:44:58.3315021Z","@mt":"Applying {Count} retention policies","Count":0,"SourceContext":"Seq.Server.Features.Retention.RetentionPolicyApplier"}
{"@t":"2023-06-05T19:44:58.3318847Z","@mt":"Retention processing and compaction took {Elapsed} ms; allocating {Allocation} ms for indexing","Elapsed":0.6903,"Allocation":599999.3097}
{"@t":"2023-06-05T19:44:58.3322395Z","@mt":"Beginning indexing","SourceContext":"Seq.Server.Features.Indexing.EventStoreIndexer"}
{"@t":"2023-06-05T19:44:58.3361713Z","@mt":"Wrote {IndexSetCount} index sets in {Elapsed:0.000} ms","@r":["3.000"],"IndexSetCount":0,"Elapsed":3,"SourceContext":"Seq.Server.Features.Indexing.EventStoreIndexer"}
{"@t":"2023-06-05T19:44:58.3363768Z","@mt":"Indexing took {Elapsed} ms; total iteration time was {Iteration} ms","Elapsed":4,"Iteration":4.8266}
{"@t":"2023-06-05T19:44:58.3635089Z","@mt":"Metrics sampled","SystemMemoryUtilization":0.11959423266134606,"ProcessWorkingSetBytes":271826944,"ProcessCpuPercentage":0.049998844560034776,"GCTotalHeapSizeBytes":0,"GCTotalFragmentedBytes":0,"GCPauseTimePercentage":0,"ProcessThreads":33,"ArrivedEventsPerMinute":0,"IngestedEventsPerMinute":0,"IngestedBytesPerMinute":0,"InvalidPayloadsPerMinute":0,"UnauthorizedPayloadsPerMinute":0,"TotalWriteTimeLastMinute":0,"BroadcastQueueCount":0,"BroadcastSubscriptionQueuesAggregateCount":0}
{"@t":"2023-06-05T19:48:43.2481923Z","@mt":"Updated {DocumentId}","DocumentId":"apikey-default","SourceContext":"Seq.Server.Web.Api.ApiKeysController","Principal":{"Id":"user-admin","OnBehalfOfUserId":"user-admin"},"ActionId":"1d3c9112-48c1-4ea7-a586-93a1dde0f5b6","ActionName":"Seq.Server.Web.Api.ApiKeysController.Update (Seq)","RequestId":"0HMR5UPE2R0AL:0000000A","RequestPath":"/api/apikeys/apikey-default","ConnectionId":"0HMR5UPE2R0AL"}
{"@t":"2023-06-05T19:48:48.6490807Z","@mt":"Updated {DocumentId}","DocumentId":"apikey-default","SourceContext":"Seq.Server.Web.Api.ApiKeysController","Principal":{"Id":"user-admin","OnBehalfOfUserId":"user-admin"},"ActionId":"1d3c9112-48c1-4ea7-a586-93a1dde0f5b6","ActionName":"Seq.Server.Web.Api.ApiKeysController.Update (Seq)","RequestId":"0HMR5UPE2R0AO:00000004","RequestPath":"/api/apikeys/apikey-default","ConnectionId":"0HMR5UPE2R0AO"}
{"@t":"2023-06-05T19:49:58.3661108Z","@mt":"Metrics sampled","SystemMemoryUtilization":0.12042776600665361,"ProcessWorkingSetBytes":276877312,"ProcessCpuPercentage":0.12666553174350226,"GCTotalHeapSizeBytes":0,"GCTotalFragmentedBytes":0,"GCPauseTimePercentage":0,"ProcessThreads":32,"ArrivedEventsPerMinute":60,"IngestedEventsPerMinute":60,"IngestedBytesPerMinute":13260,"InvalidPayloadsPerMinute":0,"UnauthorizedPayloadsPerMinute":0,"TotalWriteTimeLastMinute":0,"BroadcastQueueCount":1,"BroadcastSubscriptionQueuesAggregateCount":0}
{"@t":"2023-06-05T19:54:58.3396988Z","@mt":"Applying {Count} retention policies","Count":0,"SourceContext":"Seq.Server.Features.Retention.RetentionPolicyApplier"}
{"@t":"2023-06-05T19:54:58.3400544Z","@mt":"Retention processing and compaction took {Elapsed} ms; allocating {Allocation} ms for indexing","Elapsed":0.3982,"Allocation":599999.6018}
{"@t":"2023-06-05T19:54:58.3402663Z","@mt":"Beginning indexing","SourceContext":"Seq.Server.Features.Indexing.EventStoreIndexer"}
{"@t":"2023-06-05T19:54:58.3447685Z","@mt":"Wrote {IndexSetCount} index sets in {Elapsed:0.000} ms","@r":["4.000"],"IndexSetCount":0,"Elapsed":4,"SourceContext":"Seq.Server.Features.Indexing.EventStoreIndexer"}
{"@t":"2023-06-05T19:54:58.3449518Z","@mt":"Indexing took {Elapsed} ms; total iteration time was {Iteration} ms","Elapsed":4,"Iteration":5.0817}
{"@t":"2023-06-05T19:54:58.3403113Z","@mt":"Native storage metrics sampled","ABI_INTERNAL_ERROR":0,"ABI_IO_ERROR":0,"ABI_PANIC":0,"CHANNEL_RECEIVE":379,"CHANNEL_SEND":363,"CHANNEL_SEND_BACKPRESSURE":0,"DELETE_ABANDON":0,"DELETE_BEGIN":0,"DELETE_COMPLETE":0,"DELETE_CORRUPTED_EVENT":0,"DELETE_CORRUPTED_REGION":0,"DELETE_EXCLUDE_EVENT":0,"DELETE_SKIP_SPAN":0,"DOC_COLL_CHECKPOINT":0,"DOC_COLL_CREATE":0,"DOC_COLL_KVS_REMOVE":0,"DOC_COLL_READ_BEGIN":2,"DOC_COLL_READ_COMPLETE":2,"DOC_COLL_REMOVE":0,"DOC_COLL_WRITE_ABORT":0,"DOC_COLL_WRITE_BEGIN":15,"DOC_COLL_WRITE_COMMIT":15,"DOC_COLL_WRITE_RECORD_DELETE":0,"DOC_COLL_WRITE_RECORD_SET":15,"INDEX_SET_CREATE":0,"INDEX_SET_LOAD":0,"INDEX_SET_MISSING_INDEX_LOOKUP":0,"INDEX_SET_REMOVE":0,"INDEXER_ABORT":0,"INDEXER_BEGIN_NEW":0,"INDEXER_BEGIN_OUTDATED":0,"INDEXER_COALESCED_GEN0":0,"INDEXER_COALESCED_GEN1":0,"INDEXER_COMMIT":0,"INDEXER_CORRUPTED_REGION":0,"INDEXER_INVALID_DEFINITIONS_LAST_UPDATE":0,"INGEST_BUF_CACHE_EVENT_FROM_DISK":0,"INGEST_BUF_CACHE_EVENT_INCOMING":0,"INGEST_BUF_CREATE":5,"INGEST_BUF_READ":76,"INGEST_BUF_READ_TRUNCATED":0,"INGEST_BUF_REMOVE":0,"INGEST_BUF_WRITE_EVENT":583,"KERNEL_MVCC_NEXT_DATA_GENERATION":5,"KERNEL_MVCC_NEXT_WRITE_GENERATION":299,"KERNEL_MVCC_WORK_LAST_ADVANCE":4,"KERNEL_MVCC_WORK_LAST_DEFER":0,"KEYVALUES_READ_TRUNCATED":0,"LEAD_TRANSACTION_DIRTY_COMPLETE":0,"MAINTENANCE_TRANSACTION_BEGIN":5,"MAINTENANCE_TRANSACTION_COMPLETE":5,"MAINTENANCE_TRANSACTION_DIRTY_COMPLETE":0,"MEMORY_CONTROLLER_ENTER_SAFE_MODE":0,"MEMORY_CONTROLLER_EXTEND_SAFE_MODE":0,"MEMORY_CONTROLLER_LEAVE_SAFE_MODE":0,"MEMORY_CONTROLLER_RELEASE_TRACKED_MEMORY":0,"MEMORY_MONITOR_LAST_DANGER_TRACKED_BYTES":0,"MEMORY_MONITOR_STATUS_CRITICAL":0,"MEMORY_MONITOR_STATUS_DANGER":0,"MEMORY_MONITOR_STATUS_NORMAL":0,"MEMORY_MONITOR_TERMINATE_PANIC":0,"MEMORY_PLATFORM_LAST_UTILIZATION":0,"MEMORY_PLATFORM_LIMIT_BYTES":0,"MEMORY_PLATFORM_SAMPLE_FAILED":4,"MEMORY_PLATFORM_TOTAL_BYTES":0,"NAMESPACE_CLOSE":0,"NAMESPACE_CREATE":4,"NAMESPACE_OBJECT_FIND_BY_NAME":1423,"NAMESPACE_OBJECT_GET_BY_ID":1427,"NAMESPACE_OBJECT_GET_CAPABILITY":314,"NAMESPACE_OBJECT_QUERY_CAPABILITY":537,"NAMESPACE_OBJECT_REGISTER":48,"NAMESPACE_OBJECT_UNREGISTER":0,"NET_INCOMING_COMPLETED":0,"NET_INCOMING_ESTABLISHED":0,"NET_INCOMING_FAILED":0,"NET_INCOMING_INVALID_KEY":0,"NET_INCOMING_NOT_ESTABLISHED":0,"NET_INCOMING_SOCKET_ACCEPTED":0,"NODE_MESSAGE_BYTES_RECEIVED":0,"NODE_MESSAGE_BYTES_SENT":0,"NODE_MESSAGE_RECEIVED":0,"NODE_MESSAGE_SENT":0,"QUERY_EXECUTE_BEGIN":191,"QUERY_EXECUTE_END_CANCEL":0,"QUERY_EXECUTE_END_DONE":180,"QUERY_EXECUTE_END_PARTIAL":11,"QUERY_EXECUTE_RESUME_ERROR":0,"QUERY_SCHEDULE_DELETE_RECORDS":0,"QUERY_SCHEDULE_EXECUTE_PROCEDURE":5,"QUERY_SCHEDULE_READ_PARTITION_COMPUTE":51,"QUERY_SCHEDULE_READ_PARTITION_FROM_CACHE":0,"QUERY_SCHEDULE_READ_PARTITION_POPULATE_CACHE":0,"QUERY_SCHEDULE_READ_RECORDS":187,"QUERY_SCHEDULE_READ_RECORDS_FALLBACK":0,"QUERY_SCHEDULE_READ_RECORDS_PARALLEL":65,"QUERY_SCHEDULE_READ_RECORDS_SERIAL":122,"QUERY_SCHEDULE_SCALAR":0,"READ_TRANSACTION_BEGIN":94,"READ_TRANSACTION_BEGIN_FORK":51,"READ_TRANSACTION_COMPLETE":145,"READ_TRANSACTION_DIRTY_COMPLETE":0,"REGION_INCLUDED_INGEST_BUF":89,"REGION_INCLUDED_STABLE_SPAN":0,"REGION_READ":89,"REPLICATION_FULL_SYNC":0,"STABLE_SPAN_CREATE":0,"STABLE_SPAN_LAST_SEEK_PROBES":0,"STABLE_SPAN_READ":0,"STABLE_SPAN_READ_NO_INDEX_SET":0,"STABLE_SPAN_READ_SKIP":0,"STABLE_SPAN_REMOVE":0,"STABLE_SPAN_SEEK":0,"STABLE_SPAN_SPARSE_READ":0,"STORE_CLOSE":0,"STORE_CREATE":0,"STORE_OPEN":2,"SYNC_LOCK_ACQUISITION":0,"SYNC_LOCK_TOTAL_WAIT_TIME_NS":0,"SYNC_LOCK_WORST_CASE_WAIT_TIME_NS":0,"TIME_SLICE_CACHE_ADD_BUCKET":0,"TIME_SLICE_CACHE_ADD_QUERY":0,"TIME_SLICE_CACHE_EVICT_BUCKET":0,"TIME_SLICE_CACHE_EVICT_QUERY":0,"TIME_SLICE_CACHE_FILL_BUCKET":0,"TIME_SLICE_CACHE_GC":0,"TIME_SLICE_CACHE_INVALIDATE_BUCKET":0,"TRUNCATE_COMPLETE":0,"WORKER_ENQUEUE_PARTITION":35,"WORKER_EXECUTE_PARTITION":35,"WORKER_SAMPLE_ABANDONED":0,"WORKER_SAMPLE_CANCELED":0,"WORKER_THREAD_AFFINITIZE":0,"WORKER_THREAD_CANCEL":0,"WORKER_THREAD_DEPRIORITIZE":35,"WORKER_THREAD_DONE":35,"WORKER_THREAD_ERROR":0,"WORKER_THREAD_PANIC":0,"WORKER_THREAD_SPAWN":35,"WRITE_LOCK_ACQUISITION":0,"WRITE_LOCK_TOTAL_WAIT_TIME_NS":0,"WRITE_LOCK_WORST_CASE_WAIT_TIME_NS":0,"WRITE_TRANSACTION_BEGIN":300,"WRITE_TRANSACTION_COMPLETE":300,"WRITE_TRANSACTION_DIRTY_COMPLETE":0,"WRITER_ABORT":0,"WRITER_BEGIN":284,"WRITER_COMMIT":284,"WRITER_COMMIT_MULTIPLE_BUFS":0}
{"@t":"2023-06-05T19:54:58.3718394Z","@mt":"Metrics sampled","SystemMemoryUtilization":0.12136111989750908,"ProcessWorkingSetBytes":289165312,"ProcessCpuPercentage":0.13999732026462702,"GCTotalHeapSizeBytes":0,"GCTotalFragmentedBytes":0,"GCPauseTimePercentage":0,"ProcessThreads":33,"ArrivedEventsPerMinute":55,"IngestedEventsPerMinute":55,"IngestedBytesPerMinute":12020,"InvalidPayloadsPerMinute":0,"UnauthorizedPayloadsPerMinute":0,"TotalWriteTimeLastMinute":1,"BroadcastQueueCount":0,"BroadcastSubscriptionQueuesAggregateCount":0}
{"@t":"2023-06-05T19:59:58.3680596Z","@mt":"Metrics sampled","SystemMemoryUtilization":0.12143232945866433,"ProcessWorkingSetBytes":289460224,"ProcessCpuPercentage":0.04666723129349809,"GCTotalHeapSizeBytes":0,"GCTotalFragmentedBytes":0,"GCPauseTimePercentage":0,"ProcessThreads":32,"ArrivedEventsPerMinute":0,"IngestedEventsPerMinute":0,"IngestedBytesPerMinute":0,"InvalidPayloadsPerMinute":0,"UnauthorizedPayloadsPerMinute":0,"TotalWriteTimeLastMinute":0,"BroadcastQueueCount":0,"BroadcastSubscriptionQueuesAggregateCount":0}
{"@t":"2023-06-05T20:04:58.3398301Z","@mt":"Applying {Count} retention policies","Count":0,"SourceContext":"Seq.Server.Features.Retention.RetentionPolicyApplier"}
{"@t":"2023-06-05T20:04:58.3401239Z","@mt":"Retention processing and compaction took {Elapsed} ms; allocating {Allocation} ms for indexing","Elapsed":0.3197,"Allocation":599999.6803}
{"@t":"2023-06-05T20:04:58.3403131Z","@mt":"Beginning indexing","SourceContext":"Seq.Server.Features.Indexing.EventStoreIndexer"}
{"@t":"2023-06-05T20:04:58.3444599Z","@mt":"Wrote {IndexSetCount} index sets in {Elapsed:0.000} ms","@r":["3.000"],"IndexSetCount":0,"Elapsed":3,"SourceContext":"Seq.Server.Features.Indexing.EventStoreIndexer"}
{"@t":"2023-06-05T20:04:58.3446733Z","@mt":"Indexing took {Elapsed} ms; total iteration time was {Iteration} ms","Elapsed":4,"Iteration":4.6784}
{"@t":"2023-06-05T20:04:58.3740992Z","@mt":"Metrics sampled","SystemMemoryUtilization":0.12173147319548139,"ProcessWorkingSetBytes":289497088,"ProcessCpuPercentage":0.043332470583844006,"GCTotalHeapSizeBytes":0,"GCTotalFragmentedBytes":0,"GCPauseTimePercentage":0,"ProcessThreads":33,"ArrivedEventsPerMinute":0,"IngestedEventsPerMinute":0,"IngestedBytesPerMinute":0,"InvalidPayloadsPerMinute":0,"UnauthorizedPayloadsPerMinute":0,"TotalWriteTimeLastMinute":0,"BroadcastQueueCount":0,"BroadcastSubscriptionQueuesAggregateCount":0}
{"@t":"2023-06-05T20:09:58.3754899Z","@mt":"Metrics sampled","SystemMemoryUtilization":0.12187166701900565,"ProcessWorkingSetBytes":289513472,"ProcessCpuPercentage":0.046666391848285076,"GCTotalHeapSizeBytes":0,"GCTotalFragmentedBytes":0,"GCPauseTimePercentage":0,"ProcessThreads":33,"ArrivedEventsPerMinute":0,"IngestedEventsPerMinute":0,"IngestedBytesPerMinute":0,"InvalidPayloadsPerMinute":0,"UnauthorizedPayloadsPerMinute":0,"TotalWriteTimeLastMinute":0,"BroadcastQueueCount":0,"BroadcastSubscriptionQueuesAggregateCount":0}
{"@t":"2023-06-05T20:14:58.3401626Z","@mt":"Applying {Count} retention policies","Count":0,"SourceContext":"Seq.Server.Features.Retention.RetentionPolicyApplier"}
{"@t":"2023-06-05T20:14:58.3405894Z","@mt":"Retention processing and compaction took {Elapsed} ms; allocating {Allocation} ms for indexing","Elapsed":0.4524,"Allocation":599999.5476}
{"@t":"2023-06-05T20:14:58.3408341Z","@mt":"Beginning indexing","SourceContext":"Seq.Server.Features.Indexing.EventStoreIndexer"}
{"@t":"2023-06-05T20:14:58.3450980Z","@mt":"Wrote {IndexSetCount} index sets in {Elapsed:0.000} ms","@r":["3.000"],"IndexSetCount":0,"Elapsed":3,"SourceContext":"Seq.Server.Features.Indexing.EventStoreIndexer"}
{"@t":"2023-06-05T20:14:58.3452946Z","@mt":"Indexing took {Elapsed} ms; total iteration time was {Iteration} ms","Elapsed":4,"Iteration":4.8984}
{"@t":"2023-06-05T20:14:58.3741602Z","@mt":"Metrics sampled","SystemMemoryUtilization":0.12196385796871545,"ProcessWorkingSetBytes":289837056,"ProcessCpuPercentage":0.046666848216261846,"GCTotalHeapSizeBytes":0,"GCTotalFragmentedBytes":0,"GCPauseTimePercentage":0,"ProcessThreads":33,"ArrivedEventsPerMinute":0,"IngestedEventsPerMinute":0,"IngestedBytesPerMinute":0,"InvalidPayloadsPerMinute":0,"UnauthorizedPayloadsPerMinute":0,"TotalWriteTimeLastMinute":0,"BroadcastQueueCount":0,"BroadcastSubscriptionQueuesAggregateCount":0}
{"@t":"2023-06-05T20:19:58.3759101Z","@mt":"Metrics sampled","SystemMemoryUtilization":0.12212535108062095,"ProcessWorkingSetBytes":290066432,"ProcessCpuPercentage":0.04333312052437844,"GCTotalHeapSizeBytes":0,"GCTotalFragmentedBytes":0,"GCPauseTimePercentage":0,"ProcessThreads":32,"ArrivedEventsPerMinute":0,"IngestedEventsPerMinute":0,"IngestedBytesPerMinute":0,"InvalidPayloadsPerMinute":0,"UnauthorizedPayloadsPerMinute":0,"TotalWriteTimeLastMinute":0,"BroadcastQueueCount":0,"BroadcastSubscriptionQueuesAggregateCount":0}
{"@t":"2023-06-05T20:24:58.3495626Z","@mt":"Applying {Count} retention policies","Count":0,"SourceContext":"Seq.Server.Features.Retention.RetentionPolicyApplier"}
{"@t":"2023-06-05T20:24:58.3499068Z","@mt":"Retention processing and compaction took {Elapsed} ms; allocating {Allocation} ms for indexing","Elapsed":0.3769,"Allocation":599999.6231}
{"@t":"2023-06-05T20:24:58.3501523Z","@mt":"Beginning indexing","SourceContext":"Seq.Server.Features.Indexing.EventStoreIndexer"}
{"@t":"2023-06-05T20:24:58.3545598Z","@mt":"Wrote {IndexSetCount} index sets in {Elapsed:0.000} ms","@r":["4.000"],"IndexSetCount":0,"Elapsed":4,"SourceContext":"Seq.Server.Features.Indexing.EventStoreIndexer"}
{"@t":"2023-06-05T20:24:58.3547416Z","@mt":"Indexing took {Elapsed} ms; total iteration time was {Iteration} ms","Elapsed":4,"Iteration":4.9645}
{"@t":"2023-06-05T20:24:58.3839697Z","@mt":"Metrics sampled","SystemMemoryUtilization":0.12230623608194824,"ProcessWorkingSetBytes":291139584,"ProcessCpuPercentage":0.0566651361980031,"GCTotalHeapSizeBytes":0,"GCTotalFragmentedBytes":0,"GCPauseTimePercentage":0,"ProcessThreads":33,"ArrivedEventsPerMinute":0,"IngestedEventsPerMinute":0,"IngestedBytesPerMinute":0,"InvalidPayloadsPerMinute":0,"UnauthorizedPayloadsPerMinute":0,"TotalWriteTimeLastMinute":0,"BroadcastQueueCount":0,"BroadcastSubscriptionQueuesAggregateCount":0}
{"@t":"2023-06-05T20:29:58.3722887Z","@mt":"Metrics sampled","SystemMemoryUtilization":0.12258503422986378,"ProcessWorkingSetBytes":289914880,"ProcessCpuPercentage":0.0466684687695882,"GCTotalHeapSizeBytes":0,"GCTotalFragmentedBytes":0,"GCPauseTimePercentage":0,"ProcessThreads":32,"ArrivedEventsPerMinute":0,"IngestedEventsPerMinute":0,"IngestedBytesPerMinute":0,"InvalidPayloadsPerMinute":0,"UnauthorizedPayloadsPerMinute":0,"TotalWriteTimeLastMinute":0,"BroadcastQueueCount":0,"BroadcastSubscriptionQueuesAggregateCount":0}
{"@t":"2023-06-05T20:34:58.3435939Z","@mt":"Applying {Count} retention policies","Count":0,"SourceContext":"Seq.Server.Features.Retention.RetentionPolicyApplier"}
{"@t":"2023-06-05T20:34:58.3438919Z","@mt":"Retention processing and compaction took {Elapsed} ms; allocating {Allocation} ms for indexing","Elapsed":0.4269,"Allocation":599999.5731}
{"@t":"2023-06-05T20:34:58.3440841Z","@mt":"Beginning indexing","SourceContext":"Seq.Server.Features.Indexing.EventStoreIndexer"}
{"@t":"2023-06-05T20:34:58.3481142Z","@mt":"Wrote {IndexSetCount} index sets in {Elapsed:0.000} ms","@r":["3.000"],"IndexSetCount":0,"Elapsed":3,"SourceContext":"Seq.Server.Features.Indexing.EventStoreIndexer"}
{"@t":"2023-06-05T20:34:58.3483609Z","@mt":"Indexing took {Elapsed} ms; total iteration time was {Iteration} ms","Elapsed":4,"Iteration":4.7016}
{"@t":"2023-06-05T20:34:58.3849432Z","@mt":"Metrics sampled","SystemMemoryUtilization":0.13301723493909834,"ProcessWorkingSetBytes":289910784,"ProcessCpuPercentage":0.0499978964551684,"GCTotalHeapSizeBytes":0,"GCTotalFragmentedBytes":0,"GCPauseTimePercentage":0,"ProcessThreads":33,"ArrivedEventsPerMinute":0,"IngestedEventsPerMinute":0,"IngestedBytesPerMinute":0,"InvalidPayloadsPerMinute":0,"UnauthorizedPayloadsPerMinute":0,"TotalWriteTimeLastMinute":0,"BroadcastQueueCount":0,"BroadcastSubscriptionQueuesAggregateCount":0}
{"@t":"2023-06-05T20:39:58.3772325Z","@mt":"Metrics sampled","SystemMemoryUtilization":0.13298449125696,"ProcessWorkingSetBytes":290729984,"ProcessCpuPercentage":0.06666837086578553,"GCTotalHeapSizeBytes":0,"GCTotalFragmentedBytes":0,"GCPauseTimePercentage":0,"ProcessThreads":33,"ArrivedEventsPerMinute":0,"IngestedEventsPerMinute":0,"IngestedBytesPerMinute":0,"InvalidPayloadsPerMinute":0,"UnauthorizedPayloadsPerMinute":0,"TotalWriteTimeLastMinute":0,"BroadcastQueueCount":0,"BroadcastSubscriptionQueuesAggregateCount":0}
{"@t":"2023-06-05T20:44:58.3493426Z","@mt":"Applying {Count} retention policies","Count":0,"SourceContext":"Seq.Server.Features.Retention.RetentionPolicyApplier"}
{"@t":"2023-06-05T20:44:58.3496909Z","@mt":"Retention processing and compaction took {Elapsed} ms; allocating {Allocation} ms for indexing","Elapsed":0.373,"Allocation":599999.627}
{"@t":"2023-06-05T20:44:58.3498665Z","@mt":"Beginning indexing","SourceContext":"Seq.Server.Features.Indexing.EventStoreIndexer"}
{"@t":"2023-06-05T20:44:58.3542728Z","@mt":"Wrote {IndexSetCount} index sets in {Elapsed:0.000} ms","@r":["4.000"],"IndexSetCount":0,"Elapsed":4,"SourceContext":"Seq.Server.Features.Indexing.EventStoreIndexer"}
{"@t":"2023-06-05T20:44:58.3544729Z","@mt":"Indexing took {Elapsed} ms; total iteration time was {Iteration} ms","Elapsed":4,"Iteration":4.9777}
{"@t":"2023-06-05T20:44:58.3836697Z","@mt":"Metrics sampled","SystemMemoryUtilization":0.13310465739140942,"ProcessWorkingSetBytes":293363712,"ProcessCpuPercentage":0.07666499690303412,"GCTotalHeapSizeBytes":0,"GCTotalFragmentedBytes":0,"GCPauseTimePercentage":0,"ProcessThreads":33,"ArrivedEventsPerMinute":30,"IngestedEventsPerMinute":30,"IngestedBytesPerMinute":10200,"InvalidPayloadsPerMinute":0,"UnauthorizedPayloadsPerMinute":0,"TotalWriteTimeLastMinute":2,"BroadcastQueueCount":0,"BroadcastSubscriptionQueuesAggregateCount":0}
{"@t":"2023-06-05T20:49:58.3794906Z","@mt":"Metrics sampled","SystemMemoryUtilization":0.13309829939487772,"ProcessWorkingSetBytes":292433920,"ProcessCpuPercentage":0.05333408573505883,"GCTotalHeapSizeBytes":0,"GCTotalFragmentedBytes":0,"GCPauseTimePercentage":0,"ProcessThreads":32,"ArrivedEventsPerMinute":0,"IngestedEventsPerMinute":0,"IngestedBytesPerMinute":0,"InvalidPayloadsPerMinute":0,"UnauthorizedPayloadsPerMinute":0,"TotalWriteTimeLastMinute":0,"BroadcastQueueCount":0,"BroadcastSubscriptionQueuesAggregateCount":0}
{"@t":"2023-06-05T20:54:58.3306398Z","@mt":"Native storage metrics sampled","ABI_INTERNAL_ERROR":0,"ABI_IO_ERROR":0,"ABI_PANIC":0,"CHANNEL_RECEIVE":394,"CHANNEL_SEND":367,"CHANNEL_SEND_BACKPRESSURE":0,"DELETE_ABANDON":0,"DELETE_BEGIN":0,"DELETE_COMPLETE":0,"DELETE_CORRUPTED_EVENT":0,"DELETE_CORRUPTED_REGION":0,"DELETE_EXCLUDE_EVENT":0,"DELETE_SKIP_SPAN":0,"DOC_COLL_CHECKPOINT":0,"DOC_COLL_CREATE":0,"DOC_COLL_KVS_REMOVE":0,"DOC_COLL_READ_BEGIN":2,"DOC_COLL_READ_COMPLETE":2,"DOC_COLL_REMOVE":0,"DOC_COLL_WRITE_ABORT":0,"DOC_COLL_WRITE_BEGIN":16,"DOC_COLL_WRITE_COMMIT":16,"DOC_COLL_WRITE_RECORD_DELETE":0,"DOC_COLL_WRITE_RECORD_SET":16,"INDEX_SET_CREATE":0,"INDEX_SET_LOAD":0,"INDEX_SET_MISSING_INDEX_LOOKUP":0,"INDEX_SET_REMOVE":0,"INDEXER_ABORT":0,"INDEXER_BEGIN_NEW":0,"INDEXER_BEGIN_OUTDATED":0,"INDEXER_COALESCED_GEN0":0,"INDEXER_COALESCED_GEN1":0,"INDEXER_COMMIT":0,"INDEXER_CORRUPTED_REGION":0,"INDEXER_INVALID_DEFINITIONS_LAST_UPDATE":0,"INGEST_BUF_CACHE_EVENT_FROM_DISK":0,"INGEST_BUF_CACHE_EVENT_INCOMING":0,"INGEST_BUF_CREATE":8,"INGEST_BUF_READ":99,"INGEST_BUF_READ_TRUNCATED":0,"INGEST_BUF_REMOVE":0,"INGEST_BUF_WRITE_EVENT":698,"KERNEL_MVCC_NEXT_DATA_GENERATION":8,"KERNEL_MVCC_NEXT_WRITE_GENERATION":345,"KERNEL_MVCC_WORK_LAST_ADVANCE":7,"KERNEL_MVCC_WORK_LAST_DEFER":0,"KEYVALUES_READ_TRUNCATED":0,"LEAD_TRANSACTION_DIRTY_COMPLETE":0,"MAINTENANCE_TRANSACTION_BEGIN":11,"MAINTENANCE_TRANSACTION_COMPLETE":11,"MAINTENANCE_TRANSACTION_DIRTY_COMPLETE":0,"MEMORY_CONTROLLER_ENTER_SAFE_MODE":0,"MEMORY_CONTROLLER_EXTEND_SAFE_MODE":0,"MEMORY_CONTROLLER_LEAVE_SAFE_MODE":0,"MEMORY_CONTROLLER_RELEASE_TRACKED_MEMORY":0,"MEMORY_MONITOR_LAST_DANGER_TRACKED_BYTES":0,"MEMORY_MONITOR_STATUS_CRITICAL":0,"MEMORY_MONITOR_STATUS_DANGER":0,"MEMORY_MONITOR_STATUS_NORMAL":0,"MEMORY_MONITOR_TERMINATE_PANIC":0,"MEMORY_PLATFORM_LAST_UTILIZATION":0,"MEMORY_PLATFORM_LIMIT_BYTES":0,"MEMORY_PLATFORM_SAMPLE_FAILED":4,"MEMORY_PLATFORM_TOTAL_BYTES":0,"NAMESPACE_CLOSE":0,"NAMESPACE_CREATE":4,"NAMESPACE_OBJECT_FIND_BY_NAME":1927,"NAMESPACE_OBJECT_GET_BY_ID":1931,"NAMESPACE_OBJECT_GET_CAPABILITY":372,"NAMESPACE_OBJECT_QUERY_CAPABILITY":749,"NAMESPACE_OBJECT_REGISTER":48,"NAMESPACE_OBJECT_UNREGISTER":0,"NET_INCOMING_COMPLETED":0,"NET_INCOMING_ESTABLISHED":0,"NET_INCOMING_FAILED":0,"NET_INCOMING_INVALID_KEY":0,"NET_INCOMING_NOT_ESTABLISHED":0,"NET_INCOMING_SOCKET_ACCEPTED":0,"NODE_MESSAGE_BYTES_RECEIVED":0,"NODE_MESSAGE_BYTES_SENT":0,"NODE_MESSAGE_RECEIVED":0,"NODE_MESSAGE_SENT":0,"QUERY_EXECUTE_BEGIN":269,"QUERY_EXECUTE_END_CANCEL":0,"QUERY_EXECUTE_END_DONE":257,"QUERY_EXECUTE_END_PARTIAL":12,"QUERY_EXECUTE_RESUME_ERROR":0,"QUERY_SCHEDULE_DELETE_RECORDS":0,"QUERY_SCHEDULE_EXECUTE_PROCEDURE":11,"QUERY_SCHEDULE_READ_PARTITION_COMPUTE":62,"QUERY_SCHEDULE_READ_PARTITION_FROM_CACHE":0,"QUERY_SCHEDULE_READ_PARTITION_POPULATE_CACHE":0,"QUERY_SCHEDULE_READ_RECORDS":259,"QUERY_SCHEDULE_READ_RECORDS_FALLBACK":0,"QUERY_SCHEDULE_READ_RECORDS_PARALLEL":70,"QUERY_SCHEDULE_READ_RECORDS_SERIAL":189,"QUERY_SCHEDULE_SCALAR":0,"READ_TRANSACTION_BEGIN":106,"READ_TRANSACTION_BEGIN_FORK":62,"READ_TRANSACTION_COMPLETE":168,"READ_TRANSACTION_DIRTY_COMPLETE":0,"REGION_INCLUDED_INGEST_BUF":117,"REGION_INCLUDED_STABLE_SPAN":0,"REGION_READ":117,"REPLICATION_FULL_SYNC":0,"STABLE_SPAN_CREATE":0,"STABLE_SPAN_LAST_SEEK_PROBES":0,"STABLE_SPAN_READ":0,"STABLE_SPAN_READ_NO_INDEX_SET":0,"STABLE_SPAN_READ_SKIP":0,"STABLE_SPAN_REMOVE":0,"STABLE_SPAN_SEEK":0,"STABLE_SPAN_SPARSE_READ":0,"STORE_CLOSE":0,"STORE_CREATE":0,"STORE_OPEN":2,"SYNC_LOCK_ACQUISITION":0,"SYNC_LOCK_TOTAL_WAIT_TIME_NS":0,"SYNC_LOCK_WORST_CASE_WAIT_TIME_NS":0,"TIME_SLICE_CACHE_ADD_BUCKET":0,"TIME_SLICE_CACHE_ADD_QUERY":0,"TIME_SLICE_CACHE_EVICT_BUCKET":0,"TIME_SLICE_CACHE_EVICT_QUERY":0,"TIME_SLICE_CACHE_FILL_BUCKET":0,"TIME_SLICE_CACHE_GC":0,"TIME_SLICE_CACHE_INVALIDATE_BUCKET":0,"TRUNCATE_COMPLETE":0,"WORKER_ENQUEUE_PARTITION":46,"WORKER_EXECUTE_PARTITION":46,"WORKER_SAMPLE_ABANDONED":0,"WORKER_SAMPLE_CANCELED":0,"WORKER_THREAD_AFFINITIZE":0,"WORKER_THREAD_CANCEL":0,"WORKER_THREAD_DEPRIORITIZE":46,"WORKER_THREAD_DONE":46,"WORKER_THREAD_ERROR":0,"WORKER_THREAD_PANIC":0,"WORKER_THREAD_SPAWN":46,"WRITE_LOCK_ACQUISITION":0,"WRITE_LOCK_TOTAL_WAIT_TIME_NS":0,"WRITE_LOCK_WORST_CASE_WAIT_TIME_NS":0,"WRITE_TRANSACTION_BEGIN":346,"WRITE_TRANSACTION_COMPLETE":346,"WRITE_TRANSACTION_DIRTY_COMPLETE":0,"WRITER_ABORT":0,"WRITER_BEGIN":329,"WRITER_COMMIT":329,"WRITER_COMMIT_MULTIPLE_BUFS":0}
{"@t":"2023-06-05T20:54:58.3491535Z","@mt":"Applying {Count} retention policies","Count":0,"SourceContext":"Seq.Server.Features.Retention.RetentionPolicyApplier"}
{"@t":"2023-06-05T20:54:58.3494740Z","@mt":"Retention processing and compaction took {Elapsed} ms; allocating {Allocation} ms for indexing","Elapsed":0.3443,"Allocation":599999.6557}
{"@t":"2023-06-05T20:54:58.3497087Z","@mt":"Beginning indexing","SourceContext":"Seq.Server.Features.Indexing.EventStoreIndexer"}
{"@t":"2023-06-05T20:54:58.3540208Z","@mt":"Wrote {IndexSetCount} index sets in {Elapsed:0.000} ms","@r":["4.000"],"IndexSetCount":0,"Elapsed":4,"SourceContext":"Seq.Server.Features.Indexing.EventStoreIndexer"}
{"@t":"2023-06-05T20:54:58.3542372Z","@mt":"Indexing took {Elapsed} ms; total iteration time was {Iteration} ms","Elapsed":4,"Iteration":4.8702}
{"@t":"2023-06-05T20:54:58.3832302Z","@mt":"Metrics sampled","SystemMemoryUtilization":0.13334816865857402,"ProcessWorkingSetBytes":292462592,"ProcessCpuPercentage":0.05666591699547346,"GCTotalHeapSizeBytes":0,"GCTotalFragmentedBytes":0,"GCPauseTimePercentage":0,"ProcessThreads":33,"ArrivedEventsPerMinute":0,"IngestedEventsPerMinute":0,"IngestedBytesPerMinute":0,"InvalidPayloadsPerMinute":0,"UnauthorizedPayloadsPerMinute":0,"TotalWriteTimeLastMinute":0,"BroadcastQueueCount":0,"BroadcastSubscriptionQueuesAggregateCount":0}
{"@t":"2023-06-05T20:59:58.3821288Z","@mt":"Metrics sampled","SystemMemoryUtilization":0.13445509585474524,"ProcessWorkingSetBytes":292458496,"ProcessCpuPercentage":0.05000016738389368,"GCTotalHeapSizeBytes":0,"GCTotalFragmentedBytes":0,"GCPauseTimePercentage":0,"ProcessThreads":33,"ArrivedEventsPerMinute":0,"IngestedEventsPerMinute":0,"IngestedBytesPerMinute":0,"InvalidPayloadsPerMinute":0,"UnauthorizedPayloadsPerMinute":0,"TotalWriteTimeLastMinute":0,"BroadcastQueueCount":0,"BroadcastSubscriptionQueuesAggregateCount":0}
{"@t":"2023-06-05T21:04:58.3429061Z","@mt":"Applying {Count} retention policies","Count":0,"SourceContext":"Seq.Server.Features.Retention.RetentionPolicyApplier"}
{"@t":"2023-06-05T21:04:58.3432333Z","@mt":"Retention processing and compaction took {Elapsed} ms; allocating {Allocation} ms for indexing","Elapsed":0.353,"Allocation":599999.647}
{"@t":"2023-06-05T21:04:58.3434358Z","@mt":"Beginning indexing","SourceContext":"Seq.Server.Features.Indexing.EventStoreIndexer"}
{"@t":"2023-06-05T21:04:58.3481520Z","@mt":"Wrote {IndexSetCount} index sets in {Elapsed:0.000} ms","@r":["4.000"],"IndexSetCount":0,"Elapsed":4,"SourceContext":"Seq.Server.Features.Indexing.EventStoreIndexer"}
{"@t":"2023-06-05T21:04:58.3483302Z","@mt":"Indexing took {Elapsed} ms; total iteration time was {Iteration} ms","Elapsed":4,"Iteration":5.2461}
{"@t":"2023-06-05T21:04:58.3909028Z","@mt":"Metrics sampled","SystemMemoryUtilization":0.13492622339774518,"ProcessWorkingSetBytes":292519936,"ProcessCpuPercentage":0.06999792647475668,"GCTotalHeapSizeBytes":0,"GCTotalFragmentedBytes":0,"GCPauseTimePercentage":0,"ProcessThreads":33,"ArrivedEventsPerMinute":13,"IngestedEventsPerMinute":13,"IngestedBytesPerMinute":3813,"InvalidPayloadsPerMinute":0,"UnauthorizedPayloadsPerMinute":0,"TotalWriteTimeLastMinute":0,"BroadcastQueueCount":0,"BroadcastSubscriptionQueuesAggregateCount":0}
{"@t":"2023-06-05T21:09:58.3835601Z","@mt":"Metrics sampled","SystemMemoryUtilization":0.1347323045035279,"ProcessWorkingSetBytes":292528128,"ProcessCpuPercentage":0.05000123359710115,"GCTotalHeapSizeBytes":0,"GCTotalFragmentedBytes":0,"GCPauseTimePercentage":0,"ProcessThreads":32,"ArrivedEventsPerMinute":0,"IngestedEventsPerMinute":0,"IngestedBytesPerMinute":0,"InvalidPayloadsPerMinute":0,"UnauthorizedPayloadsPerMinute":0,"TotalWriteTimeLastMinute":0,"BroadcastQueueCount":0,"BroadcastSubscriptionQueuesAggregateCount":0}
{"@t":"2023-06-05T21:14:58.3494104Z","@mt":"Applying {Count} retention policies","Count":0,"SourceContext":"Seq.Server.Features.Retention.RetentionPolicyApplier"}
{"@t":"2023-06-05T21:14:58.3498919Z","@mt":"Retention processing and compaction took {Elapsed} ms; allocating {Allocation} ms for indexing","Elapsed":0.5461,"Allocation":599999.4539}
{"@t":"2023-06-05T21:14:58.3501065Z","@mt":"Beginning indexing","SourceContext":"Seq.Server.Features.Indexing.EventStoreIndexer"}
{"@t":"2023-06-05T21:14:58.3549745Z","@mt":"Wrote {IndexSetCount} index sets in {Elapsed:0.000} ms","@r":["4.000"],"IndexSetCount":0,"Elapsed":4,"SourceContext":"Seq.Server.Features.Indexing.EventStoreIndexer"}
{"@t":"2023-06-05T21:14:58.3551785Z","@mt":"Indexing took {Elapsed} ms; total iteration time was {Iteration} ms","Elapsed":5,"Iteration":5.6164}
{"@t":"2023-06-05T21:14:58.3933207Z","@mt":"Metrics sampled","SystemMemoryUtilization":0.1352015246475683,"ProcessWorkingSetBytes":296665088,"ProcessCpuPercentage":0.08999706567567266,"GCTotalHeapSizeBytes":0,"GCTotalFragmentedBytes":0,"GCPauseTimePercentage":0,"ProcessThreads":34,"ArrivedEventsPerMinute":0,"IngestedEventsPerMinute":0,"IngestedBytesPerMinute":0,"InvalidPayloadsPerMinute":0,"UnauthorizedPayloadsPerMinute":0,"TotalWriteTimeLastMinute":0,"BroadcastQueueCount":0,"BroadcastSubscriptionQueuesAggregateCount":0}
{"@t":"2023-06-05T21:19:58.3887249Z","@mt":"Metrics sampled","SystemMemoryUtilization":0.13858270720313326,"ProcessWorkingSetBytes":295292928,"ProcessCpuPercentage":0.19000284472259119,"GCTotalHeapSizeBytes":0,"GCTotalFragmentedBytes":0,"GCPauseTimePercentage":0,"ProcessThreads":33,"ArrivedEventsPerMinute":20,"IngestedEventsPerMinute":20,"IngestedBytesPerMinute":10031,"InvalidPayloadsPerMinute":0,"UnauthorizedPayloadsPerMinute":0,"TotalWriteTimeLastMinute":2,"BroadcastQueueCount":0,"BroadcastSubscriptionQueuesAggregateCount":0}
{"@t":"2023-06-05T21:24:58.3475184Z","@mt":"Applying {Count} retention policies","Count":0,"SourceContext":"Seq.Server.Features.Retention.RetentionPolicyApplier"}
{"@t":"2023-06-05T21:24:58.3478590Z","@mt":"Retention processing and compaction took {Elapsed} ms; allocating {Allocation} ms for indexing","Elapsed":0.3713,"Allocation":599999.6287}
{"@t":"2023-06-05T21:24:58.3480446Z","@mt":"Beginning indexing","SourceContext":"Seq.Server.Features.Indexing.EventStoreIndexer"}
{"@t":"2023-06-05T21:24:58.3532272Z","@mt":"Wrote {IndexSetCount} index sets in {Elapsed:0.000} ms","@r":["4.000"],"IndexSetCount":0,"Elapsed":4,"SourceContext":"Seq.Server.Features.Indexing.EventStoreIndexer"}
{"@t":"2023-06-05T21:24:58.3534189Z","@mt":"Indexing took {Elapsed} ms; total iteration time was {Iteration} ms","Elapsed":5,"Iteration":5.7442}
{"@t":"2023-06-05T21:24:58.3915642Z","@mt":"Metrics sampled","SystemMemoryUtilization":0.1355063905812639,"ProcessWorkingSetBytes":295825408,"ProcessCpuPercentage":0.06666577350085523,"GCTotalHeapSizeBytes":0,"GCTotalFragmentedBytes":0,"GCPauseTimePercentage":0,"ProcessThreads":33,"ArrivedEventsPerMinute":2,"IngestedEventsPerMinute":2,"IngestedBytesPerMinute":307,"InvalidPayloadsPerMinute":0,"UnauthorizedPayloadsPerMinute":0,"TotalWriteTimeLastMinute":0,"BroadcastQueueCount":0,"BroadcastSubscriptionQueuesAggregateCount":0}
{"@t":"2023-06-05T21:29:58.3898530Z","@mt":"Metrics sampled","SystemMemoryUtilization":0.1357448154512032,"ProcessWorkingSetBytes":296706048,"ProcessCpuPercentage":0.050000417620154766,"GCTotalHeapSizeBytes":0,"GCTotalFragmentedBytes":0,"GCPauseTimePercentage":0,"ProcessThreads":33,"ArrivedEventsPerMinute":0,"IngestedEventsPerMinute":0,"IngestedBytesPerMinute":0,"InvalidPayloadsPerMinute":0,"UnauthorizedPayloadsPerMinute":0,"TotalWriteTimeLastMinute":0,"BroadcastQueueCount":0,"BroadcastSubscriptionQueuesAggregateCount":0}
{"@t":"2023-06-05T21:34:58.3502364Z","@mt":"Applying {Count} retention policies","Count":0,"SourceContext":"Seq.Server.Features.Retention.RetentionPolicyApplier"}
{"@t":"2023-06-05T21:34:58.3508733Z","@mt":"Retention processing and compaction took {Elapsed} ms; allocating {Allocation} ms for indexing","Elapsed":0.6773,"Allocation":599999.3227}
{"@t":"2023-06-05T21:34:58.3511573Z","@mt":"Beginning indexing","SourceContext":"Seq.Server.Features.Indexing.EventStoreIndexer"}
{"@t":"2023-06-05T21:34:58.3566756Z","@mt":"Wrote {IndexSetCount} index sets in {Elapsed:0.000} ms","@r":["5.000"],"IndexSetCount":0,"Elapsed":5,"SourceContext":"Seq.Server.Features.Indexing.EventStoreIndexer"}
{"@t":"2023-06-05T21:34:58.3569363Z","@mt":"Indexing took {Elapsed} ms; total iteration time was {Iteration} ms","Elapsed":5,"Iteration":6.456}
{"@t":"2023-06-05T21:34:58.3941190Z","@mt":"Metrics sampled","SystemMemoryUtilization":0.1360534961828178,"ProcessWorkingSetBytes":297787392,"ProcessCpuPercentage":0.07333234107342627,"GCTotalHeapSizeBytes":0,"GCTotalFragmentedBytes":0,"GCPauseTimePercentage":0,"ProcessThreads":33,"ArrivedEventsPerMinute":22,"IngestedEventsPerMinute":22,"IngestedBytesPerMinute":7557,"InvalidPayloadsPerMinute":0,"UnauthorizedPayloadsPerMinute":0,"TotalWriteTimeLastMinute":1,"BroadcastQueueCount":0,"BroadcastSubscriptionQueuesAggregateCount":0}
{"@t":"2023-06-05T21:39:58.3944212Z","@mt":"Metrics sampled","SystemMemoryUtilization":0.13610022745732597,"ProcessWorkingSetBytes":297955328,"ProcessCpuPercentage":0.07999991290676148,"GCTotalHeapSizeBytes":0,"GCTotalFragmentedBytes":0,"GCPauseTimePercentage":0,"ProcessThreads":32,"ArrivedEventsPerMinute":1,"IngestedEventsPerMinute":1,"IngestedBytesPerMinute":417,"InvalidPayloadsPerMinute":0,"UnauthorizedPayloadsPerMinute":0,"TotalWriteTimeLastMinute":0,"BroadcastQueueCount":0,"BroadcastSubscriptionQueuesAggregateCount":0}
{"@t":"2023-06-05T21:44:58.3407164Z","@mt":"Applying {Count} retention policies","Count":0,"SourceContext":"Seq.Server.Features.Retention.RetentionPolicyApplier"}
{"@t":"2023-06-05T21:44:58.3411027Z","@mt":"Retention processing and compaction took {Elapsed} ms; allocating {Allocation} ms for indexing","Elapsed":0.4101,"Allocation":599999.5899}
{"@t":"2023-06-05T21:44:58.3413033Z","@mt":"Beginning indexing","SourceContext":"Seq.Server.Features.Indexing.EventStoreIndexer"}
{"@t":"2023-06-05T21:44:58.3462545Z","@mt":"Wrote {IndexSetCount} index sets in {Elapsed:0.000} ms","@r":["4.000"],"IndexSetCount":0,"Elapsed":4,"SourceContext":"Seq.Server.Features.Indexing.EventStoreIndexer"}
{"@t":"2023-06-05T21:44:58.3464180Z","@mt":"Indexing took {Elapsed} ms; total iteration time was {Iteration} ms","Elapsed":5,"Iteration":5.5242}
{"@t":"2023-06-05T21:44:58.3888354Z","@mt":"Metrics sampled","SystemMemoryUtilization":0.13616031052455058,"ProcessWorkingSetBytes":298606592,"ProcessCpuPercentage":0.05666770835137081,"GCTotalHeapSizeBytes":0,"GCTotalFragmentedBytes":0,"GCPauseTimePercentage":0,"ProcessThreads":33,"ArrivedEventsPerMinute":0,"IngestedEventsPerMinute":0,"IngestedBytesPerMinute":0,"InvalidPayloadsPerMinute":0,"UnauthorizedPayloadsPerMinute":0,"TotalWriteTimeLastMinute":0,"BroadcastQueueCount":0,"BroadcastSubscriptionQueuesAggregateCount":0}
{"@t":"2023-06-05T21:49:58.3889209Z","@mt":"Metrics sampled","SystemMemoryUtilization":0.1363151277400978,"ProcessWorkingSetBytes":299024384,"ProcessCpuPercentage":0.04666663695557447,"GCTotalHeapSizeBytes":0,"GCTotalFragmentedBytes":0,"GCPauseTimePercentage":0,"ProcessThreads":32,"ArrivedEventsPerMinute":0,"IngestedEventsPerMinute":0,"IngestedBytesPerMinute":0,"InvalidPayloadsPerMinute":0,"UnauthorizedPayloadsPerMinute":0,"TotalWriteTimeLastMinute":0,"BroadcastQueueCount":0,"BroadcastSubscriptionQueuesAggregateCount":0}
