{"@t":"2023-06-28T19:11:08.2934140Z","@mt":"Seq {SeqVersion} running on OS {OSCaption}","SeqVersion":"2023.1.9229","OSCaption":"Linux 5.10.16.3-microsoft-standard-WSL2 #1 SMP Fri Apr 2 22:23:49 UTC 2021","SourceContext":"Seq.Server.Features.Diagnostics.EnvironmentInformationWriter"}
{"@t":"2023-06-28T19:11:08.3395190Z","@mt":"Seq detected {TotalRAM} MB of RAM","TotalRAM":12884.56192,"SourceContext":"Seq.Server.Features.Diagnostics.EnvironmentInformationWriter"}
{"@t":"2023-06-28T19:11:08.8307984Z","@mt":"Opening event store at {StreamPath}","StreamPath":"/data/Stream/stream.flare","SourceContext":"Seq.Engine.Cluster.StorageNodeCoordinator"}
{"@t":"2023-06-28T19:11:08.9249617Z","@mt":"Ingestion enabled","SourceContext":"Seq.Engine.Cluster.StorageNodeCoordinator"}
{"@t":"2023-06-28T19:11:08.9390442Z","@mt":"Opening metastore {MetastorePath}","MetastorePath":"/data/Documents/metastore.flare","SourceContext":"Quince.Storage.Native.NativeDocumentStore"}
{"@t":"2023-06-28T19:11:09.0137216Z","@mt":"Storage subsystem available"}
{"@t":"2023-06-28T19:11:09.0852512Z","@mt":"Seq listening on {ListenUris}","ListenUris":["http://localhost/","https://localhost/","http://localhost:5341/","https://localhost:45341/"]}
{"@t":"2023-06-28T19:12:09.1278394Z","@mt":"{CollectionCount} more generation 2 garbage collection(s) occurred","CollectionCount":0,"SourceContext":"Seq.Server.Features.Diagnostics.GCLogger"}
{"@t":"2023-06-28T19:16:09.1276023Z","@mt":"Metrics sampled","SystemMemoryUtilization":0.08631202821678863,"ProcessWorkingSetBytes":147894272,"ProcessCpuPercentage":0,"GCTotalHeapSizeBytes":0,"GCTotalFragmentedBytes":0,"GCPauseTimePercentage":0,"ProcessThreads":33,"ArrivedEventsPerMinute":0,"IngestedEventsPerMinute":0,"IngestedBytesPerMinute":0,"InvalidPayloadsPerMinute":0,"UnauthorizedPayloadsPerMinute":0,"TotalWriteTimeLastMinute":0,"BroadcastQueueCount":0,"BroadcastSubscriptionQueuesAggregateCount":0}
{"@t":"2023-06-28T19:21:09.1124266Z","@mt":"Metrics sampled","SystemMemoryUtilization":0.10272201726513963,"ProcessWorkingSetBytes":173998080,"ProcessCpuPercentage":0.5033607549171789,"GCTotalHeapSizeBytes":0,"GCTotalFragmentedBytes":0,"GCPauseTimePercentage":0,"ProcessThreads":35,"ArrivedEventsPerMinute":0,"IngestedEventsPerMinute":0,"IngestedBytesPerMinute":0,"InvalidPayloadsPerMinute":0,"UnauthorizedPayloadsPerMinute":0,"TotalWriteTimeLastMinute":0,"BroadcastQueueCount":0,"BroadcastSubscriptionQueuesAggregateCount":0}
{"@t":"2023-06-28T19:21:09.1145914Z","@mt":"Applying {Count} retention policies","Count":0,"SourceContext":"Seq.Server.Features.Retention.RetentionPolicyApplier"}
{"@t":"2023-06-28T19:21:09.1163962Z","@mt":"Retention processing and compaction took {Elapsed} ms; allocating {Allocation} ms for indexing","Elapsed":2.6077,"Allocation":599997.3923}
{"@t":"2023-06-28T19:21:09.1170516Z","@mt":"Beginning indexing","SourceContext":"Seq.Server.Features.Indexing.EventStoreIndexer"}
{"@t":"2023-06-28T19:21:09.3360224Z","@mt":"Wrote {IndexSetCount} index sets in {Elapsed:0.000} ms","@r":["218.000"],"IndexSetCount":1,"Elapsed":218,"SourceContext":"Seq.Server.Features.Indexing.EventStoreIndexer"}
{"@t":"2023-06-28T19:21:09.3371173Z","@mt":"Indexing took {Elapsed} ms; total iteration time was {Iteration} ms","Elapsed":220,"Iteration":222.9853}
{"@t":"2023-06-28T19:26:09.1215105Z","@mt":"Metrics sampled","SystemMemoryUtilization":0.1091620319521116,"ProcessWorkingSetBytes":210284544,"ProcessCpuPercentage":0.35998934167556457,"GCTotalHeapSizeBytes":0,"GCTotalFragmentedBytes":0,"GCPauseTimePercentage":0,"ProcessThreads":34,"ArrivedEventsPerMinute":66,"IngestedEventsPerMinute":66,"IngestedBytesPerMinute":6876,"InvalidPayloadsPerMinute":0,"UnauthorizedPayloadsPerMinute":0,"TotalWriteTimeLastMinute":11,"BroadcastQueueCount":1,"BroadcastSubscriptionQueuesAggregateCount":0}
{"@t":"2023-06-28T19:31:09.1113230Z","@mt":"Applying {Count} retention policies","Count":0,"SourceContext":"Seq.Server.Features.Retention.RetentionPolicyApplier"}
{"@t":"2023-06-28T19:31:09.1119080Z","@mt":"Retention processing and compaction took {Elapsed} ms; allocating {Allocation} ms for indexing","Elapsed":0.6269,"Allocation":599999.3731}
{"@t":"2023-06-28T19:31:09.1122323Z","@mt":"Beginning indexing","SourceContext":"Seq.Server.Features.Indexing.EventStoreIndexer"}
{"@t":"2023-06-28T19:31:09.1162199Z","@mt":"Wrote {IndexSetCount} index sets in {Elapsed:0.000} ms","@r":["3.000"],"IndexSetCount":0,"Elapsed":3,"SourceContext":"Seq.Server.Features.Indexing.EventStoreIndexer"}
{"@t":"2023-06-28T19:31:09.1164524Z","@mt":"Indexing took {Elapsed} ms; total iteration time was {Iteration} ms","Elapsed":4,"Iteration":4.8438}
{"@t":"2023-06-28T19:31:09.1293985Z","@mt":"Metrics sampled","SystemMemoryUtilization":0.1144830392495021,"ProcessWorkingSetBytes":227540992,"ProcessCpuPercentage":0.1333298891103335,"GCTotalHeapSizeBytes":0,"GCTotalFragmentedBytes":0,"GCPauseTimePercentage":0,"ProcessThreads":34,"ArrivedEventsPerMinute":3,"IngestedEventsPerMinute":3,"IngestedBytesPerMinute":1251,"InvalidPayloadsPerMinute":0,"UnauthorizedPayloadsPerMinute":0,"TotalWriteTimeLastMinute":6,"BroadcastQueueCount":0,"BroadcastSubscriptionQueuesAggregateCount":0}
{"@t":"2023-06-28T19:36:09.1293394Z","@mt":"Metrics sampled","SystemMemoryUtilization":0.11747193341906037,"ProcessWorkingSetBytes":231108608,"ProcessCpuPercentage":0.06333327420008633,"GCTotalHeapSizeBytes":0,"GCTotalFragmentedBytes":0,"GCPauseTimePercentage":0,"ProcessThreads":34,"ArrivedEventsPerMinute":3,"IngestedEventsPerMinute":3,"IngestedBytesPerMinute":1251,"InvalidPayloadsPerMinute":0,"UnauthorizedPayloadsPerMinute":0,"TotalWriteTimeLastMinute":6,"BroadcastQueueCount":0,"BroadcastSubscriptionQueuesAggregateCount":0}
{"@t":"2023-06-28T19:41:09.1171319Z","@mt":"Applying {Count} retention policies","Count":0,"SourceContext":"Seq.Server.Features.Retention.RetentionPolicyApplier"}
{"@t":"2023-06-28T19:41:09.1174887Z","@mt":"Retention processing and compaction took {Elapsed} ms; allocating {Allocation} ms for indexing","Elapsed":0.3862,"Allocation":599999.6138}
{"@t":"2023-06-28T19:41:09.1178330Z","@mt":"Beginning indexing","SourceContext":"Seq.Server.Features.Indexing.EventStoreIndexer"}
{"@t":"2023-06-28T19:41:09.1221335Z","@mt":"Wrote {IndexSetCount} index sets in {Elapsed:0.000} ms","@r":["4.000"],"IndexSetCount":0,"Elapsed":4,"SourceContext":"Seq.Server.Features.Indexing.EventStoreIndexer"}
{"@t":"2023-06-28T19:41:09.1224135Z","@mt":"Indexing took {Elapsed} ms; total iteration time was {Iteration} ms","Elapsed":4,"Iteration":4.9641}
{"@t":"2023-06-28T19:41:09.1382227Z","@mt":"Metrics sampled","SystemMemoryUtilization":0.12283172449529434,"ProcessWorkingSetBytes":252141568,"ProcessCpuPercentage":0.10999694769469842,"GCTotalHeapSizeBytes":0,"GCTotalFragmentedBytes":0,"GCPauseTimePercentage":0,"ProcessThreads":33,"ArrivedEventsPerMinute":3,"IngestedEventsPerMinute":3,"IngestedBytesPerMinute":1251,"InvalidPayloadsPerMinute":0,"UnauthorizedPayloadsPerMinute":0,"TotalWriteTimeLastMinute":6,"BroadcastQueueCount":0,"BroadcastSubscriptionQueuesAggregateCount":0}
{"@t":"2023-06-28T19:46:09.1389738Z","@mt":"Metrics sampled","SystemMemoryUtilization":0.12393451899371988,"ProcessWorkingSetBytes":257101824,"ProcessCpuPercentage":0.13999960375445483,"GCTotalHeapSizeBytes":0,"GCTotalFragmentedBytes":0,"GCPauseTimePercentage":0,"ProcessThreads":33,"ArrivedEventsPerMinute":3,"IngestedEventsPerMinute":3,"IngestedBytesPerMinute":1251,"InvalidPayloadsPerMinute":0,"UnauthorizedPayloadsPerMinute":0,"TotalWriteTimeLastMinute":10,"BroadcastQueueCount":0,"BroadcastSubscriptionQueuesAggregateCount":0}
{"@t":"2023-06-28T19:51:09.1183849Z","@mt":"Applying {Count} retention policies","Count":0,"SourceContext":"Seq.Server.Features.Retention.RetentionPolicyApplier"}
{"@t":"2023-06-28T19:51:09.1188746Z","@mt":"Retention processing and compaction took {Elapsed} ms; allocating {Allocation} ms for indexing","Elapsed":0.5236,"Allocation":599999.4764}
{"@t":"2023-06-28T19:51:09.1190739Z","@mt":"Beginning indexing","SourceContext":"Seq.Server.Features.Indexing.EventStoreIndexer"}
{"@t":"2023-06-28T19:51:09.1232762Z","@mt":"Wrote {IndexSetCount} index sets in {Elapsed:0.000} ms","@r":["4.000"],"IndexSetCount":0,"Elapsed":4,"SourceContext":"Seq.Server.Features.Indexing.EventStoreIndexer"}
{"@t":"2023-06-28T19:51:09.1237773Z","@mt":"Indexing took {Elapsed} ms; total iteration time was {Iteration} ms","Elapsed":4,"Iteration":5.2254}
{"@t":"2023-06-28T19:51:09.1424245Z","@mt":"Metrics sampled","SystemMemoryUtilization":0.123820075056149,"ProcessWorkingSetBytes":257306624,"ProcessCpuPercentage":0.07333249264963759,"GCTotalHeapSizeBytes":0,"GCTotalFragmentedBytes":0,"GCPauseTimePercentage":0,"ProcessThreads":34,"ArrivedEventsPerMinute":3,"IngestedEventsPerMinute":3,"IngestedBytesPerMinute":1251,"InvalidPayloadsPerMinute":0,"UnauthorizedPayloadsPerMinute":0,"TotalWriteTimeLastMinute":7,"BroadcastQueueCount":0,"BroadcastSubscriptionQueuesAggregateCount":0}
{"@t":"2023-06-28T19:56:09.1374685Z","@mt":"Metrics sampled","SystemMemoryUtilization":0.1242495577218663,"ProcessWorkingSetBytes":257957888,"ProcessCpuPercentage":0.060000938294673054,"GCTotalHeapSizeBytes":0,"GCTotalFragmentedBytes":0,"GCPauseTimePercentage":0,"ProcessThreads":34,"ArrivedEventsPerMinute":3,"IngestedEventsPerMinute":3,"IngestedBytesPerMinute":1251,"InvalidPayloadsPerMinute":0,"UnauthorizedPayloadsPerMinute":0,"TotalWriteTimeLastMinute":7,"BroadcastQueueCount":0,"BroadcastSubscriptionQueuesAggregateCount":0}
{"@t":"2023-06-28T20:01:09.1169584Z","@mt":"Applying {Count} retention policies","Count":0,"SourceContext":"Seq.Server.Features.Retention.RetentionPolicyApplier"}
{"@t":"2023-06-28T20:01:09.1174933Z","@mt":"Retention processing and compaction took {Elapsed} ms; allocating {Allocation} ms for indexing","Elapsed":0.5617,"Allocation":599999.4383}
{"@t":"2023-06-28T20:01:09.1176886Z","@mt":"Beginning indexing","SourceContext":"Seq.Server.Features.Indexing.EventStoreIndexer"}
{"@t":"2023-06-28T20:01:09.1215160Z","@mt":"Wrote {IndexSetCount} index sets in {Elapsed:0.000} ms","@r":["3.000"],"IndexSetCount":0,"Elapsed":3,"SourceContext":"Seq.Server.Features.Indexing.EventStoreIndexer"}
{"@t":"2023-06-28T20:01:09.1216913Z","@mt":"Indexing took {Elapsed} ms; total iteration time was {Iteration} ms","Elapsed":4,"Iteration":4.5636}
{"@t":"2023-06-28T20:01:09.1389475Z","@mt":"Metrics sampled","SystemMemoryUtilization":0.12419169995342771,"ProcessWorkingSetBytes":258674688,"ProcessCpuPercentage":0.05666643590205086,"GCTotalHeapSizeBytes":0,"GCTotalFragmentedBytes":0,"GCPauseTimePercentage":0,"ProcessThreads":33,"ArrivedEventsPerMinute":0,"IngestedEventsPerMinute":0,"IngestedBytesPerMinute":0,"InvalidPayloadsPerMinute":0,"UnauthorizedPayloadsPerMinute":0,"TotalWriteTimeLastMinute":0,"BroadcastQueueCount":0,"BroadcastSubscriptionQueuesAggregateCount":0}
{"@t":"2023-06-28T20:06:09.1420941Z","@mt":"Metrics sampled","SystemMemoryUtilization":0.124252100920479,"ProcessWorkingSetBytes":259121152,"ProcessCpuPercentage":0.04999948507196974,"GCTotalHeapSizeBytes":0,"GCTotalFragmentedBytes":0,"GCPauseTimePercentage":0,"ProcessThreads":34,"ArrivedEventsPerMinute":0,"IngestedEventsPerMinute":0,"IngestedBytesPerMinute":0,"InvalidPayloadsPerMinute":0,"UnauthorizedPayloadsPerMinute":0,"TotalWriteTimeLastMinute":0,"BroadcastQueueCount":0,"BroadcastSubscriptionQueuesAggregateCount":0}
{"@t":"2023-06-28T20:11:09.1251620Z","@mt":"Applying {Count} retention policies","Count":0,"SourceContext":"Seq.Server.Features.Retention.RetentionPolicyApplier"}
{"@t":"2023-06-28T20:11:09.1256854Z","@mt":"Retention processing and compaction took {Elapsed} ms; allocating {Allocation} ms for indexing","Elapsed":0.6486,"Allocation":599999.3514}
{"@t":"2023-06-28T20:11:09.1258510Z","@mt":"Beginning indexing","SourceContext":"Seq.Server.Features.Indexing.EventStoreIndexer"}
{"@t":"2023-06-28T20:11:09.1316070Z","@mt":"Wrote {IndexSetCount} index sets in {Elapsed:0.000} ms","@r":["5.000"],"IndexSetCount":0,"Elapsed":5,"SourceContext":"Seq.Server.Features.Indexing.EventStoreIndexer"}
{"@t":"2023-06-28T20:11:09.1319371Z","@mt":"Indexing took {Elapsed} ms; total iteration time was {Iteration} ms","Elapsed":6,"Iteration":6.7326}
{"@t":"2023-06-28T20:11:09.1262414Z","@mt":"Native storage metrics sampled","ABI_INTERNAL_ERROR":0,"ABI_IO_ERROR":0,"ABI_PANIC":0,"CHANNEL_RECEIVE":9,"CHANNEL_SEND":7,"CHANNEL_SEND_BACKPRESSURE":0,"DELETE_ABANDON":0,"DELETE_BEGIN":0,"DELETE_COMPLETE":0,"DELETE_CORRUPTED_EVENT":0,"DELETE_CORRUPTED_REGION":0,"DELETE_EXCLUDE_EVENT":0,"DELETE_SKIP_SPAN":0,"DOC_COLL_CHECKPOINT":0,"DOC_COLL_CREATE":0,"DOC_COLL_KVS_REMOVE":0,"DOC_COLL_READ_BEGIN":2,"DOC_COLL_READ_COMPLETE":2,"DOC_COLL_REMOVE":0,"DOC_COLL_WRITE_ABORT":0,"DOC_COLL_WRITE_BEGIN":1,"DOC_COLL_WRITE_COMMIT":1,"DOC_COLL_WRITE_RECORD_DELETE":0,"DOC_COLL_WRITE_RECORD_SET":1,"INDEX_SET_CREATE":1,"INDEX_SET_LOAD":1,"INDEX_SET_MISSING_INDEX_LOOKUP":0,"INDEX_SET_REMOVE":0,"INDEXER_ABORT":0,"INDEXER_BEGIN_NEW":1,"INDEXER_BEGIN_OUTDATED":0,"INDEXER_COALESCED_GEN0":1,"INDEXER_COALESCED_GEN1":0,"INDEXER_COMMIT":1,"INDEXER_CORRUPTED_REGION":0,"INDEXER_INVALID_DEFINITIONS_LAST_UPDATE":0,"INGEST_BUF_CACHE_EVENT_FROM_DISK":0,"INGEST_BUF_CACHE_EVENT_INCOMING":0,"INGEST_BUF_CREATE":8,"INGEST_BUF_READ":256,"INGEST_BUF_READ_TRUNCATED":0,"INGEST_BUF_REMOVE":16,"INGEST_BUF_WRITE_EVENT":252,"KERNEL_MVCC_NEXT_DATA_GENERATION":10,"KERNEL_MVCC_NEXT_WRITE_GENERATION":162,"KERNEL_MVCC_WORK_LAST_ADVANCE":10,"KERNEL_MVCC_WORK_LAST_DEFER":1,"KEYVALUES_READ_TRUNCATED":0,"LEAD_TRANSACTION_DIRTY_COMPLETE":0,"MAINTENANCE_TRANSACTION_BEGIN":6,"MAINTENANCE_TRANSACTION_COMPLETE":6,"MAINTENANCE_TRANSACTION_DIRTY_COMPLETE":0,"MEMORY_CONTROLLER_ENTER_SAFE_MODE":0,"MEMORY_CONTROLLER_EXTEND_SAFE_MODE":0,"MEMORY_CONTROLLER_LEAVE_SAFE_MODE":0,"MEMORY_CONTROLLER_RELEASE_TRACKED_MEMORY":0,"MEMORY_MONITOR_LAST_DANGER_TRACKED_BYTES":0,"MEMORY_MONITOR_STATUS_CRITICAL":0,"MEMORY_MONITOR_STATUS_DANGER":0,"MEMORY_MONITOR_STATUS_NORMAL":0,"MEMORY_MONITOR_TERMINATE_PANIC":0,"MEMORY_PLATFORM_LAST_UTILIZATION":0,"MEMORY_PLATFORM_LIMIT_BYTES":0,"MEMORY_PLATFORM_SAMPLE_FAILED":4,"MEMORY_PLATFORM_TOTAL_BYTES":0,"NAMESPACE_CLOSE":0,"NAMESPACE_CREATE":4,"NAMESPACE_OBJECT_FIND_BY_NAME":1179,"NAMESPACE_OBJECT_GET_BY_ID":1183,"NAMESPACE_OBJECT_GET_CAPABILITY":178,"NAMESPACE_OBJECT_QUERY_CAPABILITY":489,"NAMESPACE_OBJECT_REGISTER":48,"NAMESPACE_OBJECT_UNREGISTER":0,"NET_INCOMING_COMPLETED":0,"NET_INCOMING_ESTABLISHED":0,"NET_INCOMING_FAILED":0,"NET_INCOMING_INVALID_KEY":0,"NET_INCOMING_NOT_ESTABLISHED":0,"NET_INCOMING_SOCKET_ACCEPTED":0,"NODE_MESSAGE_BYTES_RECEIVED":0,"NODE_MESSAGE_BYTES_SENT":0,"NODE_MESSAGE_RECEIVED":0,"NODE_MESSAGE_SENT":0,"QUERY_EXECUTE_BEGIN":174,"QUERY_EXECUTE_END_CANCEL":0,"QUERY_EXECUTE_END_DONE":79,"QUERY_EXECUTE_END_PARTIAL":95,"QUERY_EXECUTE_RESUME_ERROR":0,"QUERY_SCHEDULE_DELETE_RECORDS":0,"QUERY_SCHEDULE_EXECUTE_PROCEDURE":6,"QUERY_SCHEDULE_READ_PARTITION_COMPUTE":2,"QUERY_SCHEDULE_READ_PARTITION_FROM_CACHE":0,"QUERY_SCHEDULE_READ_PARTITION_POPULATE_CACHE":0,"QUERY_SCHEDULE_READ_RECORDS":169,"QUERY_SCHEDULE_READ_RECORDS_FALLBACK":0,"QUERY_SCHEDULE_READ_RECORDS_PARALLEL":1,"QUERY_SCHEDULE_READ_RECORDS_SERIAL":168,"QUERY_SCHEDULE_SCALAR":0,"READ_TRANSACTION_BEGIN":110,"READ_TRANSACTION_BEGIN_FORK":2,"READ_TRANSACTION_COMPLETE":112,"READ_TRANSACTION_DIRTY_COMPLETE":0,"REGION_INCLUDED_INGEST_BUF":357,"REGION_INCLUDED_STABLE_SPAN":86,"REGION_READ":443,"REPLICATION_FULL_SYNC":0,"STABLE_SPAN_CREATE":1,"STABLE_SPAN_LAST_SEEK_PROBES":6,"STABLE_SPAN_READ":9,"STABLE_SPAN_READ_NO_INDEX_SET":0,"STABLE_SPAN_READ_SKIP":0,"STABLE_SPAN_REMOVE":0,"STABLE_SPAN_SEEK":2,"STABLE_SPAN_SPARSE_READ":0,"STORE_CLOSE":0,"STORE_CREATE":0,"STORE_OPEN":2,"SYNC_LOCK_ACQUISITION":0,"SYNC_LOCK_TOTAL_WAIT_TIME_NS":0,"SYNC_LOCK_WORST_CASE_WAIT_TIME_NS":0,"TIME_SLICE_CACHE_ADD_BUCKET":0,"TIME_SLICE_CACHE_ADD_QUERY":0,"TIME_SLICE_CACHE_EVICT_BUCKET":0,"TIME_SLICE_CACHE_EVICT_QUERY":0,"TIME_SLICE_CACHE_FILL_BUCKET":0,"TIME_SLICE_CACHE_GC":0,"TIME_SLICE_CACHE_INVALIDATE_BUCKET":0,"TRUNCATE_COMPLETE":0,"WORKER_ENQUEUE_PARTITION":2,"WORKER_EXECUTE_PARTITION":2,"WORKER_SAMPLE_ABANDONED":0,"WORKER_SAMPLE_CANCELED":0,"WORKER_THREAD_AFFINITIZE":0,"WORKER_THREAD_CANCEL":0,"WORKER_THREAD_DEPRIORITIZE":2,"WORKER_THREAD_DONE":2,"WORKER_THREAD_ERROR":0,"WORKER_THREAD_PANIC":0,"WORKER_THREAD_SPAWN":2,"WRITE_LOCK_ACQUISITION":0,"WRITE_LOCK_TOTAL_WAIT_TIME_NS":0,"WRITE_LOCK_WORST_CASE_WAIT_TIME_NS":0,"WRITE_TRANSACTION_BEGIN":163,"WRITE_TRANSACTION_COMPLETE":163,"WRITE_TRANSACTION_DIRTY_COMPLETE":0,"WRITER_ABORT":0,"WRITER_BEGIN":160,"WRITER_COMMIT":160,"WRITER_COMMIT_MULTIPLE_BUFS":1}
{"@t":"2023-06-28T20:11:09.1485668Z","@mt":"Metrics sampled","SystemMemoryUtilization":0.12449624798729675,"ProcessWorkingSetBytes":260689920,"ProcessCpuPercentage":0.053332168203231986,"GCTotalHeapSizeBytes":0,"GCTotalFragmentedBytes":0,"GCPauseTimePercentage":0,"ProcessThreads":33,"ArrivedEventsPerMinute":0,"IngestedEventsPerMinute":0,"IngestedBytesPerMinute":0,"InvalidPayloadsPerMinute":0,"UnauthorizedPayloadsPerMinute":0,"TotalWriteTimeLastMinute":0,"BroadcastQueueCount":0,"BroadcastSubscriptionQueuesAggregateCount":0}
{"@t":"2023-06-28T20:16:09.1501804Z","@mt":"Metrics sampled","SystemMemoryUtilization":0.12518672641064077,"ProcessWorkingSetBytes":267534336,"ProcessCpuPercentage":0.05666635335839895,"GCTotalHeapSizeBytes":0,"GCTotalFragmentedBytes":0,"GCPauseTimePercentage":0,"ProcessThreads":33,"ArrivedEventsPerMinute":0,"IngestedEventsPerMinute":0,"IngestedBytesPerMinute":0,"InvalidPayloadsPerMinute":0,"UnauthorizedPayloadsPerMinute":0,"TotalWriteTimeLastMinute":0,"BroadcastQueueCount":0,"BroadcastSubscriptionQueuesAggregateCount":0}
{"@t":"2023-06-28T20:21:09.1166087Z","@mt":"Applying {Count} retention policies","Count":0,"SourceContext":"Seq.Server.Features.Retention.RetentionPolicyApplier"}
{"@t":"2023-06-28T20:21:09.1169291Z","@mt":"Retention processing and compaction took {Elapsed} ms; allocating {Allocation} ms for indexing","Elapsed":0.3531,"Allocation":599999.6469}
{"@t":"2023-06-28T20:21:09.1171351Z","@mt":"Beginning indexing","SourceContext":"Seq.Server.Features.Indexing.EventStoreIndexer"}
{"@t":"2023-06-28T20:21:09.1213807Z","@mt":"Wrote {IndexSetCount} index sets in {Elapsed:0.000} ms","@r":["4.000"],"IndexSetCount":0,"Elapsed":4,"SourceContext":"Seq.Server.Features.Indexing.EventStoreIndexer"}
{"@t":"2023-06-28T20:21:09.1215405Z","@mt":"Indexing took {Elapsed} ms; total iteration time was {Iteration} ms","Elapsed":4,"Iteration":4.7577}
{"@t":"2023-06-28T20:21:09.1606064Z","@mt":"Metrics sampled","SystemMemoryUtilization":0.12924789669527237,"ProcessWorkingSetBytes":318308352,"ProcessCpuPercentage":0.14666156675511868,"GCTotalHeapSizeBytes":0,"GCTotalFragmentedBytes":0,"GCPauseTimePercentage":0,"ProcessThreads":33,"ArrivedEventsPerMinute":0,"IngestedEventsPerMinute":0,"IngestedBytesPerMinute":0,"InvalidPayloadsPerMinute":0,"UnauthorizedPayloadsPerMinute":0,"TotalWriteTimeLastMinute":0,"BroadcastQueueCount":0,"BroadcastSubscriptionQueuesAggregateCount":0}
{"@t":"2023-06-28T20:26:09.1592469Z","@mt":"Metrics sampled","SystemMemoryUtilization":0.12924090289908752,"ProcessWorkingSetBytes":318976000,"ProcessCpuPercentage":0.053333541903037865,"GCTotalHeapSizeBytes":0,"GCTotalFragmentedBytes":0,"GCPauseTimePercentage":0,"ProcessThreads":33,"ArrivedEventsPerMinute":0,"IngestedEventsPerMinute":0,"IngestedBytesPerMinute":0,"InvalidPayloadsPerMinute":0,"UnauthorizedPayloadsPerMinute":0,"TotalWriteTimeLastMinute":0,"BroadcastQueueCount":0,"BroadcastSubscriptionQueuesAggregateCount":0}
{"@t":"2023-06-28T20:31:09.1138336Z","@mt":"Applying {Count} retention policies","Count":0,"SourceContext":"Seq.Server.Features.Retention.RetentionPolicyApplier"}
{"@t":"2023-06-28T20:31:09.1143613Z","@mt":"Retention processing and compaction took {Elapsed} ms; allocating {Allocation} ms for indexing","Elapsed":0.5521,"Allocation":599999.4479}
{"@t":"2023-06-28T20:31:09.1146380Z","@mt":"Beginning indexing","SourceContext":"Seq.Server.Features.Indexing.EventStoreIndexer"}
{"@t":"2023-06-28T20:31:09.1193512Z","@mt":"Wrote {IndexSetCount} index sets in {Elapsed:0.000} ms","@r":["4.000"],"IndexSetCount":0,"Elapsed":4,"SourceContext":"Seq.Server.Features.Indexing.EventStoreIndexer"}
{"@t":"2023-06-28T20:31:09.1195257Z","@mt":"Indexing took {Elapsed} ms; total iteration time was {Iteration} ms","Elapsed":4,"Iteration":5.4385}
{"@t":"2023-06-28T20:31:09.1578519Z","@mt":"Metrics sampled","SystemMemoryUtilization":0.12951588624908406,"ProcessWorkingSetBytes":319881216,"ProcessCpuPercentage":0.05000026403472761,"GCTotalHeapSizeBytes":0,"GCTotalFragmentedBytes":0,"GCPauseTimePercentage":0,"ProcessThreads":33,"ArrivedEventsPerMinute":0,"IngestedEventsPerMinute":0,"IngestedBytesPerMinute":0,"InvalidPayloadsPerMinute":0,"UnauthorizedPayloadsPerMinute":0,"TotalWriteTimeLastMinute":0,"BroadcastQueueCount":0,"BroadcastSubscriptionQueuesAggregateCount":0}
{"@t":"2023-06-28T20:36:09.1630512Z","@mt":"Metrics sampled","SystemMemoryUtilization":0.1297279254334167,"ProcessWorkingSetBytes":319934464,"ProcessCpuPercentage":0.07999861557062514,"GCTotalHeapSizeBytes":0,"GCTotalFragmentedBytes":0,"GCPauseTimePercentage":0,"ProcessThreads":32,"ArrivedEventsPerMinute":2,"IngestedEventsPerMinute":2,"IngestedBytesPerMinute":922,"InvalidPayloadsPerMinute":0,"UnauthorizedPayloadsPerMinute":0,"TotalWriteTimeLastMinute":1,"BroadcastQueueCount":0,"BroadcastSubscriptionQueuesAggregateCount":0}
{"@t":"2023-06-28T20:40:46.9991909Z","@mt":"Updated {DocumentId}","DocumentId":"user-admin","SourceContext":"Seq.Server.Web.Api.UsersController","Principal":{"Id":"user-admin","OnBehalfOfUserId":"user-admin"},"ActionId":"30d31911-0379-4b34-b7cb-62af146ba13b","ActionName":"Seq.Server.Web.Api.UsersController.Update (Seq)","RequestId":"0HMRO1HH2UFJ8:00000019","RequestPath":"/api/users/user-admin","ConnectionId":"0HMRO1HH2UFJ8"}
{"@t":"2023-06-28T20:40:47.0037875Z","@mt":"Updating active alerts for owner {UserId}","UserId":"user-admin","SourceContext":"Seq.Server.Features.Alerting.AlertProcessor","Principal":{"Id":"user-admin","OnBehalfOfUserId":"user-admin"},"ActionId":"30d31911-0379-4b34-b7cb-62af146ba13b","ActionName":"Seq.Server.Web.Api.UsersController.Update (Seq)","RequestId":"0HMRO1HH2UFJ8:00000019","RequestPath":"/api/users/user-admin","ConnectionId":"0HMRO1HH2UFJ8"}
{"@t":"2023-06-28T20:41:09.1173796Z","@mt":"Applying {Count} retention policies","Count":0,"SourceContext":"Seq.Server.Features.Retention.RetentionPolicyApplier"}
{"@t":"2023-06-28T20:41:09.1176999Z","@mt":"Retention processing and compaction took {Elapsed} ms; allocating {Allocation} ms for indexing","Elapsed":0.369,"Allocation":599999.631}
{"@t":"2023-06-28T20:41:09.1179079Z","@mt":"Beginning indexing","SourceContext":"Seq.Server.Features.Indexing.EventStoreIndexer"}
{"@t":"2023-06-28T20:41:09.1226485Z","@mt":"Wrote {IndexSetCount} index sets in {Elapsed:0.000} ms","@r":["4.000"],"IndexSetCount":0,"Elapsed":4,"SourceContext":"Seq.Server.Features.Indexing.EventStoreIndexer"}
{"@t":"2023-06-28T20:41:09.1228108Z","@mt":"Indexing took {Elapsed} ms; total iteration time was {Iteration} ms","Elapsed":4,"Iteration":5.2719}
{"@t":"2023-06-28T20:41:09.1716026Z","@mt":"Metrics sampled","SystemMemoryUtilization":0.13049374611566145,"ProcessWorkingSetBytes":322383872,"ProcessCpuPercentage":0.15999544018328657,"GCTotalHeapSizeBytes":0,"GCTotalFragmentedBytes":0,"GCPauseTimePercentage":0,"ProcessThreads":33,"ArrivedEventsPerMinute":8,"IngestedEventsPerMinute":8,"IngestedBytesPerMinute":4678,"InvalidPayloadsPerMinute":0,"UnauthorizedPayloadsPerMinute":0,"TotalWriteTimeLastMinute":1,"BroadcastQueueCount":0,"BroadcastSubscriptionQueuesAggregateCount":0}
{"@t":"2023-06-28T20:46:09.1700755Z","@mt":"Metrics sampled","SystemMemoryUtilization":0.13043588834722286,"ProcessWorkingSetBytes":326135808,"ProcessCpuPercentage":0.06333364214817244,"GCTotalHeapSizeBytes":0,"GCTotalFragmentedBytes":0,"GCPauseTimePercentage":0,"ProcessThreads":32,"ArrivedEventsPerMinute":20,"IngestedEventsPerMinute":20,"IngestedBytesPerMinute":7318,"InvalidPayloadsPerMinute":0,"UnauthorizedPayloadsPerMinute":0,"TotalWriteTimeLastMinute":5,"BroadcastQueueCount":0,"BroadcastSubscriptionQueuesAggregateCount":0}
{"@t":"2023-06-28T20:51:09.1171385Z","@mt":"Applying {Count} retention policies","Count":0,"SourceContext":"Seq.Server.Features.Retention.RetentionPolicyApplier"}
{"@t":"2023-06-28T20:51:09.1175621Z","@mt":"Retention processing and compaction took {Elapsed} ms; allocating {Allocation} ms for indexing","Elapsed":0.4647,"Allocation":599999.5353}
{"@t":"2023-06-28T20:51:09.1178061Z","@mt":"Beginning indexing","SourceContext":"Seq.Server.Features.Indexing.EventStoreIndexer"}
{"@t":"2023-06-28T20:51:09.1228918Z","@mt":"Wrote {IndexSetCount} index sets in {Elapsed:0.000} ms","@r":["4.000"],"IndexSetCount":0,"Elapsed":4,"SourceContext":"Seq.Server.Features.Indexing.EventStoreIndexer"}
{"@t":"2023-06-28T20:51:09.1230388Z","@mt":"Indexing took {Elapsed} ms; total iteration time was {Iteration} ms","Elapsed":5,"Iteration":5.6973}
{"@t":"2023-06-28T20:51:09.1732070Z","@mt":"Metrics sampled","SystemMemoryUtilization":0.13051695280300224,"ProcessWorkingSetBytes":325246976,"ProcessCpuPercentage":0.05666606934962965,"GCTotalHeapSizeBytes":0,"GCTotalFragmentedBytes":0,"GCPauseTimePercentage":0,"ProcessThreads":33,"ArrivedEventsPerMinute":0,"IngestedEventsPerMinute":0,"IngestedBytesPerMinute":0,"InvalidPayloadsPerMinute":0,"UnauthorizedPayloadsPerMinute":0,"TotalWriteTimeLastMinute":0,"BroadcastQueueCount":0,"BroadcastSubscriptionQueuesAggregateCount":0}
{"@t":"2023-06-28T20:53:37.0696926Z","@mt":"Termination signal received"}
{"@t":"2023-06-28T20:53:37.0824271Z","@mt":"Signalling for {Workers} worker task(s) to complete","Workers":1,"SourceContext":"Seq.Engine.Workers.WorkerPool"}
{"@t":"2023-06-28T20:53:37.9099291Z","@mt":"Work {WorkDescription} ({WorkId}) observed cancellation and completed","WorkDescription":"Monitor alerts and trigger notifications","WorkId":"9d4c4bf1-0bed-4a86-a504-15a18fe726bb","SourceContext":"Seq.Engine.Workers.WorkerPool"}
{"@t":"2023-06-28T20:53:37.9849474Z","@mt":"Stopping {Tasks} scheduled tasks","Tasks":13,"SourceContext":"Seq.Server.Tasks.TaskRunner"}
{"@t":"2023-06-28T20:53:37.9868723Z","@mt":"Stopping input channel","SourceContext":"Seq.Server.Features.Apps.Inputs.InputChannel"}
{"@t":"2023-06-28T20:53:38.8666341Z","@mt":"Shutting down input channel; {AcceptedCount} queued events will be written","AcceptedCount":0,"SourceContext":"Seq.Server.Features.Apps.Inputs.InputChannel"}
{"@t":"2023-06-28T20:53:38.8673208Z","@mt":"Stopping broadcast channel","SourceContext":"Seq.Engine.Broadcast.BroadcastChannel"}
{"@t":"2023-06-28T20:53:39.8527117Z","@mt":"Shutting down broadcast channel with {AllowableFlush} flushable event batches (+{Tolerance} tolerance)","AllowableFlush":0,"Tolerance":15,"SourceContext":"Seq.Engine.Broadcast.BroadcastChannel"}
{"@t":"2023-06-28T20:53:39.8545660Z","@mt":"Closing event store","SourceContext":"Seq.Engine.Cluster.StorageNodeCoordinator"}
{"@t":"2023-06-28T20:53:39.8594272Z","@mt":"Closing metastore","SourceContext":"Quince.Storage.Native.NativeDocumentStore"}
{"@t":"2023-06-28T20:53:39.8620526Z","@mt":"Server stopped cleanly"}
